TN:
SF:src\index.ts
FN:24,(anonymous_1)
FN:96,(anonymous_2)
FN:111,(anonymous_3)
FNF:3
FNH:0
FNDA:0,(anonymous_1)
FNDA:0,(anonymous_2)
FNDA:0,(anonymous_3)
DA:1,0
DA:2,0
DA:3,0
DA:4,0
DA:5,0
DA:6,0
DA:7,0
DA:8,0
DA:9,0
DA:10,0
DA:11,0
DA:12,0
DA:14,0
DA:16,0
DA:17,0
DA:20,0
DA:21,0
DA:24,0
DA:25,0
DA:96,0
DA:97,0
DA:101,0
DA:102,0
DA:103,0
DA:104,0
DA:105,0
DA:106,0
DA:107,0
DA:108,0
DA:109,0
DA:111,0
DA:112,0
LF:32
LH:0
BRDA:17,0,0,0
BRDA:17,0,1,0
BRF:2
BRH:0
end_of_record
TN:
SF:src\config\supabase.ts
FN:14,getSupabaseClient
FN:21,getSupabaseAdminClient
FNF:2
FNH:1
FNDA:1,getSupabaseClient
FNDA:0,getSupabaseAdminClient
DA:1,4
DA:2,4
DA:4,4
DA:6,4
DA:7,4
DA:8,4
DA:10,4
DA:11,0
DA:14,4
DA:15,1
DA:16,0
DA:18,1
DA:21,4
DA:22,0
DA:23,0
DA:25,0
LF:16
LH:11
BRDA:10,0,0,0
BRDA:10,0,1,4
BRDA:10,1,0,4
BRDA:10,1,1,4
BRDA:15,2,0,0
BRDA:15,2,1,1
BRDA:15,3,0,1
BRDA:15,3,1,1
BRDA:22,4,0,0
BRDA:22,4,1,0
BRDA:22,5,0,0
BRDA:22,5,1,0
BRF:12
BRH:6
end_of_record
TN:
SF:src\lib\cache.ts
FN:16,(anonymous_0)
FN:21,(anonymous_1)
FN:27,(anonymous_2)
FN:46,(anonymous_3)
FN:65,(anonymous_4)
FN:72,(anonymous_5)
FN:79,(anonymous_6)
FN:89,(anonymous_7)
FN:97,(anonymous_8)
FN:107,(anonymous_9)
FN:113,(anonymous_10)
FNF:11
FNH:1
FNDA:1,(anonymous_0)
FNDA:0,(anonymous_1)
FNDA:0,(anonymous_2)
FNDA:0,(anonymous_3)
FNDA:0,(anonymous_4)
FNDA:0,(anonymous_5)
FNDA:0,(anonymous_6)
FNDA:0,(anonymous_7)
FNDA:0,(anonymous_8)
FNDA:0,(anonymous_9)
FNDA:0,(anonymous_10)
DA:17,1
DA:18,1
DA:21,1
DA:28,0
DA:30,0
DA:31,0
DA:34,0
DA:35,0
DA:36,0
DA:37,0
DA:40,0
DA:48,0
DA:49,0
DA:50,0
DA:51,0
DA:55,0
DA:66,0
DA:73,0
DA:80,0
DA:81,0
DA:83,0
DA:84,0
DA:85,0
DA:89,0
DA:90,0
DA:98,0
DA:99,0
DA:101,0
DA:102,0
DA:103,0
DA:107,0
DA:114,0
DA:122,1
DA:126,1
LF:34
LH:5
BRDA:16,0,0,0
BRDA:30,1,0,0
BRDA:30,1,1,0
BRDA:35,2,0,0
BRDA:35,2,1,0
BRDA:46,3,0,0
BRDA:48,4,0,0
BRDA:48,4,1,0
BRDA:50,5,0,0
BRDA:50,5,1,0
BRDA:84,6,0,0
BRDA:84,6,1,0
BRDA:84,7,0,0
BRDA:84,7,1,0
BRDA:90,8,0,0
BRDA:90,8,1,0
BRDA:102,9,0,0
BRDA:102,9,1,0
BRF:18
BRH:0
end_of_record
TN:
SF:src\lib\prisma.ts
FN:20,(anonymous_0)
FNF:1
FNH:0
FNDA:0,(anonymous_0)
DA:1,2
DA:5,2
DA:9,2
DA:15,2
DA:16,2
DA:20,2
DA:21,0
LF:7
LH:6
BRDA:10,0,0,2
BRDA:10,0,1,2
BRDA:12,1,0,0
BRDA:12,1,1,2
BRDA:15,2,0,2
BRDA:15,2,1,0
BRF:6
BRH:4
end_of_record
TN:
SF:src\middleware\auth.ts
FN:17,authenticateToken
FN:49,optionalAuth
FNF:2
FNH:2
FNDA:20,authenticateToken
FNDA:4,optionalAuth
DA:2,3
DA:17,3
DA:22,20
DA:23,20
DA:24,20
DA:26,20
DA:27,16
DA:30,4
DA:31,4
DA:33,3
DA:34,2
DA:37,1
DA:42,1
DA:44,1
DA:45,1
DA:49,3
DA:54,4
DA:55,4
DA:56,4
DA:58,4
DA:59,3
DA:60,3
DA:62,2
DA:63,1
DA:70,3
DA:73,1
LF:26
LH:26
BRDA:24,0,0,20
BRDA:24,0,1,5
BRDA:26,1,0,16
BRDA:26,1,1,4
BRDA:33,2,0,2
BRDA:33,2,1,1
BRDA:33,3,0,3
BRDA:33,3,1,2
BRDA:56,4,0,4
BRDA:56,4,1,3
BRDA:58,5,0,3
BRDA:58,5,1,1
BRDA:62,6,0,1
BRDA:62,6,1,1
BRF:14
BRH:14
end_of_record
TN:
SF:src\middleware\compression.ts
FN:8,compressionMiddleware
FN:9,(anonymous_10)
FN:20,(anonymous_11)
FN:41,selectiveCompressionMiddleware
FN:42,(anonymous_13)
FN:51,(anonymous_14)
FNF:6
FNH:6
FNDA:7,compressionMiddleware
FNDA:7,(anonymous_10)
FNDA:5,(anonymous_11)
FNDA:4,selectiveCompressionMiddleware
FNDA:4,(anonymous_13)
FNDA:3,(anonymous_14)
DA:6,1
DA:8,1
DA:9,7
DA:11,7
DA:13,7
DA:14,2
DA:18,5
DA:20,5
DA:22,5
DA:23,5
DA:26,5
DA:27,5
DA:30,5
DA:31,5
DA:34,5
DA:41,1
DA:42,4
DA:43,4
DA:45,4
DA:46,1
DA:49,3
DA:51,3
DA:52,3
DA:55,3
DA:56,1
DA:57,1
DA:58,1
DA:59,1
DA:60,1
DA:64,2
DA:67,3
LF:31
LH:31
BRDA:11,0,0,7
BRDA:11,0,1,1
BRDA:13,1,0,2
BRDA:13,1,1,5
BRDA:43,2,0,4
BRDA:43,2,1,0
BRDA:45,3,0,1
BRDA:45,3,1,3
BRDA:55,4,0,1
BRDA:55,4,1,2
BRF:10
BRH:9
end_of_record
TN:
SF:src\middleware\rateLimiter.ts
FN:16,(anonymous_0)
FN:22,(anonymous_1)
FN:25,(anonymous_2)
FN:26,(anonymous_3)
FN:56,(anonymous_4)
FN:66,(anonymous_5)
FNF:6
FNH:3
FNDA:8,(anonymous_0)
FNDA:0,(anonymous_1)
FNDA:9,(anonymous_2)
FNDA:1207,(anonymous_3)
FNDA:0,(anonymous_4)
FNDA:0,(anonymous_5)
DA:17,8
DA:18,8
DA:19,8
DA:22,8
DA:26,9
DA:28,1207
DA:29,1207
DA:31,1207
DA:34,1207
DA:35,5
DA:39,5
DA:43,1202
DA:44,5
DA:51,1197
DA:52,1197
DA:57,0
DA:58,0
DA:60,0
DA:61,0
DA:62,0
DA:66,0
DA:72,2
DA:73,2
DA:74,2
DA:75,2
LF:25
LH:19
BRDA:16,0,0,0
BRDA:16,1,0,0
BRDA:28,2,0,1207
BRDA:28,2,1,1206
BRDA:28,2,2,0
BRDA:34,3,0,5
BRDA:34,3,1,1202
BRDA:34,4,0,1207
BRDA:34,4,1,1202
BRDA:43,5,0,5
BRDA:43,5,1,1197
BRDA:61,6,0,0
BRDA:61,6,1,0
BRF:13
BRH:8
end_of_record
TN:
SF:src\middleware\requestValidator.ts
FN:21,(anonymous_0)
FN:70,(anonymous_1)
FN:89,(anonymous_2)
FN:114,(anonymous_3)
FNF:4
FNH:0
FNDA:0,(anonymous_0)
FNDA:0,(anonymous_1)
FNDA:0,(anonymous_2)
FNDA:0,(anonymous_3)
DA:7,1
DA:21,1
DA:22,0
DA:25,0
DA:26,0
DA:28,0
DA:29,0
DA:35,0
DA:36,0
DA:42,0
DA:43,0
DA:49,0
DA:50,0
DA:51,0
DA:55,0
DA:56,0
DA:57,0
DA:64,0
DA:70,1
DA:71,0
DA:73,0
DA:74,0
DA:77,0
DA:78,0
DA:83,0
DA:89,1
DA:90,0
DA:92,0
DA:93,0
DA:96,0
DA:97,0
DA:102,0
DA:103,0
DA:108,0
DA:114,1
DA:115,0
DA:117,0
DA:118,0
DA:123,0
DA:124,0
DA:129,0
DA:132,1
LF:42
LH:6
BRDA:25,0,0,0
BRDA:25,0,1,0
BRDA:25,1,0,0
BRDA:25,1,1,0
BRDA:28,2,0,0
BRDA:28,2,1,0
BRDA:35,3,0,0
BRDA:35,3,1,0
BRDA:35,4,0,0
BRDA:35,4,1,0
BRDA:35,4,2,0
BRDA:42,5,0,0
BRDA:42,5,1,0
BRDA:42,6,0,0
BRDA:42,6,1,0
BRDA:42,6,2,0
BRDA:49,7,0,0
BRDA:49,7,1,0
BRDA:49,8,0,0
BRDA:49,8,1,0
BRDA:50,9,0,0
BRDA:50,9,1,0
BRDA:56,10,0,0
BRDA:56,10,1,0
BRDA:56,11,0,0
BRDA:56,11,1,0
BRDA:73,12,0,0
BRDA:73,12,1,0
BRDA:73,13,0,0
BRDA:73,13,1,0
BRDA:77,14,0,0
BRDA:77,14,1,0
BRDA:92,15,0,0
BRDA:92,15,1,0
BRDA:92,16,0,0
BRDA:92,16,1,0
BRDA:96,17,0,0
BRDA:96,17,1,0
BRDA:102,18,0,0
BRDA:102,18,1,0
BRDA:102,19,0,0
BRDA:102,19,1,0
BRDA:102,19,2,0
BRDA:117,20,0,0
BRDA:117,20,1,0
BRDA:117,21,0,0
BRDA:117,21,1,0
BRDA:117,21,2,0
BRDA:123,22,0,0
BRDA:123,22,1,0
BRDA:123,23,0,0
BRDA:123,23,1,0
BRDA:123,23,2,0
BRF:53
BRH:0
end_of_record
TN:
SF:src\routes\auth.ts
FN:12,(anonymous_0)
FN:149,(anonymous_1)
FN:205,(anonymous_2)
FN:229,(anonymous_3)
FN:276,(anonymous_4)
FN:318,(anonymous_5)
FNF:6
FNH:4
FNDA:6,(anonymous_0)
FNDA:5,(anonymous_1)
FNDA:3,(anonymous_2)
FNDA:2,(anonymous_3)
FNDA:0,(anonymous_4)
FNDA:0,(anonymous_5)
DA:1,1
DA:2,1
DA:3,1
DA:4,1
DA:6,1
DA:12,1
DA:13,6
DA:14,6
DA:17,6
DA:18,3
DA:24,3
DA:25,3
DA:26,0
DA:32,3
DA:33,0
DA:39,3
DA:40,0
DA:45,3
DA:46,0
DA:51,3
DA:52,0
DA:57,3
DA:58,0
DA:64,3
DA:65,2
DA:70,1
DA:71,1
DA:77,0
DA:81,0
DA:82,0
DA:88,0
DA:89,0
DA:99,0
DA:100,0
DA:101,0
DA:107,0
DA:108,0
DA:118,0
DA:129,0
DA:132,0
DA:134,0
DA:140,0
DA:141,0
DA:149,1
DA:150,5
DA:151,5
DA:153,5
DA:154,2
DA:159,3
DA:160,3
DA:165,2
DA:166,2
DA:172,0
DA:183,0
DA:184,0
DA:189,0
DA:196,1
DA:197,1
DA:205,1
DA:206,3
DA:207,3
DA:208,3
DA:210,3
DA:211,1
DA:214,2
DA:215,2
DA:217,1
DA:220,1
DA:221,1
DA:229,1
DA:230,2
DA:231,2
DA:232,2
DA:234,2
DA:235,1
DA:238,1
DA:239,1
DA:241,1
DA:242,1
DA:246,0
DA:258,0
DA:259,0
DA:262,0
DA:265,0
DA:266,0
DA:270,1
DA:276,1
DA:277,0
DA:278,0
DA:279,0
DA:281,0
DA:282,0
DA:286,0
DA:287,0
DA:288,0
DA:293,0
DA:294,0
DA:296,0
DA:299,0
DA:300,0
DA:301,0
DA:305,0
DA:307,0
DA:309,0
DA:310,0
DA:318,1
DA:319,0
DA:320,0
DA:321,0
DA:323,0
DA:324,0
DA:328,0
DA:329,0
DA:332,0
DA:333,0
DA:334,0
DA:338,0
DA:339,0
DA:340,0
DA:341,0
DA:346,0
DA:347,0
DA:349,0
DA:352,0
DA:353,0
DA:354,0
DA:357,0
DA:359,0
DA:360,0
LF:129
LH:56
BRDA:17,0,0,3
BRDA:17,0,1,3
BRDA:17,1,0,6
BRDA:17,1,1,5
BRDA:17,1,2,4
BRDA:25,2,0,0
BRDA:25,2,1,3
BRDA:32,3,0,0
BRDA:32,3,1,3
BRDA:39,4,0,0
BRDA:39,4,1,3
BRDA:45,5,0,0
BRDA:45,5,1,3
BRDA:51,6,0,0
BRDA:51,6,1,3
BRDA:57,7,0,0
BRDA:57,7,1,3
BRDA:64,8,0,2
BRDA:64,8,1,1
BRDA:64,9,0,3
BRDA:64,9,1,2
BRDA:70,10,0,1
BRDA:70,10,1,0
BRDA:81,11,0,0
BRDA:81,11,1,0
BRDA:99,12,0,0
BRDA:99,12,1,0
BRDA:99,13,0,0
BRDA:99,13,1,0
BRDA:102,14,0,0
BRDA:102,14,1,0
BRDA:153,15,0,2
BRDA:153,15,1,3
BRDA:153,16,0,5
BRDA:153,16,1,4
BRDA:165,17,0,2
BRDA:165,17,1,0
BRDA:165,18,0,2
BRDA:165,18,1,1
BRDA:183,19,0,0
BRDA:183,19,1,0
BRDA:208,20,0,3
BRDA:208,20,1,2
BRDA:210,21,0,1
BRDA:210,21,1,2
BRDA:232,22,0,2
BRDA:232,22,1,1
BRDA:234,23,0,1
BRDA:234,23,1,1
BRDA:241,24,0,1
BRDA:241,24,1,0
BRDA:241,25,0,1
BRDA:241,25,1,0
BRDA:258,26,0,0
BRDA:258,26,1,0
BRDA:281,27,0,0
BRDA:281,27,1,0
BRDA:281,28,0,0
BRDA:281,28,1,0
BRDA:287,29,0,0
BRDA:287,29,1,0
BRDA:287,30,0,0
BRDA:287,30,1,0
BRDA:300,31,0,0
BRDA:300,31,1,0
BRDA:301,32,0,0
BRDA:301,32,1,0
BRDA:323,33,0,0
BRDA:323,33,1,0
BRDA:323,34,0,0
BRDA:323,34,1,0
BRDA:328,35,0,0
BRDA:328,35,1,0
BRDA:328,36,0,0
BRDA:328,36,1,0
BRDA:328,36,2,0
BRDA:328,36,3,0
BRDA:333,37,0,0
BRDA:333,37,1,0
BRDA:340,38,0,0
BRDA:340,38,1,0
BRDA:353,39,0,0
BRDA:353,39,1,0
BRDA:354,40,0,0
BRDA:354,40,1,0
BRF:85
BRH:33
end_of_record
TN:
SF:src\routes\comments.ts
FN:16,(anonymous_9)
FN:65,(anonymous_10)
FN:127,(anonymous_11)
FN:174,(anonymous_12)
FN:195,(anonymous_13)
FN:211,(anonymous_14)
FN:229,(anonymous_15)
FN:266,(anonymous_16)
FN:287,(anonymous_17)
FN:365,(anonymous_18)
FN:434,(anonymous_19)
FN:438,(anonymous_20)
FN:460,(anonymous_21)
FN:518,(anonymous_22)
FNF:14
FNH:13
FNDA:3,(anonymous_9)
FNDA:1,(anonymous_10)
FNDA:4,(anonymous_11)
FNDA:1,(anonymous_12)
FNDA:1,(anonymous_13)
FNDA:1,(anonymous_14)
FNDA:1,(anonymous_15)
FNDA:0,(anonymous_16)
FNDA:3,(anonymous_17)
FNDA:6,(anonymous_18)
FNDA:2,(anonymous_19)
FNDA:2,(anonymous_20)
FNDA:5,(anonymous_21)
FNDA:4,(anonymous_22)
DA:1,1
DA:2,1
DA:3,1
DA:4,1
DA:6,1
DA:10,1
DA:16,1
DA:17,3
DA:18,3
DA:19,3
DA:20,1
DA:23,2
DA:24,2
DA:25,2
DA:28,2
DA:64,2
DA:66,1
DA:76,1
DA:77,1
DA:78,1
DA:87,1
DA:90,1
DA:99,2
DA:108,2
DA:118,0
DA:119,0
DA:127,1
DA:128,4
DA:129,4
DA:130,4
DA:132,4
DA:133,1
DA:137,3
DA:140,3
DA:141,3
DA:142,1
DA:146,2
DA:150,2
DA:151,1
DA:155,1
DA:174,1
DA:177,1
DA:194,1
DA:195,1
DA:198,1
DA:210,1
DA:211,1
DA:212,1
DA:216,1
DA:217,1
DA:218,1
DA:229,1
DA:230,1
DA:235,1
DA:236,1
DA:239,1
DA:240,1
DA:252,1
DA:253,1
DA:255,1
DA:258,0
DA:259,0
DA:260,0
DA:266,1
DA:267,0
DA:270,1
DA:273,1
DA:275,1
DA:278,0
DA:279,0
DA:287,1
DA:288,3
DA:289,3
DA:291,3
DA:292,1
DA:295,2
DA:320,2
DA:321,1
DA:325,1
DA:335,1
DA:336,1
DA:337,1
DA:346,1
DA:349,1
DA:356,0
DA:357,0
DA:365,1
DA:366,6
DA:367,6
DA:368,6
DA:370,6
DA:371,1
DA:377,5
DA:381,5
DA:382,0
DA:388,5
DA:392,5
DA:393,1
DA:397,4
DA:398,3
DA:402,3
DA:403,1
DA:407,2
DA:408,1
DA:415,2
DA:434,4
DA:435,2
DA:438,4
DA:439,2
DA:441,2
DA:451,0
DA:452,0
DA:460,1
DA:461,5
DA:462,5
DA:463,5
DA:465,5
DA:466,1
DA:469,4
DA:470,1
DA:474,3
DA:478,3
DA:479,1
DA:482,2
DA:483,1
DA:489,1
DA:506,1
DA:509,0
DA:510,0
DA:518,1
DA:519,4
DA:520,4
DA:522,4
DA:523,1
DA:527,3
DA:531,3
DA:532,1
DA:535,2
DA:536,1
DA:542,1
DA:546,1
DA:552,0
DA:553,0
DA:557,1
LF:144
LH:127
BRDA:19,0,0,1
BRDA:19,0,1,2
BRDA:23,1,0,2
BRDA:23,1,1,1
BRDA:24,2,0,2
BRDA:24,2,1,1
BRDA:77,3,0,1
BRDA:77,3,1,0
BRDA:87,4,0,1
BRDA:87,4,1,0
BRDA:92,5,0,1
BRDA:92,5,1,0
BRDA:132,6,0,1
BRDA:132,6,1,3
BRDA:141,7,0,1
BRDA:141,7,1,2
BRDA:150,8,0,1
BRDA:150,8,1,1
BRDA:198,9,0,1
BRDA:198,9,1,0
BRDA:212,10,0,1
BRDA:212,10,1,0
BRDA:217,11,0,1
BRDA:217,11,1,0
BRDA:217,12,0,1
BRDA:217,12,1,1
BRDA:242,13,0,1
BRDA:242,13,1,0
BRDA:243,14,0,1
BRDA:243,14,1,0
BRDA:253,15,0,1
BRDA:253,15,1,0
BRDA:259,16,0,0
BRDA:259,16,1,0
BRDA:291,17,0,1
BRDA:291,17,1,2
BRDA:320,18,0,1
BRDA:320,18,1,1
BRDA:336,19,0,1
BRDA:336,19,1,0
BRDA:346,20,0,1
BRDA:346,20,1,0
BRDA:351,21,0,1
BRDA:351,21,1,0
BRDA:370,22,0,1
BRDA:370,22,1,5
BRDA:370,23,0,6
BRDA:370,23,1,6
BRDA:381,24,0,0
BRDA:381,24,1,5
BRDA:392,25,0,1
BRDA:392,25,1,4
BRDA:397,26,0,3
BRDA:397,26,1,1
BRDA:402,27,0,1
BRDA:402,27,1,2
BRDA:407,28,0,1
BRDA:407,28,1,1
BRDA:420,29,0,1
BRDA:420,29,1,1
BRDA:465,30,0,1
BRDA:465,30,1,4
BRDA:469,31,0,1
BRDA:469,31,1,3
BRDA:478,32,0,1
BRDA:478,32,1,2
BRDA:482,33,0,1
BRDA:482,33,1,1
BRDA:522,34,0,1
BRDA:522,34,1,3
BRDA:531,35,0,1
BRDA:531,35,1,2
BRDA:535,36,0,1
BRDA:535,36,1,1
BRF:74
BRH:59
end_of_record
TN:
SF:src\routes\communities.ts
FN:11,(anonymous_0)
FN:59,(anonymous_1)
FN:97,(anonymous_2)
FN:155,(anonymous_3)
FN:205,(anonymous_4)
FN:245,(anonymous_5)
FNF:6
FNH:6
FNDA:3,(anonymous_0)
FNDA:3,(anonymous_1)
FNDA:5,(anonymous_2)
FNDA:4,(anonymous_3)
FNDA:4,(anonymous_4)
FNDA:4,(anonymous_5)
DA:1,1
DA:2,1
DA:3,1
DA:5,1
DA:11,1
DA:12,3
DA:13,3
DA:14,3
DA:15,3
DA:17,3
DA:39,2
DA:50,1
DA:51,1
DA:59,1
DA:60,3
DA:61,3
DA:63,3
DA:81,2
DA:82,1
DA:85,1
DA:88,1
DA:89,1
DA:97,1
DA:98,5
DA:99,5
DA:101,5
DA:102,1
DA:108,4
DA:109,1
DA:115,3
DA:119,3
DA:120,1
DA:126,2
DA:143,1
DA:146,1
DA:147,1
DA:155,1
DA:156,4
DA:157,4
DA:158,4
DA:161,4
DA:165,4
DA:166,1
DA:170,3
DA:171,1
DA:177,2
DA:193,1
DA:196,1
DA:197,1
DA:205,1
DA:206,4
DA:207,4
DA:210,4
DA:214,4
DA:215,1
DA:219,3
DA:220,1
DA:226,2
DA:230,1
DA:236,1
DA:237,1
DA:245,1
DA:246,4
DA:247,4
DA:248,4
DA:249,4
DA:250,4
DA:253,4
DA:257,4
DA:258,1
DA:262,3
DA:295,2
DA:306,1
DA:307,1
DA:311,1
LF:75
LH:75
BRDA:13,0,0,3
BRDA:13,0,1,2
BRDA:14,1,0,3
BRDA:14,1,1,2
BRDA:81,2,0,1
BRDA:81,2,1,1
BRDA:101,3,0,1
BRDA:101,3,1,4
BRDA:101,4,0,5
BRDA:101,4,1,4
BRDA:108,5,0,1
BRDA:108,5,1,3
BRDA:119,6,0,1
BRDA:119,6,1,2
BRDA:130,7,0,2
BRDA:130,7,1,1
BRDA:165,8,0,1
BRDA:165,8,1,3
BRDA:170,9,0,1
BRDA:170,9,1,2
BRDA:180,10,0,2
BRDA:180,10,1,2
BRDA:181,11,0,2
BRDA:181,11,1,1
BRDA:214,12,0,1
BRDA:214,12,1,3
BRDA:219,13,0,1
BRDA:219,13,1,2
BRDA:248,14,0,4
BRDA:248,14,1,3
BRDA:249,15,0,4
BRDA:249,15,1,3
BRDA:257,16,0,1
BRDA:257,16,1,3
BRF:34
BRH:34
end_of_record
TN:
SF:src\routes\follows.ts
FN:11,(anonymous_0)
FN:63,(anonymous_1)
FN:95,(anonymous_2)
FN:129,(anonymous_3)
FN:167,(anonymous_4)
FN:185,(anonymous_5)
FN:223,(anonymous_6)
FN:241,(anonymous_7)
FN:254,(anonymous_8)
FN:293,(anonymous_9)
FNF:10
FNH:10
FNDA:5,(anonymous_0)
FNDA:3,(anonymous_1)
FNDA:4,(anonymous_2)
FNDA:4,(anonymous_3)
FNDA:1,(anonymous_4)
FNDA:3,(anonymous_5)
FNDA:1,(anonymous_6)
FNDA:4,(anonymous_7)
FNDA:3,(anonymous_8)
FNDA:1,(anonymous_9)
DA:1,1
DA:2,1
DA:3,1
DA:5,1
DA:11,1
DA:12,5
DA:13,5
DA:14,5
DA:17,5
DA:22,4
DA:23,1
DA:26,3
DA:27,1
DA:31,2
DA:40,2
DA:41,1
DA:45,1
DA:52,1
DA:54,1
DA:55,1
DA:63,1
DA:64,3
DA:65,3
DA:66,3
DA:68,3
DA:73,2
DA:74,1
DA:77,1
DA:84,1
DA:86,1
DA:87,1
DA:95,1
DA:96,4
DA:97,4
DA:98,4
DA:100,4
DA:105,3
DA:106,1
DA:109,2
DA:118,2
DA:120,1
DA:121,1
DA:129,1
DA:130,4
DA:131,4
DA:132,4
DA:133,4
DA:134,4
DA:136,4
DA:141,3
DA:142,1
DA:145,2
DA:166,2
DA:167,1
DA:176,1
DA:177,1
DA:185,1
DA:186,3
DA:187,3
DA:188,3
DA:189,3
DA:190,3
DA:192,3
DA:197,2
DA:198,1
DA:201,1
DA:222,1
DA:223,1
DA:232,1
DA:233,1
DA:241,1
DA:242,4
DA:243,4
DA:244,4
DA:245,4
DA:246,4
DA:249,4
DA:254,3
DA:256,3
DA:257,1
DA:264,2
DA:292,2
DA:294,1
DA:311,1
DA:320,2
DA:330,1
DA:331,1
DA:335,1
LF:88
LH:88
BRDA:22,0,0,1
BRDA:22,0,1,3
BRDA:26,1,0,1
BRDA:26,1,1,2
BRDA:40,2,0,1
BRDA:40,2,1,1
BRDA:73,3,0,1
BRDA:73,3,1,1
BRDA:105,4,0,1
BRDA:105,4,1,2
BRDA:132,5,0,4
BRDA:132,5,1,3
BRDA:133,6,0,4
BRDA:133,6,1,3
BRDA:141,7,0,1
BRDA:141,7,1,2
BRDA:188,8,0,3
BRDA:188,8,1,3
BRDA:189,9,0,3
BRDA:189,9,1,3
BRDA:197,10,0,1
BRDA:197,10,1,1
BRDA:244,11,0,4
BRDA:244,11,1,3
BRDA:245,12,0,4
BRDA:245,12,1,3
BRDA:256,13,0,1
BRDA:256,13,1,2
BRDA:313,14,0,1
BRDA:313,14,1,0
BRDA:315,15,0,1
BRDA:315,15,1,0
BRF:32
BRH:30
end_of_record
TN:
SF:src\routes\polls.ts
FN:11,(anonymous_0)
FN:44,(anonymous_1)
FN:50,(anonymous_2)
FN:66,(anonymous_3)
FN:144,(anonymous_4)
FNF:5
FNH:5
FNDA:5,(anonymous_0)
FNDA:3,(anonymous_1)
FNDA:3,(anonymous_2)
FNDA:8,(anonymous_3)
FNDA:4,(anonymous_4)
DA:1,1
DA:2,1
DA:3,1
DA:5,1
DA:11,1
DA:12,5
DA:13,5
DA:15,5
DA:16,1
DA:19,4
DA:37,3
DA:38,1
DA:42,2
DA:44,3
DA:50,3
DA:55,2
DA:57,1
DA:58,1
DA:66,1
DA:67,8
DA:68,8
DA:69,8
DA:71,8
DA:72,1
DA:75,7
DA:76,7
DA:77,1
DA:81,6
DA:88,5
DA:89,1
DA:93,4
DA:94,1
DA:98,3
DA:111,3
DA:112,1
DA:115,1
DA:119,2
DA:120,1
DA:126,2
DA:133,2
DA:135,1
DA:136,1
DA:144,1
DA:145,4
DA:146,4
DA:147,4
DA:149,4
DA:150,1
DA:153,3
DA:165,2
DA:167,1
DA:168,1
DA:172,1
LF:53
LH:53
BRDA:15,0,0,1
BRDA:15,0,1,4
BRDA:37,1,0,1
BRDA:37,1,1,2
BRDA:52,2,0,2
BRDA:52,2,1,0
BRDA:71,3,0,1
BRDA:71,3,1,7
BRDA:76,4,0,1
BRDA:76,4,1,6
BRDA:88,5,0,1
BRDA:88,5,1,4
BRDA:93,6,0,1
BRDA:93,6,1,3
BRDA:93,7,0,4
BRDA:93,7,1,4
BRDA:111,8,0,1
BRDA:111,8,1,2
BRDA:111,9,0,3
BRDA:111,9,1,2
BRDA:119,10,0,1
BRDA:119,10,1,1
BRDA:136,11,0,1
BRDA:136,11,1,0
BRDA:149,12,0,1
BRDA:149,12,1,3
BRDA:165,13,0,2
BRDA:165,13,1,1
BRF:28
BRH:26
end_of_record
TN:
SF:src\routes\posts.ts
FN:17,(anonymous_9)
FN:48,(anonymous_10)
FN:79,(anonymous_11)
FN:107,(anonymous_12)
FN:174,(anonymous_13)
FN:184,(anonymous_14)
FN:218,(anonymous_15)
FN:258,(anonymous_16)
FN:279,generateAISummaryAsync
FN:312,(anonymous_18)
FN:341,(anonymous_19)
FN:396,isValidUrl
FN:409,(anonymous_21)
FN:445,(anonymous_22)
FNF:14
FNH:0
FNDA:0,(anonymous_9)
FNDA:0,(anonymous_10)
FNDA:0,(anonymous_11)
FNDA:0,(anonymous_12)
FNDA:0,(anonymous_13)
FNDA:0,(anonymous_14)
FNDA:0,(anonymous_15)
FNDA:0,(anonymous_16)
FNDA:0,generateAISummaryAsync
FNDA:0,(anonymous_18)
FNDA:0,(anonymous_19)
FNDA:0,isValidUrl
FNDA:0,(anonymous_21)
FNDA:0,(anonymous_22)
DA:1,1
DA:2,1
DA:3,1
DA:4,1
DA:5,1
DA:6,1
DA:7,1
DA:8,1
DA:9,1
DA:11,1
DA:17,1
DA:18,0
DA:19,0
DA:20,0
DA:21,0
DA:24,0
DA:27,0
DA:28,0
DA:29,0
DA:32,0
DA:35,0
DA:37,0
DA:39,0
DA:40,0
DA:48,1
DA:49,0
DA:50,0
DA:51,0
DA:52,0
DA:55,0
DA:58,0
DA:59,0
DA:60,0
DA:63,0
DA:66,0
DA:68,0
DA:70,0
DA:71,0
DA:79,1
DA:80,0
DA:81,0
DA:82,0
DA:83,0
DA:86,0
DA:87,0
DA:88,0
DA:90,0
DA:92,0
DA:94,0
DA:95,0
DA:107,1
DA:108,0
DA:109,0
DA:110,0
DA:113,0
DA:116,0
DA:117,0
DA:119,0
DA:122,0
DA:123,0
DA:126,0
DA:129,0
DA:130,0
DA:131,0
DA:132,0
DA:133,0
DA:140,0
DA:145,0
DA:146,0
DA:158,0
DA:166,0
DA:167,0
DA:173,0
DA:174,0
DA:181,0
DA:184,0
DA:185,0
DA:187,0
DA:194,0
DA:196,0
DA:198,0
DA:201,0
DA:205,0
DA:208,0
DA:213,0
DA:214,0
DA:218,1
DA:219,0
DA:220,0
DA:221,0
DA:224,0
DA:227,0
DA:228,0
DA:229,0
DA:233,0
DA:236,0
DA:238,0
DA:241,0
DA:244,0
DA:245,0
DA:249,0
DA:250,0
DA:256,0
DA:258,0
DA:259,0
DA:263,0
DA:269,0
DA:271,0
DA:273,0
DA:274,0
DA:280,0
DA:281,0
DA:282,0
DA:295,0
DA:303,0
DA:304,0
DA:311,0
DA:312,0
DA:320,0
DA:323,0
DA:330,0
DA:332,0
DA:341,1
DA:342,0
DA:351,0
DA:354,0
DA:355,0
DA:359,0
DA:360,0
DA:361,0
DA:365,0
DA:366,0
DA:368,0
DA:369,0
DA:373,0
DA:374,0
DA:377,0
DA:388,0
DA:390,0
DA:391,0
DA:397,0
DA:398,0
DA:399,0
DA:401,0
DA:409,1
DA:410,0
DA:411,0
DA:413,0
DA:414,0
DA:418,0
DA:419,0
DA:420,0
DA:423,0
DA:424,0
DA:427,0
DA:428,0
DA:434,0
DA:436,0
DA:437,0
DA:445,1
DA:446,0
DA:447,0
DA:449,0
DA:450,0
DA:454,0
DA:455,0
DA:456,0
DA:459,0
DA:460,0
DA:463,0
DA:465,0
DA:467,0
DA:468,0
DA:472,1
LF:174
LH:19
BRDA:19,0,0,0
BRDA:19,0,1,0
BRDA:20,1,0,0
BRDA:20,1,1,0
BRDA:28,2,0,0
BRDA:28,2,1,0
BRDA:50,3,0,0
BRDA:50,3,1,0
BRDA:51,4,0,0
BRDA:51,4,1,0
BRDA:59,5,0,0
BRDA:59,5,1,0
BRDA:82,6,0,0
BRDA:82,6,1,0
BRDA:86,7,0,0
BRDA:86,7,1,0
BRDA:87,8,0,0
BRDA:87,8,1,0
BRDA:116,9,0,0
BRDA:116,9,1,0
BRDA:122,10,0,0
BRDA:122,10,1,0
BRDA:131,11,0,0
BRDA:131,11,1,0
BRDA:132,12,0,0
BRDA:132,12,1,0
BRDA:140,13,0,0
BRDA:140,13,1,0
BRDA:140,13,2,0
BRDA:140,13,3,0
BRDA:145,14,0,0
BRDA:145,14,1,0
BRDA:160,15,0,0
BRDA:160,15,1,0
BRDA:161,16,0,0
BRDA:161,16,1,0
BRDA:173,17,0,0
BRDA:173,17,1,0
BRDA:173,18,0,0
BRDA:173,18,1,0
BRDA:177,19,0,0
BRDA:177,19,1,0
BRDA:228,20,0,0
BRDA:228,20,1,0
BRDA:236,21,0,0
BRDA:236,21,1,0
BRDA:244,22,0,0
BRDA:244,22,1,0
BRDA:256,23,0,0
BRDA:256,23,1,0
BRDA:265,24,0,0
BRDA:265,24,1,0
BRDA:282,25,0,0
BRDA:282,25,1,0
BRDA:297,26,0,0
BRDA:297,26,1,0
BRDA:298,27,0,0
BRDA:298,27,1,0
BRDA:311,28,0,0
BRDA:311,28,1,0
BRDA:311,29,0,0
BRDA:311,29,1,0
BRDA:315,30,0,0
BRDA:315,30,1,0
BRDA:346,31,0,0
BRDA:354,32,0,0
BRDA:354,32,1,0
BRDA:354,33,0,0
BRDA:354,33,1,0
BRDA:360,34,0,0
BRDA:360,34,1,0
BRDA:365,35,0,0
BRDA:365,35,1,0
BRDA:365,36,0,0
BRDA:365,36,1,0
BRDA:368,37,0,0
BRDA:368,37,1,0
BRDA:368,38,0,0
BRDA:368,38,1,0
BRDA:368,38,2,0
BRDA:373,39,0,0
BRDA:373,39,1,0
BRDA:373,40,0,0
BRDA:373,40,1,0
BRDA:379,41,0,0
BRDA:379,41,1,0
BRDA:381,42,0,0
BRDA:381,42,1,0
BRDA:384,43,0,0
BRDA:384,43,1,0
BRDA:385,44,0,0
BRDA:385,44,1,0
BRDA:391,45,0,0
BRDA:391,45,1,0
BRDA:413,46,0,0
BRDA:413,46,1,0
BRDA:419,47,0,0
BRDA:419,47,1,0
BRDA:423,48,0,0
BRDA:423,48,1,0
BRDA:449,49,0,0
BRDA:449,49,1,0
BRDA:455,50,0,0
BRDA:455,50,1,0
BRDA:459,51,0,0
BRDA:459,51,1,0
BRF:106
BRH:0
end_of_record
TN:
SF:src\routes\savedPosts.ts
FN:12,(anonymous_0)
FN:62,(anonymous_1)
FN:84,(anonymous_2)
FN:85,(anonymous_3)
FN:88,(anonymous_4)
FN:133,(anonymous_5)
FN:194,(anonymous_6)
FN:247,(anonymous_7)
FN:282,(anonymous_8)
FN:304,(anonymous_9)
FN:307,(anonymous_10)
FNF:11
FNH:8
FNDA:3,(anonymous_0)
FNDA:1,(anonymous_1)
FNDA:1,(anonymous_2)
FNDA:1,(anonymous_3)
FNDA:1,(anonymous_4)
FNDA:5,(anonymous_5)
FNDA:4,(anonymous_6)
FNDA:4,(anonymous_7)
FNDA:0,(anonymous_8)
FNDA:0,(anonymous_9)
FNDA:0,(anonymous_10)
DA:1,1
DA:2,1
DA:3,1
DA:6,1
DA:12,1
DA:13,3
DA:14,3
DA:15,3
DA:16,0
DA:19,3
DA:20,3
DA:21,3
DA:24,3
DA:57,2
DA:62,2
DA:64,2
DA:71,2
DA:84,2
DA:85,2
DA:88,2
DA:112,2
DA:114,2
DA:124,1
DA:125,1
DA:133,1
DA:134,5
DA:135,5
DA:136,5
DA:137,0
DA:140,5
DA:141,5
DA:142,1
DA:146,4
DA:150,3
DA:151,1
DA:155,2
DA:164,2
DA:165,1
DA:172,1
DA:179,1
DA:185,1
DA:186,1
DA:194,1
DA:195,4
DA:196,4
DA:197,4
DA:198,0
DA:201,4
DA:202,4
DA:203,1
DA:207,3
DA:216,2
DA:217,1
DA:224,1
DA:233,1
DA:238,1
DA:239,1
DA:247,1
DA:248,4
DA:249,4
DA:250,4
DA:251,0
DA:254,4
DA:255,4
DA:256,1
DA:259,3
DA:268,2
DA:273,1
DA:274,1
DA:282,1
DA:283,0
DA:284,0
DA:285,0
DA:286,0
DA:289,0
DA:290,0
DA:291,0
DA:294,0
DA:304,0
DA:305,0
DA:307,0
DA:308,0
DA:311,0
DA:313,0
DA:314,0
DA:318,1
LF:86
LH:67
BRDA:15,0,0,0
BRDA:15,0,1,3
BRDA:19,1,0,3
BRDA:19,1,1,2
BRDA:20,2,0,3
BRDA:20,2,1,2
BRDA:99,3,0,1
BRDA:99,3,1,0
BRDA:100,4,0,1
BRDA:100,4,1,0
BRDA:136,5,0,0
BRDA:136,5,1,5
BRDA:141,6,0,1
BRDA:141,6,1,4
BRDA:150,7,0,1
BRDA:150,7,1,2
BRDA:164,8,0,1
BRDA:164,8,1,1
BRDA:197,9,0,0
BRDA:197,9,1,4
BRDA:202,10,0,1
BRDA:202,10,1,3
BRDA:216,11,0,1
BRDA:216,11,1,1
BRDA:250,12,0,0
BRDA:250,12,1,4
BRDA:255,13,0,1
BRDA:255,13,1,3
BRDA:270,14,0,2
BRDA:270,14,1,1
BRDA:285,15,0,0
BRDA:285,15,1,0
BRDA:290,16,0,0
BRDA:290,16,1,0
BRF:34
BRH:24
end_of_record
TN:
SF:src\routes\users.ts
FN:12,(anonymous_0)
FN:51,(anonymous_1)
FN:97,(anonymous_2)
FN:124,(anonymous_3)
FN:125,(anonymous_4)
FN:128,(anonymous_5)
FN:154,(anonymous_6)
FN:204,(anonymous_7)
FN:218,(anonymous_8)
FN:221,(anonymous_9)
FN:246,(anonymous_10)
FN:282,(anonymous_11)
FN:328,(anonymous_12)
FN:363,(anonymous_13)
FNF:14
FNH:10
FNDA:3,(anonymous_0)
FNDA:4,(anonymous_1)
FNDA:1,(anonymous_2)
FNDA:1,(anonymous_3)
FNDA:1,(anonymous_4)
FNDA:1,(anonymous_5)
FNDA:4,(anonymous_6)
FNDA:1,(anonymous_7)
FNDA:1,(anonymous_8)
FNDA:1,(anonymous_9)
FNDA:0,(anonymous_10)
FNDA:0,(anonymous_11)
FNDA:0,(anonymous_12)
FNDA:0,(anonymous_13)
DA:1,1
DA:2,1
DA:3,1
DA:4,1
DA:6,1
DA:12,1
DA:13,3
DA:14,3
DA:16,3
DA:35,2
DA:36,1
DA:39,1
DA:42,1
DA:43,1
DA:51,1
DA:52,4
DA:53,4
DA:54,4
DA:55,4
DA:56,4
DA:59,4
DA:63,3
DA:64,1
DA:68,2
DA:97,2
DA:99,2
DA:124,2
DA:125,2
DA:128,2
DA:134,2
DA:145,1
DA:146,1
DA:154,1
DA:155,4
DA:156,4
DA:157,4
DA:158,4
DA:159,4
DA:162,4
DA:166,3
DA:167,1
DA:171,2
DA:204,2
DA:206,2
DA:218,2
DA:221,2
DA:226,2
DA:237,1
DA:238,1
DA:246,1
DA:247,0
DA:248,0
DA:249,0
DA:252,0
DA:270,0
DA:273,0
DA:274,0
DA:282,1
DA:283,0
DA:284,0
DA:285,0
DA:287,0
DA:288,0
DA:290,0
DA:291,0
DA:293,0
DA:294,0
DA:298,0
DA:299,0
DA:300,0
DA:303,0
DA:317,0
DA:319,0
DA:320,0
DA:328,1
DA:329,0
DA:330,0
DA:331,0
DA:333,0
DA:334,0
DA:338,0
DA:339,0
DA:341,0
DA:343,0
DA:350,0
DA:352,0
DA:354,0
DA:355,0
DA:363,1
DA:364,0
DA:365,0
DA:368,0
DA:372,0
DA:373,0
DA:377,0
DA:389,0
DA:392,0
DA:393,0
DA:397,1
LF:99
LH:54
BRDA:35,0,0,1
BRDA:35,0,1,1
BRDA:54,1,0,4
BRDA:54,1,1,3
BRDA:55,2,0,4
BRDA:55,2,1,3
BRDA:63,3,0,1
BRDA:63,3,1,2
BRDA:101,4,0,1
BRDA:101,4,1,1
BRDA:112,5,0,1
BRDA:112,5,1,1
BRDA:124,6,0,1
BRDA:124,6,1,0
BRDA:130,7,0,1
BRDA:130,7,1,0
BRDA:131,8,0,1
BRDA:131,8,1,0
BRDA:157,9,0,4
BRDA:157,9,1,3
BRDA:158,10,0,4
BRDA:158,10,1,3
BRDA:166,11,0,1
BRDA:166,11,1,2
BRDA:206,12,0,1
BRDA:206,12,1,1
BRDA:218,13,0,1
BRDA:218,13,1,0
BRDA:223,14,0,1
BRDA:223,14,1,0
BRDA:255,15,0,0
BRDA:255,15,1,0
BRDA:256,16,0,0
BRDA:256,16,1,0
BRDA:287,17,0,0
BRDA:287,17,1,0
BRDA:290,18,0,0
BRDA:290,18,1,0
BRDA:290,19,0,0
BRDA:290,19,1,0
BRDA:293,20,0,0
BRDA:293,20,1,0
BRDA:299,21,0,0
BRDA:299,21,1,0
BRDA:299,22,0,0
BRDA:299,22,1,0
BRDA:333,23,0,0
BRDA:333,23,1,0
BRDA:341,24,0,0
BRDA:341,24,1,0
BRDA:372,25,0,0
BRDA:372,25,1,0
BRF:52
BRH:25
end_of_record
TN:
SF:src\routes\votes.ts
FN:11,(anonymous_0)
FN:98,(anonymous_1)
FN:118,(anonymous_2)
FN:148,(anonymous_3)
FN:176,(anonymous_4)
FNF:5
FNH:5
FNDA:8,(anonymous_0)
FNDA:4,(anonymous_1)
FNDA:1,(anonymous_2)
FNDA:3,(anonymous_3)
FNDA:3,(anonymous_4)
DA:1,1
DA:2,1
DA:3,1
DA:5,1
DA:11,1
DA:12,8
DA:13,8
DA:14,8
DA:17,8
DA:18,1
DA:23,7
DA:24,1
DA:29,6
DA:30,1
DA:36,5
DA:37,3
DA:40,2
DA:41,1
DA:44,2
DA:47,2
DA:48,1
DA:53,2
DA:73,2
DA:83,2
DA:89,1
DA:90,1
DA:98,1
DA:99,4
DA:100,4
DA:101,4
DA:103,4
DA:104,1
DA:110,3
DA:123,3
DA:133,2
DA:139,1
DA:140,1
DA:148,1
DA:149,3
DA:150,3
DA:152,3
DA:162,2
DA:167,1
DA:168,1
DA:176,1
DA:177,3
DA:178,3
DA:179,3
DA:181,3
DA:191,2
DA:196,1
DA:197,1
DA:201,1
LF:53
LH:53
BRDA:17,0,0,1
BRDA:17,0,1,7
BRDA:17,1,0,8
BRDA:17,1,1,8
BRDA:17,1,2,7
BRDA:23,2,0,1
BRDA:23,2,1,6
BRDA:29,3,0,1
BRDA:29,3,1,5
BRDA:36,4,0,3
BRDA:36,4,1,2
BRDA:40,5,0,1
BRDA:40,5,1,1
BRDA:47,6,0,1
BRDA:47,6,1,1
BRDA:85,7,0,2
BRDA:85,7,1,0
BRDA:103,8,0,1
BRDA:103,8,1,3
BRDA:103,9,0,4
BRDA:103,9,1,4
BRDA:135,10,0,2
BRDA:135,10,1,1
BRDA:163,11,0,2
BRDA:163,11,1,1
BRDA:192,12,0,1
BRDA:192,12,1,1
BRF:27
BRH:26
end_of_record
TN:
SF:src\scripts\add-ai-cache-field.ts
FN:5,addAICacheField
FN:48,(anonymous_1)
FN:52,(anonymous_2)
FNF:3
FNH:0
FNDA:0,addAICacheField
FNDA:0,(anonymous_1)
FNDA:0,(anonymous_2)
DA:1,0
DA:3,0
DA:6,0
DA:7,0
DA:10,0
DA:15,0
DA:16,0
DA:19,0
DA:29,0
DA:30,0
DA:37,0
DA:40,0
DA:41,0
DA:43,0
DA:47,0
DA:49,0
DA:50,0
DA:53,0
DA:54,0
LF:19
LH:0
BRF:0
BRH:0
end_of_record
TN:
SF:src\scripts\apply-indexes.ts
FN:6,applyIndexes
FN:67,(anonymous_1)
FN:68,(anonymous_2)
FNF:3
FNH:0
FNDA:0,applyIndexes
FNDA:0,(anonymous_1)
FNDA:0,(anonymous_2)
DA:4,0
DA:7,0
DA:9,0
DA:11,0
DA:12,0
DA:13,0
DA:14,0
DA:15,0
DA:18,0
DA:19,0
DA:20,0
DA:21,0
DA:24,0
DA:25,0
DA:26,0
DA:29,0
DA:30,0
DA:33,0
DA:34,0
DA:35,0
DA:36,0
DA:39,0
DA:40,0
DA:43,0
DA:46,0
DA:47,0
DA:50,0
DA:51,0
DA:52,0
DA:53,0
DA:54,0
DA:55,0
DA:57,0
DA:59,0
DA:60,0
DA:62,0
DA:66,0
DA:67,0
DA:69,0
DA:70,0
LF:40
LH:0
BRF:0
BRH:0
end_of_record
TN:
SF:src\scripts\create-test-user.ts
FN:7,createTestUser
FNF:1
FNH:0
FNDA:0,createTestUser
DA:1,0
DA:2,0
DA:4,0
DA:5,0
DA:8,0
DA:9,0
DA:12,0
DA:16,0
DA:17,0
DA:18,0
DA:19,0
DA:20,0
DA:21,0
DA:22,0
DA:26,0
DA:35,0
DA:36,0
DA:37,0
DA:38,0
DA:39,0
DA:40,0
DA:41,0
DA:44,0
DA:45,0
DA:47,0
DA:51,0
LF:26
LH:0
BRDA:16,0,0,0
BRDA:16,0,1,0
BRF:2
BRH:0
end_of_record
TN:
SF:src\scripts\populate-member-counts.ts
FN:5,populateMemberCounts
FN:33,(anonymous_1)
FN:34,(anonymous_2)
FN:60,(anonymous_3)
FN:64,(anonymous_4)
FNF:5
FNH:0
FNDA:0,populateMemberCounts
FNDA:0,(anonymous_1)
FNDA:0,(anonymous_2)
FNDA:0,(anonymous_3)
FNDA:0,(anonymous_4)
DA:1,0
DA:3,0
DA:6,0
DA:7,0
DA:10,0
DA:14,0
DA:16,0
DA:18,0
DA:32,0
DA:33,0
DA:34,0
DA:37,0
DA:40,0
DA:46,0
DA:49,0
DA:52,0
DA:53,0
DA:55,0
DA:59,0
DA:61,0
DA:62,0
DA:65,0
DA:66,0
LF:23
LH:0
BRF:0
BRH:0
end_of_record
TN:
SF:src\scripts\test-api.ts
FN:17,testHealthCheck
FN:34,testAPIEndpoints
FN:52,testCommunities
FN:70,testPosts
FN:88,testAuth
FN:203,testUnauthenticatedAccess
FN:227,runTests
FN:241,(anonymous_8)
FN:253,(anonymous_9)
FN:269,(anonymous_10)
FNF:10
FNH:0
FNDA:0,testHealthCheck
FNDA:0,testAPIEndpoints
FNDA:0,testCommunities
FNDA:0,testPosts
FNDA:0,testAuth
FNDA:0,testUnauthenticatedAccess
FNDA:0,runTests
FNDA:0,(anonymous_8)
FNDA:0,(anonymous_9)
FNDA:0,(anonymous_10)
DA:1,0
DA:2,0
DA:4,0
DA:6,0
DA:15,0
DA:18,0
DA:19,0
DA:20,0
DA:26,0
DA:35,0
DA:36,0
DA:37,0
DA:44,0
DA:53,0
DA:54,0
DA:55,0
DA:62,0
DA:71,0
DA:72,0
DA:73,0
DA:80,0
DA:89,0
DA:90,0
DA:93,0
DA:94,0
DA:95,0
DA:96,0
DA:102,0
DA:109,0
DA:111,0
DA:113,0
DA:122,0
DA:123,0
DA:128,0
DA:135,0
DA:137,0
DA:146,0
DA:147,0
DA:148,0
DA:154,0
DA:161,0
DA:169,0
DA:170,0
DA:171,0
DA:185,0
DA:192,0
DA:200,0
DA:204,0
DA:205,0
DA:211,0
DA:217,0
DA:228,0
DA:229,0
DA:232,0
DA:233,0
DA:234,0
DA:235,0
DA:236,0
DA:237,0
DA:240,0
DA:241,0
DA:242,0
DA:243,0
DA:244,0
DA:245,0
DA:246,0
DA:248,0
DA:251,0
DA:253,0
DA:254,0
DA:255,0
DA:257,0
DA:259,0
DA:260,0
DA:261,0
DA:263,0
DA:264,0
DA:269,0
DA:270,0
DA:271,0
LF:80
LH:0
BRDA:6,0,0,0
BRDA:6,0,1,0
BRDA:111,1,0,0
BRDA:111,1,1,0
BRDA:140,2,0,0
BRDA:140,2,1,0
BRDA:146,3,0,0
BRDA:146,3,1,0
BRDA:164,4,0,0
BRDA:164,4,1,0
BRDA:195,5,0,0
BRDA:195,5,1,0
BRDA:220,6,0,0
BRDA:220,6,1,0
BRDA:242,7,0,0
BRDA:242,7,1,0
BRDA:245,8,0,0
BRDA:245,8,1,0
BRDA:259,9,0,0
BRDA:259,9,1,0
BRF:20
BRH:0
end_of_record
TN:
SF:src\scripts\test-auth-flow.ts
FN:22,testAuthFlow
FN:290,(anonymous_2)
FN:291,(anonymous_3)
FN:293,(anonymous_4)
FN:315,(anonymous_5)
FN:319,(anonymous_6)
FNF:6
FNH:0
FNDA:0,testAuthFlow
FNDA:0,(anonymous_2)
FNDA:0,(anonymous_3)
FNDA:0,(anonymous_4)
FNDA:0,(anonymous_5)
FNDA:0,(anonymous_6)
DA:6,0
DA:7,0
DA:10,0
DA:11,0
DA:20,0
DA:23,0
DA:24,0
DA:26,0
DA:27,0
DA:28,0
DA:31,0
DA:32,0
DA:33,0
DA:39,0
DA:40,0
DA:48,0
DA:49,0
DA:50,0
DA:54,0
DA:58,0
DA:59,0
DA:64,0
DA:66,0
DA:71,0
DA:73,0
DA:78,0
DA:79,0
DA:83,0
DA:84,0
DA:85,0
DA:87,0
DA:88,0
DA:93,0
DA:94,0
DA:95,0
DA:97,0
DA:102,0
DA:103,0
DA:105,0
DA:108,0
DA:113,0
DA:114,0
DA:118,0
DA:119,0
DA:120,0
DA:126,0
DA:127,0
DA:132,0
DA:133,0
DA:134,0
DA:137,0
DA:142,0
DA:146,0
DA:147,0
DA:149,0
DA:163,0
DA:164,0
DA:169,0
DA:170,0
DA:173,0
DA:178,0
DA:179,0
DA:184,0
DA:186,0
DA:191,0
DA:196,0
DA:197,0
DA:198,0
DA:203,0
DA:208,0
DA:210,0
DA:211,0
DA:215,0
DA:219,0
DA:220,0
DA:225,0
DA:230,0
DA:232,0
DA:233,0
DA:237,0
DA:242,0
DA:243,0
DA:244,0
DA:254,0
DA:255,0
DA:259,0
DA:262,0
DA:267,0
DA:271,0
DA:272,0
DA:273,0
DA:275,0
DA:276,0
DA:279,0
DA:282,0
DA:286,0
DA:287,0
DA:288,0
DA:290,0
DA:291,0
DA:293,0
DA:294,0
DA:295,0
DA:296,0
DA:297,0
DA:301,0
DA:302,0
DA:303,0
DA:304,0
DA:305,0
DA:307,0
DA:308,0
DA:310,0
DA:314,0
DA:316,0
DA:317,0
DA:320,0
LF:117
LH:0
BRDA:39,0,0,0
BRDA:39,0,1,0
BRDA:58,1,0,0
BRDA:58,1,1,0
BRDA:76,2,0,0
BRDA:76,2,1,0
BRDA:78,3,0,0
BRDA:78,3,1,0
BRDA:93,4,0,0
BRDA:93,4,1,0
BRDA:93,5,0,0
BRDA:93,5,1,0
BRDA:111,6,0,0
BRDA:111,6,1,0
BRDA:113,7,0,0
BRDA:113,7,1,0
BRDA:126,8,0,0
BRDA:126,8,1,0
BRDA:126,9,0,0
BRDA:126,9,1,0
BRDA:140,10,0,0
BRDA:140,10,1,0
BRDA:142,11,0,0
BRDA:142,11,1,0
BRDA:163,12,0,0
BRDA:163,12,1,0
BRDA:178,13,0,0
BRDA:178,13,1,0
BRDA:191,14,0,0
BRDA:191,14,1,0
BRDA:210,15,0,0
BRDA:210,15,1,0
BRDA:232,16,0,0
BRDA:232,16,1,0
BRDA:254,17,0,0
BRDA:254,17,1,0
BRDA:265,18,0,0
BRDA:265,18,1,0
BRDA:267,19,0,0
BRDA:267,19,1,0
BRDA:273,20,0,0
BRDA:273,20,1,0
BRDA:294,21,0,0
BRDA:294,21,1,0
BRDA:296,22,0,0
BRDA:296,22,1,0
BRDA:307,23,0,0
BRDA:307,23,1,0
BRF:48
BRH:0
end_of_record
TN:
SF:src\scripts\test-connection.ts
FN:17,(anonymous_1)
FN:41,(anonymous_2)
FN:81,(anonymous_3)
FN:122,(anonymous_4)
FN:130,(anonymous_5)
FN:143,(anonymous_6)
FN:201,runTests
FN:205,(anonymous_8)
FN:212,(anonymous_9)
FNF:9
FNH:0
FNDA:0,(anonymous_1)
FNDA:0,(anonymous_2)
FNDA:0,(anonymous_3)
FNDA:0,(anonymous_4)
FNDA:0,(anonymous_5)
FNDA:0,(anonymous_6)
FNDA:0,runTests
FNDA:0,(anonymous_8)
FNDA:0,(anonymous_9)
DA:1,0
DA:2,0
DA:3,0
DA:5,0
DA:12,0
DA:15,0
DA:18,0
DA:19,0
DA:20,0
DA:21,0
DA:23,0
DA:29,0
DA:39,0
DA:42,0
DA:43,0
DA:44,0
DA:45,0
DA:52,0
DA:60,0
DA:61,0
DA:63,0
DA:69,0
DA:79,0
DA:82,0
DA:83,0
DA:84,0
DA:86,0
DA:87,0
DA:93,0
DA:94,0
DA:96,0
DA:97,0
DA:104,0
DA:110,0
DA:120,0
DA:123,0
DA:130,0
DA:132,0
DA:141,0
DA:144,0
DA:145,0
DA:147,0
DA:148,0
DA:150,0
DA:152,0
DA:153,0
DA:154,0
DA:155,0
DA:159,0
DA:160,0
DA:164,0
DA:166,0
DA:167,0
DA:168,0
DA:169,0
DA:172,0
DA:173,0
DA:178,0
DA:179,0
DA:180,0
DA:182,0
DA:183,0
DA:187,0
DA:202,0
DA:203,0
DA:205,0
DA:206,0
DA:207,0
DA:210,0
DA:212,0
DA:213,0
DA:214,0
DA:215,0
DA:217,0
DA:218,0
DA:219,0
DA:220,0
DA:223,0
DA:224,0
DA:228,0
DA:230,0
DA:231,0
DA:233,0
DA:234,0
DA:235,0
DA:236,0
DA:237,0
DA:238,0
DA:239,0
DA:240,0
DA:241,0
DA:242,0
DA:243,0
DA:244,0
DA:245,0
DA:246,0
DA:247,0
DA:248,0
DA:251,0
DA:254,0
LF:100
LH:0
BRDA:44,0,0,0
BRDA:44,0,1,0
BRDA:86,1,0,0
BRDA:86,1,1,0
BRDA:86,2,0,0
BRDA:86,2,1,0
BRDA:96,3,0,0
BRDA:96,3,1,0
BRDA:124,4,0,0
BRDA:124,4,1,0
BRDA:125,5,0,0
BRDA:125,5,1,0
BRDA:126,6,0,0
BRDA:126,6,1,0
BRDA:127,7,0,0
BRDA:127,7,1,0
BRDA:134,8,0,0
BRDA:134,8,1,0
BRDA:150,9,0,0
BRDA:150,9,1,0
BRDA:152,10,0,0
BRDA:152,10,1,0
BRDA:154,11,0,0
BRDA:154,11,1,0
BRDA:159,12,0,0
BRDA:159,12,1,0
BRDA:164,13,0,0
BRDA:164,13,1,0
BRDA:166,14,0,0
BRDA:166,14,1,0
BRDA:168,15,0,0
BRDA:168,15,1,0
BRDA:172,16,0,0
BRDA:172,16,1,0
BRDA:178,17,0,0
BRDA:178,17,1,0
BRDA:178,18,0,0
BRDA:178,18,1,0
BRDA:182,19,0,0
BRDA:182,19,1,0
BRDA:182,20,0,0
BRDA:182,20,1,0
BRDA:182,20,2,0
BRDA:189,21,0,0
BRDA:189,21,1,0
BRDA:213,22,0,0
BRDA:213,22,1,0
BRDA:217,23,0,0
BRDA:217,23,1,0
BRDA:217,24,0,0
BRDA:217,24,1,0
BRDA:219,25,0,0
BRDA:219,25,1,0
BRDA:219,26,0,0
BRDA:219,26,1,0
BRDA:219,26,2,0
BRDA:223,27,0,0
BRDA:223,27,1,0
BRDA:230,28,0,0
BRDA:230,28,1,0
BRDA:251,29,0,0
BRDA:251,29,1,0
BRF:62
BRH:0
end_of_record
TN:
SF:src\scripts\test-hot-posts.ts
FN:8,testHotPosts
FNF:1
FNH:0
FNDA:0,testHotPosts
DA:1,0
DA:2,0
DA:4,0
DA:6,0
DA:9,0
DA:10,0
DA:12,0
DA:13,0
DA:15,0
DA:40,0
DA:41,0
DA:43,0
DA:45,0
DA:46,0
DA:47,0
DA:51,0
LF:16
LH:0
BRF:0
BRH:0
end_of_record
TN:
SF:src\scripts\update-post-slugs.ts
FN:9,updatePostSlugs
FN:37,(anonymous_2)
FN:41,(anonymous_3)
FNF:3
FNH:0
FNDA:0,updatePostSlugs
FNDA:0,(anonymous_2)
FNDA:0,(anonymous_3)
DA:1,0
DA:2,0
DA:3,0
DA:5,0
DA:7,0
DA:10,0
DA:12,0
DA:22,0
DA:24,0
DA:25,0
DA:26,0
DA:30,0
DA:33,0
DA:36,0
DA:38,0
DA:39,0
DA:42,0
LF:17
LH:0
BRF:0
BRH:0
end_of_record
TN:
SF:src\services\aiService.ts
FN:20,(anonymous_1)
FN:32,(anonymous_2)
FN:36,(anonymous_3)
FN:73,(anonymous_4)
FN:85,(anonymous_5)
FN:106,getAIService
FNF:6
FNH:5
FNDA:13,(anonymous_1)
FNDA:9,(anonymous_2)
FNDA:19,(anonymous_3)
FNDA:9,(anonymous_4)
FNDA:16,(anonymous_5)
FNDA:0,getAIService
DA:1,2
DA:17,2
DA:21,13
DA:22,13
DA:23,1
DA:25,12
DA:33,9
DA:35,9
DA:36,19
DA:40,9
DA:43,9
DA:46,9
DA:63,8
DA:65,1
DA:66,1
DA:74,9
DA:76,9
DA:77,9
DA:79,9
DA:80,8
DA:83,9
DA:84,4
DA:85,4
DA:86,16
DA:87,16
DA:90,5
DA:93,9
DA:99,9
DA:104,2
DA:106,2
DA:107,0
DA:108,0
DA:110,0
LF:33
LH:30
BRDA:22,0,0,1
BRDA:22,0,1,12
BRDA:63,1,0,8
BRDA:63,1,1,1
BRDA:77,2,0,8
BRDA:77,2,1,1
BRDA:79,3,0,8
BRDA:79,3,1,1
BRDA:83,4,0,4
BRDA:83,4,1,5
BRDA:107,5,0,0
BRDA:107,5,1,0
BRF:12
BRH:10
end_of_record
TN:
SF:src\services\postService.ts
FN:27,getVoteCount
FN:41,getUserVote
FN:57,(anonymous_11)
FN:88,(anonymous_12)
FN:112,(anonymous_13)
FN:148,(anonymous_14)
FN:164,(anonymous_15)
FN:185,(anonymous_16)
FN:229,(anonymous_17)
FN:273,(anonymous_18)
FN:347,(anonymous_19)
FN:360,(anonymous_20)
FN:407,(anonymous_21)
FN:428,(anonymous_22)
FN:466,(anonymous_23)
FN:472,(anonymous_24)
FN:503,(anonymous_25)
FN:521,(anonymous_26)
FN:522,(anonymous_27)
FN:564,(anonymous_28)
FN:574,(anonymous_29)
FN:579,(anonymous_30)
FN:590,(anonymous_31)
FN:627,(anonymous_32)
FNF:24
FNH:11
FNDA:4,getVoteCount
FNDA:2,getUserVote
FNDA:3,(anonymous_11)
FNDA:2,(anonymous_12)
FNDA:0,(anonymous_13)
FNDA:0,(anonymous_14)
FNDA:0,(anonymous_15)
FNDA:0,(anonymous_16)
FNDA:0,(anonymous_17)
FNDA:2,(anonymous_18)
FNDA:0,(anonymous_19)
FNDA:0,(anonymous_20)
FNDA:0,(anonymous_21)
FNDA:0,(anonymous_22)
FNDA:0,(anonymous_23)
FNDA:0,(anonymous_24)
FNDA:0,(anonymous_25)
FNDA:3,(anonymous_26)
FNDA:3,(anonymous_27)
FNDA:0,(anonymous_28)
FNDA:3,(anonymous_29)
FNDA:2,(anonymous_30)
FNDA:1,(anonymous_31)
FNDA:1,(anonymous_32)
DA:1,2
DA:28,4
DA:37,4
DA:42,2
DA:44,2
DA:53,2
DA:56,2
DA:58,3
DA:59,3
DA:61,3
DA:87,3
DA:89,2
DA:90,2
DA:92,2
DA:101,3
DA:113,0
DA:114,0
DA:117,0
DA:118,0
DA:120,0
DA:147,0
DA:149,0
DA:150,0
DA:151,0
DA:152,0
DA:154,0
DA:164,0
DA:166,0
DA:174,0
DA:186,0
DA:187,0
DA:190,0
DA:228,0
DA:230,0
DA:231,0
DA:233,0
DA:243,0
DA:262,0
DA:274,2
DA:310,2
DA:311,1
DA:314,1
DA:315,1
DA:318,1
DA:319,1
DA:322,1
DA:323,0
DA:324,0
DA:326,0
DA:335,0
DA:336,0
DA:337,0
DA:339,0
DA:340,0
DA:341,0
DA:347,0
DA:348,0
DA:351,0
DA:361,0
DA:383,0
DA:384,0
DA:388,0
DA:407,0
DA:410,0
DA:427,0
DA:428,0
DA:431,0
DA:462,0
DA:465,0
DA:466,0
DA:467,0
DA:471,0
DA:472,0
DA:473,0
DA:477,0
DA:478,0
DA:481,0
DA:482,0
DA:491,0
DA:492,0
DA:493,0
DA:495,0
DA:496,0
DA:497,0
DA:503,0
DA:504,0
DA:508,0
DA:512,0
DA:522,6
DA:523,3
DA:525,3
DA:554,3
DA:555,0
DA:559,0
DA:564,0
DA:574,6
DA:575,3
DA:578,3
DA:579,4
DA:580,2
DA:583,3
DA:591,1
DA:617,1
DA:618,1
DA:620,1
DA:628,1
LF:106
LH:38
BRDA:37,0,0,4
BRDA:37,0,1,0
BRDA:42,1,0,0
BRDA:42,1,1,2
BRDA:53,2,0,2
BRDA:53,2,1,0
BRDA:90,3,0,1
BRDA:90,3,1,1
BRDA:152,4,0,0
BRDA:152,4,1,0
BRDA:231,5,0,0
BRDA:231,5,1,0
BRDA:310,6,0,1
BRDA:310,6,1,1
BRDA:315,7,0,1
BRDA:315,7,1,0
BRDA:324,8,0,0
BRDA:324,8,1,0
BRDA:336,9,0,0
BRDA:336,9,1,0
BRDA:340,10,0,0
BRDA:340,10,1,0
BRDA:383,11,0,0
BRDA:383,11,1,0
BRDA:435,12,0,0
BRDA:435,12,1,0
BRDA:438,13,0,0
BRDA:438,13,1,0
BRDA:449,14,0,0
BRDA:449,14,1,0
BRDA:449,15,0,0
BRDA:449,15,1,0
BRDA:467,16,0,0
BRDA:467,16,1,0
BRDA:484,17,0,0
BRDA:484,17,1,0
BRDA:485,18,0,0
BRDA:485,18,1,0
BRDA:492,19,0,0
BRDA:492,19,1,0
BRDA:496,20,0,0
BRDA:496,20,1,0
BRDA:530,21,0,3
BRDA:530,21,1,2
BRDA:531,22,0,3
BRDA:531,22,1,2
BRDA:554,23,0,0
BRDA:554,23,1,3
BRDA:554,24,0,3
BRDA:554,24,1,0
BRDA:554,24,2,0
BRDA:555,25,0,0
BRDA:555,25,1,0
BRDA:578,26,0,2
BRDA:578,26,1,1
BRDA:594,27,0,1
BRDA:594,27,1,1
BRDA:595,28,0,1
BRDA:595,28,1,1
BRDA:596,29,0,1
BRDA:596,29,1,0
BRF:61
BRH:21
end_of_record
TN:
SF:src\utils\communityMemberCount.ts
FN:9,updateCommunityMemberCount
FNF:1
FNH:1
FNDA:9,updateCommunityMemberCount
DA:1,2
DA:3,2
DA:9,2
DA:13,9
DA:15,9
DA:33,5
DA:35,2
DA:42,5
LF:8
LH:8
BRDA:33,0,0,2
BRDA:33,0,1,3
BRDA:33,1,0,5
BRDA:33,1,1,3
BRF:4
BRH:4
end_of_record
TN:
SF:src\utils\mentions.ts
FN:6,extractMentions
FN:27,createMentionNotifications
FN:43,(anonymous_2)
FN:62,(anonymous_3)
FN:63,(anonymous_4)
FN:83,formatMentions
FN:85,(anonymous_6)
FNF:7
FNH:7
FNDA:17,extractMentions
FNDA:8,createMentionNotifications
FNDA:7,(anonymous_2)
FNDA:6,(anonymous_3)
FNDA:5,(anonymous_4)
FNDA:5,formatMentions
FNDA:6,(anonymous_6)
DA:1,2
DA:6,2
DA:9,17
DA:10,17
DA:11,17
DA:13,17
DA:14,22
DA:16,22
DA:17,20
DA:21,17
DA:27,2
DA:33,8
DA:35,8
DA:36,3
DA:40,5
DA:43,7
DA:53,5
DA:58,5
DA:61,5
DA:62,6
DA:63,5
DA:73,5
DA:74,4
DA:83,2
DA:85,5
DA:87,6
DA:88,1
DA:90,5
LF:28
LH:28
BRDA:16,0,0,20
BRDA:16,0,1,2
BRDA:16,1,0,22
BRDA:16,1,1,22
BRDA:35,2,0,3
BRDA:35,2,1,5
BRDA:58,3,0,5
BRDA:58,3,1,1
BRDA:67,4,0,5
BRDA:67,4,1,0
BRDA:68,5,0,5
BRDA:68,5,1,4
BRDA:69,6,0,1
BRDA:69,6,1,4
BRDA:73,7,0,4
BRDA:73,7,1,1
BRDA:87,8,0,1
BRDA:87,8,1,5
BRDA:87,9,0,6
BRDA:87,9,1,5
BRDA:87,9,2,5
BRF:21
BRH:20
end_of_record
TN:
SF:src\utils\slugify.ts
FN:4,slugify
FN:20,generateUniqueSlug
FNF:2
FNH:2
FNDA:17,slugify
FNDA:7,generateUniqueSlug
DA:4,2
DA:5,17
DA:20,2
DA:21,7
DA:23,7
DA:24,1
DA:28,6
DA:29,6
LF:8
LH:8
BRDA:23,0,0,1
BRDA:23,0,1,6
BRF:2
BRH:2
end_of_record
TN:
SF:src\utils\validators.ts
FN:13,validateEmail
FN:40,validatePassword
FN:83,(anonymous_2)
FN:93,validateUsername
FN:140,sanitizeHtml
FN:155,validateBio
FNF:6
FNH:6
FNDA:11,validateEmail
FNDA:13,validatePassword
FNDA:22,(anonymous_2)
FNDA:19,validateUsername
FNDA:8,sanitizeHtml
FNDA:6,validateBio
DA:13,1
DA:14,11
DA:15,1
DA:19,10
DA:20,10
DA:21,4
DA:25,6
DA:26,1
DA:30,5
DA:31,1
DA:34,4
DA:40,1
DA:41,13
DA:42,0
DA:45,13
DA:46,1
DA:49,12
DA:50,1
DA:54,11
DA:55,3
DA:59,8
DA:60,1
DA:64,7
DA:65,1
DA:69,6
DA:70,1
DA:74,5
DA:82,5
DA:83,22
DA:84,1
DA:87,4
DA:93,1
DA:94,19
DA:95,0
DA:98,19
DA:99,1
DA:102,18
DA:103,1
DA:107,17
DA:108,5
DA:112,12
DA:113,3
DA:117,9
DA:130,9
DA:131,5
DA:134,4
DA:140,1
DA:141,8
DA:143,5
DA:155,1
DA:156,6
DA:157,2
DA:160,4
DA:161,1
DA:164,3
LF:55
LH:53
BRDA:14,0,0,1
BRDA:14,0,1,10
BRDA:20,1,0,4
BRDA:20,1,1,6
BRDA:25,2,0,1
BRDA:25,2,1,5
BRDA:30,3,0,1
BRDA:30,3,1,4
BRDA:41,4,0,0
BRDA:41,4,1,13
BRDA:45,5,0,1
BRDA:45,5,1,12
BRDA:49,6,0,1
BRDA:49,6,1,11
BRDA:54,7,0,3
BRDA:54,7,1,8
BRDA:59,8,0,1
BRDA:59,8,1,7
BRDA:64,9,0,1
BRDA:64,9,1,6
BRDA:69,10,0,1
BRDA:69,10,1,5
BRDA:83,11,0,1
BRDA:83,11,1,4
BRDA:94,12,0,0
BRDA:94,12,1,19
BRDA:98,13,0,1
BRDA:98,13,1,18
BRDA:102,14,0,1
BRDA:102,14,1,17
BRDA:107,15,0,5
BRDA:107,15,1,12
BRDA:112,16,0,3
BRDA:112,16,1,9
BRDA:130,17,0,5
BRDA:130,17,1,4
BRDA:141,18,0,3
BRDA:141,18,1,5
BRDA:156,19,0,2
BRDA:156,19,1,4
BRDA:160,20,0,1
BRDA:160,20,1,3
BRF:42
BRH:40
end_of_record
