TN:
SF:src\App.tsx
FN:16,App
FN:22,(anonymous_2)
FN:24,(anonymous_3)
FN:60,(anonymous_4)
FNF:4
FNH:0
FNDA:0,App
FNDA:0,(anonymous_2)
FNDA:0,(anonymous_3)
FNDA:0,(anonymous_4)
DA:1,0
DA:2,0
DA:3,0
DA:4,0
DA:5,0
DA:6,0
DA:7,0
DA:8,0
DA:9,0
DA:10,0
DA:11,0
DA:12,0
DA:13,0
DA:14,0
DA:17,0
DA:18,0
DA:19,0
DA:20,0
DA:22,0
DA:24,0
DA:25,0
DA:26,0
DA:27,0
DA:31,0
DA:33,0
DA:34,0
DA:35,0
DA:36,0
DA:41,0
DA:42,0
DA:43,0
DA:46,0
DA:47,0
DA:50,0
DA:51,0
DA:53,0
DA:57,0
DA:60,0
DA:61,0
DA:62,0
DA:63,0
DA:64,0
DA:65,0
DA:67,0
DA:71,0
DA:72,0
DA:79,0
DA:153,0
LF:48
LH:0
BRDA:31,0,0,0
BRDA:31,0,1,0
BRDA:31,1,0,0
BRDA:31,1,1,0
BRDA:71,2,0,0
BRDA:71,2,1,0
BRDA:82,3,0,0
BRDA:82,3,1,0
BRDA:96,4,0,0
BRDA:96,4,1,0
BRDA:97,5,0,0
BRDA:97,5,1,0
BRDA:113,6,0,0
BRDA:113,6,1,0
BRDA:117,7,0,0
BRDA:117,7,1,0
BRDA:121,8,0,0
BRDA:121,8,1,0
BRDA:125,9,0,0
BRDA:125,9,1,0
BRDA:129,10,0,0
BRDA:129,10,1,0
BRDA:133,11,0,0
BRDA:133,11,1,0
BRDA:137,12,0,0
BRDA:137,12,1,0
BRDA:141,13,0,0
BRDA:141,13,1,0
BRDA:145,14,0,0
BRDA:145,14,1,0
BRF:30
BRH:0
end_of_record
TN:
SF:src\components\AISummaryContent.tsx
FN:10,AISummaryContent
FN:17,(anonymous_2)
FN:18,(anonymous_3)
FN:19,(anonymous_4)
FN:20,(anonymous_5)
FN:21,(anonymous_6)
FN:22,(anonymous_7)
FN:23,(anonymous_8)
FN:24,(anonymous_9)
FN:25,(anonymous_10)
FN:26,(anonymous_11)
FN:27,(anonymous_12)
FN:28,(anonymous_13)
FN:29,(anonymous_14)
FNF:14
FNH:0
FNDA:0,AISummaryContent
FNDA:0,(anonymous_2)
FNDA:0,(anonymous_3)
FNDA:0,(anonymous_4)
FNDA:0,(anonymous_5)
FNDA:0,(anonymous_6)
FNDA:0,(anonymous_7)
FNDA:0,(anonymous_8)
FNDA:0,(anonymous_9)
FNDA:0,(anonymous_10)
FNDA:0,(anonymous_11)
FNDA:0,(anonymous_12)
FNDA:0,(anonymous_13)
FNDA:0,(anonymous_14)
DA:1,0
DA:2,0
DA:3,0
DA:10,0
DA:11,0
DA:17,0
DA:18,0
DA:19,0
DA:20,0
DA:21,0
DA:22,0
DA:23,0
DA:24,0
DA:25,0
DA:26,0
DA:27,0
DA:28,0
DA:29,0
LF:18
LH:0
BRF:0
BRH:0
end_of_record
TN:
SF:src\components\CommentItem.tsx
FN:17,CommentItem
FN:28,(anonymous_11)
FN:57,(anonymous_12)
FN:66,(anonymous_13)
FN:88,(anonymous_14)
FN:110,(anonymous_15)
FN:124,(anonymous_16)
FN:136,(anonymous_17)
FN:145,(anonymous_18)
FN:155,(anonymous_19)
FN:171,(anonymous_20)
FNF:11
FNH:10
FNDA:25,CommentItem
FNDA:2,(anonymous_11)
FNDA:1,(anonymous_12)
FNDA:25,(anonymous_13)
FNDA:1,(anonymous_14)
FNDA:24,(anonymous_15)
FNDA:3,(anonymous_16)
FNDA:1,(anonymous_17)
FNDA:1,(anonymous_18)
FNDA:3,(anonymous_19)
FNDA:0,(anonymous_20)
DA:1,1
DA:2,1
DA:4,1
DA:5,1
DA:6,1
DA:7,1
DA:18,25
DA:19,25
DA:20,25
DA:21,25
DA:22,25
DA:24,25
DA:25,25
DA:26,25
DA:28,25
DA:29,2
DA:30,2
DA:31,2
DA:32,2
DA:35,2
DA:36,2
DA:38,2
DA:39,2
DA:40,0
DA:42,2
DA:49,0
DA:51,0
DA:52,0
DA:53,0
DA:57,25
DA:58,1
DA:59,1
DA:61,1
DA:62,1
DA:63,1
DA:66,25
DA:67,25
DA:68,25
DA:69,25
DA:70,25
DA:71,25
DA:72,25
DA:74,25
DA:75,25
DA:76,24
DA:77,24
DA:80,25
DA:88,1
DA:111,24
DA:124,3
DA:136,1
DA:145,1
DA:156,3
DA:184,1
LF:54
LH:49
BRDA:17,0,0,21
BRDA:17,1,0,20
BRDA:17,2,0,25
BRDA:21,3,0,25
BRDA:21,3,1,0
BRDA:22,4,0,25
BRDA:22,4,1,0
BRDA:24,5,0,25
BRDA:24,5,1,25
BRDA:25,6,0,25
BRDA:25,6,1,2
BRDA:26,7,0,25
BRDA:26,7,1,23
BRDA:29,8,0,0
BRDA:29,8,1,2
BRDA:31,9,0,0
BRDA:31,9,1,2
BRDA:39,10,0,0
BRDA:39,10,1,2
BRDA:53,11,0,0
BRDA:53,11,1,0
BRDA:59,12,0,0
BRDA:59,12,1,1
BRDA:59,13,0,1
BRDA:59,13,1,1
BRDA:74,14,0,0
BRDA:74,14,1,25
BRDA:75,15,0,1
BRDA:75,15,1,24
BRDA:76,16,0,0
BRDA:76,16,1,24
BRDA:81,17,0,1
BRDA:81,17,1,24
BRDA:89,18,0,1
BRDA:89,18,1,24
BRDA:91,19,0,1
BRDA:91,19,1,24
BRDA:94,20,0,25
BRDA:94,20,1,0
BRDA:94,21,0,0
BRDA:94,21,1,0
BRDA:97,22,0,25
BRDA:97,22,1,0
BRDA:99,23,0,0
BRDA:99,23,1,0
BRDA:102,24,0,25
BRDA:102,24,1,1
BRDA:102,24,2,0
BRDA:103,25,0,0
BRDA:103,25,1,0
BRDA:107,26,0,25
BRDA:107,26,1,24
BRDA:132,27,0,24
BRDA:132,27,1,4
BRDA:153,28,0,24
BRDA:153,28,1,3
BRDA:167,29,0,24
BRDA:167,29,1,2
BRDA:173,30,0,2
BRDA:173,30,1,0
BRF:60
BRH:40
end_of_record
TN:
SF:src\components\CommunityCard.tsx
FN:9,CommunityCard
FN:15,(anonymous_1)
FN:19,(anonymous_2)
FNF:3
FNH:0
FNDA:0,CommunityCard
FNDA:0,(anonymous_1)
FNDA:0,(anonymous_2)
DA:1,1
DA:3,1
DA:10,0
DA:13,0
DA:15,0
DA:16,0
DA:19,0
DA:20,0
DA:21,0
DA:24,0
DA:43,1
LF:11
LH:3
BRDA:13,0,0,0
BRDA:13,0,1,0
BRF:2
BRH:0
end_of_record
TN:
SF:src\components\CommunityList.tsx
FN:9,CommunityList
FN:13,(anonymous_2)
FNF:2
FNH:1
FNDA:20,CommunityList
FNDA:0,(anonymous_2)
DA:2,1
DA:3,1
DA:10,20
DA:14,0
DA:29,1
LF:5
LH:4
BRDA:20,0,0,0
BRDA:20,0,1,0
BRF:2
BRH:0
end_of_record
TN:
SF:src\components\CreateCommunityModal.tsx
FN:10,CreateCommunityModal
FN:16,(anonymous_10)
FN:26,(anonymous_11)
FN:48,(anonymous_12)
FN:63,(anonymous_13)
FNF:5
FNH:1
FNDA:25,CreateCommunityModal
FNDA:0,(anonymous_10)
FNDA:0,(anonymous_11)
FNDA:0,(anonymous_12)
FNDA:0,(anonymous_13)
DA:1,1
DA:2,1
DA:11,25
DA:12,25
DA:14,25
DA:16,0
DA:17,0
DA:18,0
DA:19,0
DA:20,0
DA:21,0
DA:22,0
DA:26,0
DA:27,0
DA:28,0
DA:32,0
DA:48,0
DA:63,0
DA:84,1
LF:19
LH:6
BRDA:14,0,0,25
BRDA:14,0,1,0
BRDA:18,1,0,0
BRDA:18,1,1,0
BRDA:27,2,0,0
BRDA:27,2,1,0
BRF:6
BRH:1
end_of_record
TN:
SF:src\components\CreatePostForm.tsx
FN:27,CreatePostForm
FN:37,(anonymous_11)
FN:54,(anonymous_12)
FN:59,(anonymous_13)
FN:74,(anonymous_14)
FN:80,(anonymous_15)
FN:82,(anonymous_16)
FN:86,(anonymous_17)
FN:101,(anonymous_18)
FN:108,(anonymous_19)
FN:115,(anonymous_20)
FN:127,(anonymous_21)
FN:130,(anonymous_22)
FN:145,(anonymous_23)
FN:162,(anonymous_24)
FN:190,(anonymous_25)
FN:214,(anonymous_26)
FN:225,(anonymous_27)
FN:239,(anonymous_28)
FN:244,(anonymous_29)
FN:253,(anonymous_30)
FN:272,(anonymous_31)
FN:287,(anonymous_32)
FNF:23
FNH:12
FNDA:36,CreatePostForm
FNDA:3,(anonymous_11)
FNDA:0,(anonymous_12)
FNDA:0,(anonymous_13)
FNDA:1,(anonymous_14)
FNDA:0,(anonymous_15)
FNDA:0,(anonymous_16)
FNDA:0,(anonymous_17)
FNDA:0,(anonymous_18)
FNDA:2,(anonymous_19)
FNDA:2,(anonymous_20)
FNDA:2,(anonymous_21)
FNDA:68,(anonymous_22)
FNDA:5,(anonymous_23)
FNDA:2,(anonymous_24)
FNDA:1,(anonymous_25)
FNDA:1,(anonymous_26)
FNDA:0,(anonymous_27)
FNDA:7,(anonymous_28)
FNDA:0,(anonymous_29)
FNDA:0,(anonymous_30)
FNDA:0,(anonymous_31)
FNDA:0,(anonymous_32)
DA:1,2
DA:3,2
DA:4,2
DA:5,2
DA:6,2
DA:28,36
DA:29,36
DA:30,36
DA:31,36
DA:32,36
DA:33,36
DA:34,36
DA:35,36
DA:37,36
DA:38,3
DA:39,3
DA:41,3
DA:48,3
DA:49,2
DA:50,1
DA:51,1
DA:52,1
DA:53,0
DA:54,0
DA:55,0
DA:56,0
DA:57,0
DA:59,0
DA:60,0
DA:61,0
DA:64,3
DA:67,3
DA:68,3
DA:69,3
DA:70,3
DA:71,3
DA:74,36
DA:75,1
DA:76,1
DA:80,36
DA:81,0
DA:82,0
DA:86,36
DA:87,0
DA:88,0
DA:89,0
DA:92,36
DA:101,0
DA:108,2
DA:115,2
DA:127,2
DA:131,68
DA:145,5
DA:162,2
DA:190,1
DA:214,1
DA:225,0
DA:240,7
DA:244,0
DA:253,0
DA:272,0
DA:287,0
DA:311,2
LF:63
LH:44
BRDA:34,0,0,36
BRDA:34,0,1,34
BRDA:34,0,2,0
BRDA:39,1,0,0
BRDA:39,1,1,3
BRDA:48,2,0,2
BRDA:48,2,1,1
BRDA:50,3,0,1
BRDA:50,3,1,0
BRDA:53,4,0,0
BRDA:53,4,1,0
BRDA:55,5,0,0
BRDA:55,5,1,0
BRDA:60,6,0,0
BRDA:60,6,1,0
BRDA:75,7,0,1
BRDA:75,7,1,0
BRDA:81,8,0,0
BRDA:81,8,1,0
BRDA:100,9,0,27
BRDA:100,9,1,9
BRDA:107,10,0,6
BRDA:107,10,1,30
BRDA:114,11,0,3
BRDA:114,11,1,33
BRDA:121,12,0,36
BRDA:121,12,1,34
BRDA:155,13,0,36
BRDA:155,13,1,27
BRDA:161,14,0,1
BRDA:161,14,1,26
BRDA:164,15,0,1
BRDA:164,15,1,26
BRDA:167,16,0,1
BRDA:167,16,1,26
BRDA:173,17,0,0
BRDA:173,17,1,1
BRDA:206,18,0,36
BRDA:206,18,1,6
BRDA:235,19,0,36
BRDA:235,19,1,3
BRDA:250,20,0,7
BRDA:250,20,1,3
BRDA:261,21,0,3
BRDA:261,21,1,3
BRDA:298,22,0,36
BRDA:298,22,1,36
BRF:47
BRH:34
end_of_record
TN:
SF:src\components\FollowButton.tsx
FN:10,FollowButton
FN:15,(anonymous_10)
FN:19,(anonymous_11)
FN:36,(anonymous_12)
FNF:4
FNH:0
FNDA:0,FollowButton
FNDA:0,(anonymous_10)
FNDA:0,(anonymous_11)
FNDA:0,(anonymous_12)
DA:1,0
DA:2,0
DA:3,0
DA:11,0
DA:12,0
DA:13,0
DA:15,0
DA:16,0
DA:19,0
DA:20,0
DA:21,0
DA:22,0
DA:23,0
DA:26,0
DA:27,0
DA:28,0
DA:30,0
DA:32,0
DA:36,0
DA:37,0
DA:38,0
DA:39,0
DA:40,0
DA:43,0
DA:44,0
DA:45,0
DA:46,0
DA:47,0
DA:48,0
DA:50,0
DA:51,0
DA:52,0
DA:55,0
DA:56,0
DA:58,0
DA:62,0
DA:63,0
DA:70,0
DA:71,0
DA:72,0
DA:75,0
DA:86,0
LF:42
LH:0
BRDA:21,0,0,0
BRDA:21,0,1,0
BRDA:38,1,0,0
BRDA:38,1,1,0
BRDA:45,2,0,0
BRDA:45,2,1,0
BRDA:56,3,0,0
BRDA:56,3,1,0
BRDA:62,4,0,0
BRDA:62,4,1,0
BRDA:71,5,0,0
BRDA:71,5,1,0
BRDA:77,6,0,0
BRDA:77,6,1,0
BRDA:81,7,0,0
BRDA:81,7,1,0
BRDA:81,8,0,0
BRDA:81,8,1,0
BRF:18
BRH:0
end_of_record
TN:
SF:src\components\LoginForm.tsx
FN:10,LoginForm
FN:17,(anonymous_10)
FN:78,(anonymous_11)
FN:91,(anonymous_12)
FN:103,(anonymous_13)
FNF:5
FNH:0
FNDA:0,LoginForm
FNDA:0,(anonymous_10)
FNDA:0,(anonymous_11)
FNDA:0,(anonymous_12)
FNDA:0,(anonymous_13)
DA:1,0
DA:2,0
DA:3,0
DA:10,0
DA:11,0
DA:12,0
DA:13,0
DA:14,0
DA:15,0
DA:17,0
DA:18,0
DA:19,0
DA:22,0
DA:23,0
DA:24,0
DA:27,0
DA:28,0
DA:29,0
DA:32,0
DA:33,0
DA:34,0
DA:37,0
DA:39,0
DA:41,0
DA:44,0
DA:45,0
DA:48,0
DA:51,0
DA:53,0
DA:57,0
DA:78,0
DA:91,0
DA:103,0
LF:33
LH:0
BRDA:22,0,0,0
BRDA:22,0,1,0
BRDA:22,1,0,0
BRDA:22,1,1,0
BRDA:27,2,0,0
BRDA:27,2,1,0
BRDA:27,3,0,0
BRDA:27,3,1,0
BRDA:32,4,0,0
BRDA:32,4,1,0
BRDA:44,5,0,0
BRDA:44,5,1,0
BRDA:51,6,0,0
BRDA:51,6,1,0
BRDA:65,7,0,0
BRDA:65,7,1,0
BRDA:118,8,0,0
BRDA:118,8,1,0
BRF:18
BRH:0
end_of_record
TN:
SF:src\components\PollWidget.tsx
FN:12,PollWidget
FN:18,(anonymous_11)
FN:22,(anonymous_12)
FN:47,(anonymous_13)
FN:105,(anonymous_14)
FN:128,(anonymous_15)
FN:147,(anonymous_16)
FNF:7
FNH:0
FNDA:0,PollWidget
FNDA:0,(anonymous_11)
FNDA:0,(anonymous_12)
FNDA:0,(anonymous_13)
FNDA:0,(anonymous_14)
FNDA:0,(anonymous_15)
FNDA:0,(anonymous_16)
DA:1,0
DA:3,0
DA:4,0
DA:6,0
DA:13,0
DA:14,0
DA:15,0
DA:16,0
DA:18,0
DA:19,0
DA:22,0
DA:23,0
DA:24,0
DA:25,0
DA:28,0
DA:29,0
DA:30,0
DA:31,0
DA:35,0
DA:41,0
DA:43,0
DA:47,0
DA:48,0
DA:49,0
DA:50,0
DA:51,0
DA:54,0
DA:55,0
DA:56,0
DA:63,0
DA:64,0
DA:66,0
DA:70,0
DA:72,0
DA:73,0
DA:75,0
DA:79,0
DA:80,0
DA:83,0
DA:84,0
DA:87,0
DA:88,0
DA:89,0
DA:91,0
DA:107,0
DA:110,0
DA:112,0
DA:128,0
DA:147,0
DA:158,0
LF:50
LH:0
BRDA:6,0,0,0
BRDA:6,0,1,0
BRDA:29,1,0,0
BRDA:29,1,1,0
BRDA:29,2,0,0
BRDA:29,2,1,0
BRDA:49,3,0,0
BRDA:49,3,1,0
BRDA:63,4,0,0
BRDA:63,4,1,0
BRDA:73,5,0,0
BRDA:73,5,1,0
BRDA:79,6,0,0
BRDA:79,6,1,0
BRDA:83,7,0,0
BRDA:83,7,1,0
BRDA:89,8,0,0
BRDA:89,8,1,0
BRDA:96,9,0,0
BRDA:96,9,1,0
BRDA:97,10,0,0
BRDA:97,10,1,0
BRDA:97,10,2,0
BRDA:107,11,0,0
BRDA:107,11,1,0
BRDA:114,12,0,0
BRDA:114,12,1,0
BRDA:115,13,0,0
BRDA:115,13,1,0
BRDA:120,14,0,0
BRDA:120,14,1,0
BRDA:121,15,0,0
BRDA:121,15,1,0
BRDA:129,16,0,0
BRDA:129,16,1,0
BRDA:142,17,0,0
BRDA:142,17,1,0
BRDA:144,18,0,0
BRDA:144,18,1,0
BRDA:144,18,2,0
BRF:40
BRH:0
end_of_record
TN:
SF:src\components\PostCard.tsx
FN:18,PostCard
FN:27,(anonymous_11)
FN:33,(anonymous_12)
FN:37,(anonymous_13)
FN:46,(anonymous_14)
FN:53,(anonymous_15)
FN:60,(anonymous_16)
FN:85,(anonymous_17)
FN:177,(anonymous_18)
FNF:9
FNH:6
FNDA:33,PostCard
FNDA:21,(anonymous_11)
FNDA:21,(anonymous_12)
FNDA:1,(anonymous_13)
FNDA:1,(anonymous_14)
FNDA:1,(anonymous_15)
FNDA:0,(anonymous_16)
FNDA:0,(anonymous_17)
FNDA:0,(anonymous_18)
DA:1,3
DA:2,3
DA:4,3
DA:5,3
DA:6,3
DA:7,3
DA:8,3
DA:19,33
DA:20,33
DA:21,33
DA:22,33
DA:23,33
DA:24,33
DA:27,33
DA:28,21
DA:29,1
DA:33,33
DA:34,21
DA:37,33
DA:38,1
DA:39,1
DA:40,0
DA:42,1
DA:46,33
DA:47,1
DA:49,1
DA:53,33
DA:54,1
DA:56,1
DA:60,33
DA:61,0
DA:62,0
DA:64,0
DA:65,0
DA:66,0
DA:69,0
DA:70,0
DA:71,0
DA:72,0
DA:73,0
DA:75,0
DA:76,0
DA:79,0
DA:81,0
DA:85,33
DA:86,0
DA:87,0
DA:89,0
DA:91,0
DA:92,0
DA:93,0
DA:94,0
DA:95,0
DA:96,0
DA:98,0
DA:99,0
DA:100,0
DA:103,0
DA:105,0
DA:106,0
DA:107,0
DA:109,0
DA:112,0
DA:116,33
DA:178,0
DA:179,0
DA:180,0
DA:181,0
DA:182,0
DA:200,3
LF:70
LH:32
BRDA:18,0,0,0
BRDA:18,1,0,11
BRDA:23,2,0,33
BRDA:23,2,1,27
BRDA:28,3,0,1
BRDA:28,3,1,20
BRDA:28,4,0,21
BRDA:28,4,1,21
BRDA:47,5,0,1
BRDA:47,5,1,0
BRDA:49,6,0,0
BRDA:49,6,1,1
BRDA:54,7,0,1
BRDA:54,7,1,0
BRDA:56,8,0,0
BRDA:56,8,1,1
BRDA:64,9,0,0
BRDA:64,9,1,0
BRDA:71,10,0,0
BRDA:71,10,1,0
BRDA:89,11,0,0
BRDA:89,11,1,0
BRDA:93,12,0,0
BRDA:93,12,1,0
BRDA:96,13,0,0
BRDA:96,13,1,0
BRDA:100,14,0,0
BRDA:100,14,1,0
BRDA:105,15,0,0
BRDA:105,15,1,0
BRDA:107,16,0,0
BRDA:107,16,1,0
BRDA:109,17,0,0
BRDA:109,17,1,0
BRDA:119,18,0,33
BRDA:119,18,1,0
BRDA:126,19,0,33
BRDA:126,19,1,18
BRDA:135,20,0,33
BRDA:135,20,1,33
BRDA:135,20,2,6
BRDA:137,21,0,0
BRDA:137,21,1,6
BRDA:140,22,0,0
BRDA:140,22,1,6
BRDA:142,23,0,0
BRDA:142,23,1,6
BRDA:142,24,0,0
BRDA:142,24,1,6
BRDA:149,25,0,33
BRDA:149,25,1,19
BRDA:151,26,0,33
BRDA:151,26,1,0
BRDA:152,27,0,33
BRDA:152,27,1,0
BRDA:161,28,0,33
BRDA:161,28,1,0
BRDA:174,29,0,33
BRDA:174,29,1,19
BRDA:180,30,0,0
BRDA:180,30,1,0
BRDA:187,31,0,0
BRDA:187,31,1,33
BRDA:190,32,0,0
BRDA:190,32,1,33
BRDA:192,33,0,0
BRDA:192,33,1,33
BRDA:192,34,0,0
BRDA:192,34,1,33
BRDA:192,35,0,0
BRDA:192,35,1,33
BRF:71
BRH:33
end_of_record
TN:
SF:src\components\PostContent.tsx
FN:25,(anonymous_10)
FN:38,getYouTubeId
FN:45,getVimeoId
FN:51,PostContent
FN:71,(anonymous_14)
FN:73,(anonymous_15)
FN:79,(anonymous_16)
FN:81,(anonymous_17)
FN:118,(anonymous_18)
FN:120,(anonymous_19)
FN:125,(anonymous_20)
FN:127,(anonymous_21)
FNF:12
FNH:2
FNDA:6,(anonymous_10)
FNDA:0,getYouTubeId
FNDA:0,getVimeoId
FNDA:33,PostContent
FNDA:0,(anonymous_14)
FNDA:0,(anonymous_15)
FNDA:0,(anonymous_16)
FNDA:0,(anonymous_17)
FNDA:0,(anonymous_18)
FNDA:0,(anonymous_19)
FNDA:0,(anonymous_20)
FNDA:0,(anonymous_21)
DA:1,3
DA:3,3
DA:4,3
DA:5,3
DA:6,3
DA:7,3
DA:15,3
DA:25,6
DA:39,0
DA:40,0
DA:41,0
DA:46,0
DA:47,0
DA:48,0
DA:52,33
DA:55,33
DA:56,33
DA:59,33
DA:63,33
DA:72,0
DA:74,0
DA:80,0
DA:82,0
DA:96,0
DA:97,0
DA:119,0
DA:121,0
DA:126,0
DA:128,0
DA:143,0
DA:146,3
LF:31
LH:14
BRDA:25,0,0,3
BRDA:25,0,1,0
BRDA:41,1,0,0
BRDA:41,1,1,0
BRDA:41,2,0,0
BRDA:41,2,1,0
BRDA:48,3,0,0
BRDA:48,3,1,0
BRDA:51,4,0,0
BRDA:52,5,0,33
BRDA:52,5,1,11
BRDA:55,6,0,33
BRDA:55,6,1,0
BRDA:56,7,0,0
BRDA:56,7,1,33
BRDA:59,8,0,0
BRDA:59,8,1,33
BRDA:60,9,0,0
BRDA:60,9,1,33
BRDA:65,10,0,0
BRDA:65,10,1,33
BRDA:74,11,0,0
BRDA:74,11,1,0
BRDA:82,12,0,0
BRDA:82,12,1,0
BRDA:96,13,0,0
BRDA:96,13,1,0
BRDA:96,14,0,0
BRDA:96,14,1,0
BRDA:112,15,0,0
BRDA:112,15,1,0
BRDA:121,16,0,0
BRDA:121,16,1,0
BRDA:128,17,0,0
BRDA:128,17,1,0
BRF:35
BRH:8
end_of_record
TN:
SF:src\components\PostFeed.tsx
FN:13,PostFeed
FN:17,(anonymous_11)
FN:18,(anonymous_12)
FN:28,(anonymous_13)
FN:40,(anonymous_14)
FN:52,(anonymous_15)
FN:53,(anonymous_16)
FN:59,(anonymous_17)
FNF:8
FNH:6
FNDA:20,PostFeed
FNDA:11,(anonymous_11)
FNDA:11,(anonymous_12)
FNDA:13,(anonymous_13)
FNDA:9,(anonymous_14)
FNDA:0,(anonymous_15)
FNDA:0,(anonymous_16)
FNDA:22,(anonymous_17)
DA:1,2
DA:2,2
DA:4,2
DA:5,2
DA:14,20
DA:15,20
DA:17,20
DA:18,11
DA:19,11
DA:20,0
DA:22,0
DA:23,0
DA:26,11
DA:27,11
DA:28,13
DA:29,11
DA:30,11
DA:31,2
DA:33,0
DA:36,9
DA:39,9
DA:40,9
DA:41,9
DA:43,9
DA:45,11
DA:49,11
DA:52,20
DA:53,0
DA:56,20
DA:60,22
DA:78,2
LF:31
LH:26
BRDA:13,0,0,0
BRDA:19,1,0,0
BRDA:19,1,1,11
BRDA:29,2,0,11
BRDA:29,2,1,0
BRDA:36,3,0,0
BRDA:36,3,1,9
BRDA:58,4,0,20
BRDA:58,4,1,0
BRDA:64,5,0,22
BRDA:64,5,1,0
BRDA:64,6,0,22
BRDA:64,6,1,0
BRDA:65,7,0,22
BRDA:65,7,1,10
BRF:15
BRH:8
end_of_record
TN:
SF:src\components\PostSortFilter.tsx
FN:12,PostSortFilter
FN:23,(anonymous_2)
FN:27,(anonymous_3)
FNF:3
FNH:2
FNDA:18,PostSortFilter
FNDA:90,(anonymous_2)
FNDA:0,(anonymous_3)
DA:1,2
DA:2,2
DA:13,18
DA:21,18
DA:24,90
DA:27,0
DA:39,2
LF:7
LH:6
BRDA:12,0,0,0
BRDA:26,1,0,18
BRDA:26,1,1,72
BRF:3
BRH:2
end_of_record
TN:
SF:src\components\RegisterForm.tsx
FN:10,RegisterForm
FN:18,(anonymous_10)
FN:79,(anonymous_11)
FN:127,(anonymous_12)
FN:140,(anonymous_13)
FN:153,(anonymous_14)
FN:169,(anonymous_15)
FNF:7
FNH:0
FNDA:0,RegisterForm
FNDA:0,(anonymous_10)
FNDA:0,(anonymous_11)
FNDA:0,(anonymous_12)
FNDA:0,(anonymous_13)
FNDA:0,(anonymous_14)
FNDA:0,(anonymous_15)
DA:1,0
DA:2,0
DA:3,0
DA:10,0
DA:11,0
DA:12,0
DA:13,0
DA:14,0
DA:15,0
DA:16,0
DA:18,0
DA:19,0
DA:20,0
DA:23,0
DA:24,0
DA:25,0
DA:28,0
DA:29,0
DA:30,0
DA:33,0
DA:34,0
DA:35,0
DA:38,0
DA:39,0
DA:40,0
DA:44,0
DA:45,0
DA:46,0
DA:49,0
DA:50,0
DA:51,0
DA:54,0
DA:55,0
DA:56,0
DA:59,0
DA:60,0
DA:61,0
DA:64,0
DA:65,0
DA:66,0
DA:69,0
DA:70,0
DA:71,0
DA:74,0
DA:76,0
DA:78,0
DA:79,0
DA:80,0
DA:81,0
DA:82,0
DA:83,0
DA:90,0
DA:93,0
DA:94,0
DA:97,0
DA:100,0
DA:102,0
DA:106,0
DA:127,0
DA:140,0
DA:153,0
DA:169,0
LF:62
LH:0
BRDA:23,0,0,0
BRDA:23,0,1,0
BRDA:23,1,0,0
BRDA:23,1,1,0
BRDA:23,1,2,0
BRDA:23,1,3,0
BRDA:28,2,0,0
BRDA:28,2,1,0
BRDA:28,3,0,0
BRDA:28,3,1,0
BRDA:33,4,0,0
BRDA:33,4,1,0
BRDA:38,5,0,0
BRDA:38,5,1,0
BRDA:44,6,0,0
BRDA:44,6,1,0
BRDA:49,7,0,0
BRDA:49,7,1,0
BRDA:54,8,0,0
BRDA:54,8,1,0
BRDA:59,9,0,0
BRDA:59,9,1,0
BRDA:64,10,0,0
BRDA:64,10,1,0
BRDA:69,11,0,0
BRDA:69,11,1,0
BRDA:81,12,0,0
BRDA:81,12,1,0
BRDA:93,13,0,0
BRDA:93,13,1,0
BRDA:100,14,0,0
BRDA:100,14,1,0
BRDA:114,15,0,0
BRDA:114,15,1,0
BRDA:181,16,0,0
BRDA:181,16,1,0
BRF:36
BRH:0
end_of_record
TN:
SF:src\components\SearchBar.tsx
FN:12,SearchBar
FN:23,(anonymous_10)
FN:31,(anonymous_11)
FN:36,(anonymous_12)
FN:39,(anonymous_13)
FN:44,(anonymous_14)
FN:56,(anonymous_15)
FNF:7
FNH:5
FNDA:55,SearchBar
FNDA:37,(anonymous_10)
FNDA:4,(anonymous_11)
FNDA:7,(anonymous_12)
FNDA:0,(anonymous_13)
FNDA:0,(anonymous_14)
FNDA:8,(anonymous_15)
DA:1,3
DA:2,3
DA:19,55
DA:20,55
DA:23,55
DA:24,37
DA:26,30
DA:27,30
DA:30,7
DA:31,7
DA:32,4
DA:33,4
DA:36,7
DA:39,55
DA:40,0
DA:41,0
DA:44,55
DA:45,0
DA:46,0
DA:49,55
DA:56,8
DA:81,3
LF:22
LH:18
BRDA:14,0,0,0
BRDA:15,1,0,35
BRDA:16,2,0,21
BRDA:17,3,0,21
BRDA:24,4,0,30
BRDA:24,4,1,7
BRDA:60,5,0,55
BRDA:60,5,1,11
BRDA:61,6,0,55
BRDA:61,6,1,14
BRDA:61,6,2,4
BRDA:72,7,0,55
BRDA:72,7,1,0
BRDA:72,7,2,0
BRDA:74,8,0,0
BRDA:74,8,1,0
BRF:16
BRH:11
end_of_record
TN:
SF:src\components\VoteButtons.tsx
FN:15,VoteButtons
FN:16,(anonymous_2)
FN:25,(anonymous_3)
FNF:3
FNH:3
FNDA:70,VoteButtons
FNDA:4,(anonymous_2)
FNDA:4,(anonymous_3)
DA:1,5
DA:2,5
DA:16,70
DA:17,4
DA:18,4
DA:19,2
DA:20,2
DA:21,2
DA:25,70
DA:26,4
DA:27,4
DA:28,2
DA:29,2
DA:30,2
DA:34,70
DA:61,5
LF:16
LH:16
BRDA:15,0,0,9
BRDA:15,1,0,45
BRDA:15,2,0,70
BRDA:17,3,0,0
BRDA:17,3,1,4
BRDA:18,4,0,2
BRDA:18,4,1,2
BRDA:20,5,0,2
BRDA:20,5,1,0
BRDA:26,6,0,0
BRDA:26,6,1,4
BRDA:27,7,0,2
BRDA:27,7,1,2
BRDA:29,8,0,2
BRDA:29,8,1,0
BRDA:35,9,0,25
BRDA:35,9,1,45
BRDA:35,10,0,0
BRDA:35,10,1,70
BRDA:37,11,0,4
BRDA:37,11,1,66
BRDA:41,12,0,0
BRDA:41,12,1,70
BRDA:45,13,0,4
BRDA:45,13,1,66
BRDA:45,14,0,4
BRDA:45,14,1,62
BRDA:49,15,0,4
BRDA:49,15,1,66
BRDA:53,16,0,0
BRDA:53,16,1,70
BRF:31
BRH:24
end_of_record
TN:
SF:src\context\ThemeContext.tsx
FN:12,(anonymous_0)
FN:24,(anonymous_1)
FN:25,(anonymous_2)
FN:30,(anonymous_3)
FN:35,(anonymous_4)
FN:36,(anonymous_5)
FNF:6
FNH:0
FNDA:0,(anonymous_0)
FNDA:0,(anonymous_1)
FNDA:0,(anonymous_2)
FNDA:0,(anonymous_3)
FNDA:0,(anonymous_4)
FNDA:0,(anonymous_5)
DA:1,0
DA:10,0
DA:12,0
DA:13,0
DA:14,0
DA:15,0
DA:17,0
DA:24,0
DA:25,0
DA:26,0
DA:27,0
DA:30,0
DA:31,0
DA:32,0
DA:35,0
DA:36,0
DA:39,0
LF:17
LH:0
BRDA:14,0,0,0
BRDA:14,0,1,0
BRDA:27,1,0,0
BRDA:27,1,1,0
BRDA:36,2,0,0
BRDA:36,2,1,0
BRF:6
BRH:0
end_of_record
TN:
SF:src\pages\AuthPage.tsx
FN:8,AuthPage
FN:12,(anonymous_11)
FN:24,(anonymous_12)
FN:36,(anonymous_13)
FN:41,(anonymous_14)
FNF:5
FNH:0
FNDA:0,AuthPage
FNDA:0,(anonymous_11)
FNDA:0,(anonymous_12)
FNDA:0,(anonymous_13)
FNDA:0,(anonymous_14)
DA:1,0
DA:2,0
DA:3,0
DA:4,0
DA:8,0
DA:9,0
DA:10,0
DA:12,0
DA:14,0
DA:15,0
DA:17,0
DA:18,0
DA:19,0
DA:20,0
DA:24,0
DA:26,0
DA:27,0
DA:28,0
DA:31,0
DA:36,0
DA:41,0
LF:21
LH:0
BRDA:14,0,0,0
BRDA:14,0,1,0
BRDA:15,1,0,0
BRDA:15,1,1,0
BRDA:17,2,0,0
BRDA:17,2,1,0
BRDA:17,3,0,0
BRDA:17,3,1,0
BRDA:18,4,0,0
BRDA:18,4,1,0
BRDA:26,5,0,0
BRDA:26,5,1,0
BRDA:33,6,0,0
BRDA:33,6,1,0
BRF:14
BRH:0
end_of_record
TN:
SF:src\pages\CommunitiesPage.tsx
FN:9,CommunitiesPage
FN:17,(anonymous_11)
FN:22,(anonymous_12)
FN:29,(anonymous_13)
FN:37,(anonymous_14)
FN:59,(anonymous_15)
FN:76,(anonymous_16)
FN:96,(anonymous_17)
FN:119,(anonymous_18)
FN:149,(anonymous_19)
FN:161,(anonymous_20)
FNF:11
FNH:5
FNDA:26,CommunitiesPage
FNDA:7,(anonymous_11)
FNDA:7,(anonymous_12)
FNDA:7,(anonymous_13)
FNDA:12,(anonymous_14)
FNDA:0,(anonymous_15)
FNDA:0,(anonymous_16)
FNDA:0,(anonymous_17)
FNDA:0,(anonymous_18)
FNDA:0,(anonymous_19)
FNDA:0,(anonymous_20)
DA:1,1
DA:2,1
DA:3,1
DA:4,1
DA:6,1
DA:7,1
DA:10,26
DA:11,25
DA:12,25
DA:13,25
DA:14,25
DA:15,25
DA:17,25
DA:18,7
DA:22,25
DA:23,7
DA:24,7
DA:29,25
DA:30,7
DA:31,7
DA:32,7
DA:33,7
DA:34,6
DA:37,12
DA:46,6
DA:48,6
DA:49,6
DA:52,1
DA:53,1
DA:55,7
DA:59,25
DA:60,0
DA:62,0
DA:64,0
DA:65,0
DA:69,0
DA:70,0
DA:71,0
DA:72,0
DA:73,0
DA:76,0
DA:85,0
DA:86,0
DA:88,0
DA:89,0
DA:90,0
DA:92,0
DA:96,25
DA:97,0
DA:99,0
DA:101,0
DA:104,0
DA:105,0
DA:107,0
DA:108,0
DA:112,25
DA:119,0
DA:149,0
DA:161,0
DA:168,1
LF:60
LH:34
BRDA:23,0,0,7
BRDA:23,0,1,0
BRDA:34,1,0,6
BRDA:34,1,1,0
BRDA:41,2,0,12
BRDA:41,2,1,0
BRDA:42,3,0,12
BRDA:42,3,1,12
BRDA:42,3,2,0
BRDA:42,3,3,0
BRDA:43,4,0,12
BRDA:43,4,1,0
BRDA:48,5,0,6
BRDA:48,5,1,0
BRDA:62,6,0,0
BRDA:62,6,1,0
BRDA:73,7,0,0
BRDA:73,7,1,0
BRDA:80,8,0,0
BRDA:80,8,1,0
BRDA:81,9,0,0
BRDA:81,9,1,0
BRDA:81,9,2,0
BRDA:81,9,3,0
BRDA:82,10,0,0
BRDA:82,10,1,0
BRDA:108,11,0,0
BRDA:108,11,1,0
BRDA:133,12,0,14
BRDA:133,12,1,11
BRDA:137,13,0,1
BRDA:137,13,1,10
BRDA:146,14,0,0
BRDA:146,14,1,10
BRDA:146,15,0,10
BRDA:146,15,1,0
BRF:36
BRH:13
end_of_record
TN:
SF:src\pages\CommunityPage.tsx
FN:10,CommunityPage
FN:24,(anonymous_11)
FN:34,(anonymous_12)
FN:41,(anonymous_13)
FN:45,(anonymous_14)
FN:54,(anonymous_15)
FN:68,(anonymous_16)
FN:78,(anonymous_17)
FN:104,(anonymous_18)
FN:125,(anonymous_19)
FN:166,(anonymous_20)
FN:184,(anonymous_21)
FN:193,(anonymous_22)
FN:201,(anonymous_23)
FN:211,(anonymous_24)
FN:220,(anonymous_25)
FN:228,(anonymous_26)
FN:243,(anonymous_27)
FN:248,(anonymous_28)
FN:298,(anonymous_29)
FN:309,(anonymous_30)
FN:344,(anonymous_31)
FNF:22
FNH:10
FNDA:20,CommunityPage
FNDA:8,(anonymous_11)
FNDA:8,(anonymous_12)
FNDA:8,(anonymous_13)
FNDA:0,(anonymous_14)
FNDA:0,(anonymous_15)
FNDA:9,(anonymous_16)
FNDA:0,(anonymous_17)
FNDA:7,(anonymous_18)
FNDA:7,(anonymous_19)
FNDA:2,(anonymous_20)
FNDA:1,(anonymous_21)
FNDA:0,(anonymous_22)
FNDA:0,(anonymous_23)
FNDA:0,(anonymous_24)
FNDA:0,(anonymous_25)
FNDA:0,(anonymous_26)
FNDA:0,(anonymous_27)
FNDA:0,(anonymous_28)
FNDA:1,(anonymous_29)
FNDA:0,(anonymous_30)
FNDA:0,(anonymous_31)
DA:1,1
DA:2,1
DA:3,1
DA:4,1
DA:5,1
DA:7,1
DA:8,1
DA:11,20
DA:13,20
DA:14,19
DA:15,19
DA:16,19
DA:17,19
DA:18,19
DA:19,19
DA:20,19
DA:21,19
DA:24,19
DA:25,8
DA:26,8
DA:27,8
DA:28,1
DA:29,1
DA:31,7
DA:34,19
DA:35,8
DA:36,8
DA:37,8
DA:41,19
DA:42,8
DA:43,8
DA:44,8
DA:45,8
DA:46,0
DA:47,0
DA:48,0
DA:49,0
DA:51,0
DA:52,0
DA:54,8
DA:62,8
DA:64,0
DA:68,19
DA:69,9
DA:71,9
DA:72,9
DA:74,9
DA:76,9
DA:78,7
DA:79,0
DA:80,0
DA:81,0
DA:82,0
DA:84,0
DA:85,0
DA:88,7
DA:97,7
DA:98,7
DA:101,7
DA:102,7
DA:104,7
DA:121,7
DA:123,7
DA:124,7
DA:126,7
DA:127,7
DA:128,7
DA:130,0
DA:134,7
DA:136,2
DA:137,2
DA:139,9
DA:143,19
DA:144,9
DA:153,10
DA:154,1
DA:166,9
DA:167,2
DA:169,2
DA:170,2
DA:171,2
DA:174,2
DA:175,2
DA:177,2
DA:179,1
DA:180,1
DA:184,1
DA:187,2
DA:190,2
DA:193,9
DA:194,0
DA:195,0
DA:196,0
DA:199,0
DA:200,0
DA:202,0
DA:206,0
DA:208,0
DA:209,0
DA:210,0
DA:212,0
DA:216,0
DA:218,0
DA:219,0
DA:221,0
DA:224,0
DA:228,9
DA:229,0
DA:231,0
DA:232,0
DA:235,0
DA:236,0
DA:238,0
DA:239,0
DA:243,9
DA:244,0
DA:248,9
DA:249,0
DA:253,0
DA:256,0
DA:259,0
DA:262,0
DA:264,0
DA:268,9
DA:298,1
DA:309,0
DA:344,0
DA:355,1
LF:128
LH:82
BRDA:25,0,0,0
BRDA:25,0,1,8
BRDA:27,1,0,1
BRDA:27,1,1,7
BRDA:35,2,0,8
BRDA:35,2,1,0
BRDA:44,3,0,8
BRDA:44,3,1,0
BRDA:45,4,0,0
BRDA:45,5,0,0
BRDA:58,6,0,0
BRDA:58,6,1,0
BRDA:59,7,0,0
BRDA:59,7,1,0
BRDA:59,7,2,0
BRDA:59,7,3,0
BRDA:60,8,0,0
BRDA:60,8,1,0
BRDA:69,9,0,0
BRDA:69,9,1,9
BRDA:78,10,0,0
BRDA:78,11,0,0
BRDA:92,12,0,7
BRDA:92,12,1,0
BRDA:93,13,0,7
BRDA:93,13,1,0
BRDA:93,13,2,0
BRDA:93,13,3,0
BRDA:94,14,0,7
BRDA:94,14,1,0
BRDA:102,15,0,7
BRDA:102,15,1,0
BRDA:106,16,0,7
BRDA:106,16,1,7
BRDA:108,17,0,7
BRDA:108,17,1,0
BRDA:109,18,0,7
BRDA:109,18,1,7
BRDA:109,18,2,7
BRDA:110,19,0,7
BRDA:110,19,1,7
BRDA:110,19,2,7
BRDA:111,20,0,7
BRDA:111,20,1,7
BRDA:112,21,0,7
BRDA:112,21,1,7
BRDA:113,22,0,7
BRDA:113,22,1,7
BRDA:115,23,0,7
BRDA:115,23,1,0
BRDA:115,23,2,0
BRDA:116,24,0,7
BRDA:116,24,1,0
BRDA:116,24,2,0
BRDA:117,25,0,7
BRDA:117,25,1,0
BRDA:118,26,0,7
BRDA:118,26,1,7
BRDA:128,27,0,7
BRDA:128,27,1,0
BRDA:143,28,0,9
BRDA:143,28,1,10
BRDA:153,29,0,1
BRDA:153,29,1,9
BRDA:153,30,0,10
BRDA:153,30,1,9
BRDA:157,31,0,1
BRDA:157,31,1,0
BRDA:167,32,0,0
BRDA:167,32,1,2
BRDA:171,33,0,1
BRDA:171,33,1,1
BRDA:175,34,0,2
BRDA:175,34,1,0
BRDA:177,35,0,1
BRDA:177,35,1,1
BRDA:179,36,0,1
BRDA:179,36,1,0
BRDA:194,37,0,0
BRDA:194,37,1,0
BRDA:195,38,0,0
BRDA:195,38,1,0
BRDA:202,39,0,0
BRDA:202,39,1,0
BRDA:202,40,0,0
BRDA:202,40,1,0
BRDA:209,41,0,0
BRDA:209,41,1,0
BRDA:212,42,0,0
BRDA:212,42,1,0
BRDA:221,43,0,0
BRDA:221,43,1,0
BRDA:221,44,0,0
BRDA:221,44,1,0
BRDA:224,45,0,0
BRDA:224,45,1,0
BRDA:229,46,0,0
BRDA:229,46,1,0
BRDA:239,47,0,0
BRDA:239,47,1,0
BRDA:249,48,0,0
BRDA:249,48,1,0
BRDA:249,48,2,0
BRDA:249,48,3,0
BRDA:249,48,4,0
BRDA:249,48,5,0
BRDA:253,49,0,0
BRDA:253,49,1,0
BRDA:253,50,0,0
BRDA:253,50,1,0
BRDA:262,51,0,0
BRDA:262,51,1,0
BRDA:262,52,0,0
BRDA:262,52,1,0
BRDA:284,53,0,1
BRDA:284,53,1,8
BRDA:287,54,0,1
BRDA:287,54,1,8
BRDA:300,55,0,1
BRDA:300,55,1,8
BRDA:304,56,0,9
BRDA:304,56,1,1
BRF:122
BRH:53
end_of_record
TN:
SF:src\pages\HomePage.tsx
FN:13,(anonymous_10)
FN:30,HomePage
FN:40,(anonymous_12)
FN:42,(anonymous_13)
FN:60,(anonymous_14)
FN:86,(anonymous_15)
FN:91,(anonymous_16)
FN:96,(anonymous_17)
FN:119,(anonymous_18)
FN:147,(anonymous_19)
FN:155,(anonymous_20)
FN:165,(anonymous_21)
FN:174,(anonymous_22)
FN:189,(anonymous_23)
FN:197,(anonymous_24)
FN:205,(anonymous_25)
FN:242,(anonymous_26)
FN:270,(anonymous_27)
FNF:18
FNH:7
FNDA:6,(anonymous_10)
FNDA:10,HomePage
FNDA:5,(anonymous_12)
FNDA:5,(anonymous_13)
FNDA:6,(anonymous_14)
FNDA:0,(anonymous_15)
FNDA:0,(anonymous_16)
FNDA:2,(anonymous_17)
FNDA:0,(anonymous_18)
FNDA:0,(anonymous_19)
FNDA:0,(anonymous_20)
FNDA:0,(anonymous_21)
FNDA:0,(anonymous_22)
FNDA:0,(anonymous_23)
FNDA:0,(anonymous_24)
FNDA:0,(anonymous_25)
FNDA:9,(anonymous_26)
FNDA:0,(anonymous_27)
DA:1,1
DA:2,1
DA:3,1
DA:4,1
DA:5,1
DA:6,1
DA:8,1
DA:13,6
DA:31,10
DA:32,9
DA:33,9
DA:34,9
DA:35,9
DA:36,9
DA:37,9
DA:38,9
DA:40,9
DA:41,5
DA:42,5
DA:43,5
DA:44,5
DA:45,5
DA:47,5
DA:48,5
DA:49,0
DA:50,0
DA:52,0
DA:54,4
DA:55,4
DA:58,4
DA:59,4
DA:61,6
DA:62,6
DA:63,6
DA:65,6
DA:69,4
DA:71,1
DA:72,1
DA:73,0
DA:74,1
DA:75,0
DA:77,1
DA:80,5
DA:83,5
DA:86,9
DA:87,0
DA:88,0
DA:91,9
DA:92,0
DA:96,9
DA:97,2
DA:100,2
DA:103,0
DA:106,0
DA:109,0
DA:112,0
DA:114,0
DA:119,9
DA:120,0
DA:121,0
DA:122,0
DA:124,0
DA:125,0
DA:126,0
DA:129,0
DA:130,0
DA:131,0
DA:132,0
DA:133,0
DA:134,0
DA:135,0
DA:136,0
DA:137,0
DA:139,0
DA:140,0
DA:141,0
DA:143,0
DA:147,9
DA:148,0
DA:149,0
DA:150,0
DA:153,0
DA:154,0
DA:156,0
DA:160,0
DA:162,0
DA:163,0
DA:164,0
DA:166,0
DA:170,0
DA:172,0
DA:173,0
DA:175,0
DA:178,0
DA:182,9
DA:189,0
DA:197,0
DA:205,0
DA:243,9
DA:245,9
DA:247,0
DA:249,0
DA:251,0
DA:253,0
DA:255,0
DA:270,0
DA:307,1
LF:107
LH:50
BRDA:15,0,0,6
BRDA:15,0,1,0
BRDA:17,1,0,6
BRDA:17,1,1,0
BRDA:18,2,0,6
BRDA:18,2,1,6
BRDA:18,2,2,6
BRDA:19,3,0,6
BRDA:19,3,1,6
BRDA:19,3,2,6
BRDA:20,4,0,6
BRDA:20,4,1,0
BRDA:21,5,0,6
BRDA:21,5,1,0
BRDA:22,6,0,6
BRDA:22,6,1,0
BRDA:24,7,0,6
BRDA:24,7,1,6
BRDA:24,7,2,0
BRDA:25,8,0,6
BRDA:25,8,1,6
BRDA:25,8,2,0
BRDA:26,9,0,6
BRDA:26,9,1,0
BRDA:27,10,0,6
BRDA:27,10,1,6
BRDA:41,11,0,0
BRDA:41,11,1,5
BRDA:47,12,0,5
BRDA:47,12,1,0
BRDA:49,13,0,0
BRDA:49,13,1,0
BRDA:54,14,0,4
BRDA:54,14,1,0
BRDA:63,15,0,6
BRDA:63,15,1,0
BRDA:72,16,0,0
BRDA:72,16,1,1
BRDA:74,17,0,0
BRDA:74,17,1,1
BRDA:74,18,0,1
BRDA:74,18,1,0
BRDA:77,19,0,1
BRDA:77,19,1,1
BRDA:97,20,0,2
BRDA:97,20,1,0
BRDA:97,20,2,0
BRDA:97,20,3,0
BRDA:97,20,4,0
BRDA:97,20,5,0
BRDA:100,21,0,2
BRDA:100,21,1,0
BRDA:100,22,0,2
BRDA:100,22,1,0
BRDA:103,23,0,0
BRDA:103,23,1,0
BRDA:103,24,0,0
BRDA:103,24,1,0
BRDA:106,25,0,0
BRDA:106,25,1,0
BRDA:106,26,0,0
BRDA:106,26,1,0
BRDA:122,27,0,0
BRDA:122,27,1,0
BRDA:135,28,0,0
BRDA:135,28,1,0
BRDA:148,29,0,0
BRDA:148,29,1,0
BRDA:149,30,0,0
BRDA:149,30,1,0
BRDA:156,31,0,0
BRDA:156,31,1,0
BRDA:156,32,0,0
BRDA:156,32,1,0
BRDA:163,33,0,0
BRDA:163,33,1,0
BRDA:166,34,0,0
BRDA:166,34,1,0
BRDA:175,35,0,0
BRDA:175,35,1,0
BRDA:175,36,0,0
BRDA:175,36,1,0
BRDA:178,37,0,0
BRDA:178,37,1,0
BRDA:188,38,0,9
BRDA:188,38,1,0
BRDA:196,39,0,0
BRDA:196,39,1,9
BRDA:204,40,0,0
BRDA:204,40,1,9
BRDA:220,41,0,9
BRDA:220,41,1,0
BRDA:233,42,0,9
BRDA:233,42,1,4
BRDA:238,43,0,0
BRDA:238,43,1,9
BRDA:243,44,0,9
BRDA:243,44,1,0
BRDA:243,44,2,0
BRDA:243,44,3,0
BRDA:243,44,4,0
BRDA:243,44,5,0
BRDA:262,45,0,5
BRDA:262,45,1,4
BRDA:262,46,0,9
BRDA:262,46,1,4
BRDA:266,47,0,1
BRDA:266,47,1,3
BRDA:276,48,0,1
BRDA:276,48,1,2
BRDA:278,49,0,0
BRDA:278,49,1,1
BRF:112
BRH:47
end_of_record
TN:
SF:src\pages\PostPage.tsx
FN:18,PostPage
FN:31,(anonymous_11)
FN:32,(anonymous_12)
FN:62,(anonymous_13)
FN:105,(anonymous_14)
FN:109,(anonymous_15)
FN:116,(anonymous_16)
FN:139,(anonymous_17)
FN:163,(anonymous_18)
FN:175,(anonymous_19)
FN:192,(anonymous_20)
FN:205,(anonymous_21)
FN:240,(anonymous_22)
FN:257,(anonymous_23)
FN:264,(anonymous_24)
FN:265,(anonymous_25)
FN:329,(anonymous_26)
FN:347,(anonymous_27)
FN:360,(anonymous_28)
FNF:19
FNH:0
FNDA:0,PostPage
FNDA:0,(anonymous_11)
FNDA:0,(anonymous_12)
FNDA:0,(anonymous_13)
FNDA:0,(anonymous_14)
FNDA:0,(anonymous_15)
FNDA:0,(anonymous_16)
FNDA:0,(anonymous_17)
FNDA:0,(anonymous_18)
FNDA:0,(anonymous_19)
FNDA:0,(anonymous_20)
FNDA:0,(anonymous_21)
FNDA:0,(anonymous_22)
FNDA:0,(anonymous_23)
FNDA:0,(anonymous_24)
FNDA:0,(anonymous_25)
FNDA:0,(anonymous_26)
FNDA:0,(anonymous_27)
FNDA:0,(anonymous_28)
DA:1,0
DA:2,0
DA:3,0
DA:4,0
DA:5,0
DA:6,0
DA:7,0
DA:9,0
DA:10,0
DA:11,0
DA:12,0
DA:19,0
DA:20,0
DA:21,0
DA:22,0
DA:23,0
DA:24,0
DA:25,0
DA:26,0
DA:27,0
DA:28,0
DA:31,0
DA:32,0
DA:33,0
DA:35,0
DA:36,0
DA:38,0
DA:40,0
DA:43,0
DA:44,0
DA:62,0
DA:74,0
DA:75,0
DA:76,0
DA:79,0
DA:80,0
DA:83,0
DA:84,0
DA:85,0
DA:87,0
DA:90,0
DA:91,0
DA:94,0
DA:95,0
DA:97,0
DA:101,0
DA:105,0
DA:106,0
DA:107,0
DA:109,0
DA:110,0
DA:111,0
DA:112,0
DA:114,0
DA:116,0
DA:117,0
DA:118,0
DA:121,0
DA:122,0
DA:124,0
DA:127,0
DA:130,0
DA:131,0
DA:136,0
DA:139,0
DA:140,0
DA:141,0
DA:142,0
DA:143,0
DA:146,0
DA:147,0
DA:149,0
DA:151,0
DA:152,0
DA:153,0
DA:155,0
DA:157,0
DA:158,0
DA:159,0
DA:163,0
DA:164,0
DA:166,0
DA:167,0
DA:174,0
DA:175,0
DA:185,0
DA:187,0
DA:188,0
DA:192,0
DA:193,0
DA:194,0
DA:196,0
DA:197,0
DA:204,0
DA:205,0
DA:215,0
DA:216,0
DA:217,0
DA:219,0
DA:220,0
DA:224,0
DA:225,0
DA:236,0
DA:237,0
DA:240,0
DA:254,0
DA:257,0
DA:264,0
DA:265,0
DA:330,0
DA:331,0
DA:332,0
DA:347,0
DA:361,0
DA:370,0
LF:115
LH:0
BRDA:28,0,0,0
BRDA:28,0,1,0
BRDA:33,1,0,0
BRDA:33,1,1,0
BRDA:46,2,0,0
BRDA:46,2,1,0
BRDA:48,3,0,0
BRDA:48,3,1,0
BRDA:49,4,0,0
BRDA:49,4,1,0
BRDA:49,4,2,0
BRDA:50,5,0,0
BRDA:50,5,1,0
BRDA:50,5,2,0
BRDA:51,6,0,0
BRDA:51,6,1,0
BRDA:52,7,0,0
BRDA:52,7,1,0
BRDA:52,7,2,0
BRDA:53,8,0,0
BRDA:53,8,1,0
BRDA:53,8,2,0
BRDA:54,9,0,0
BRDA:54,9,1,0
BRDA:55,10,0,0
BRDA:55,10,1,0
BRDA:55,10,2,0
BRDA:56,11,0,0
BRDA:56,11,1,0
BRDA:56,11,2,0
BRDA:57,12,0,0
BRDA:57,12,1,0
BRDA:58,13,0,0
BRDA:58,13,1,0
BRDA:65,14,0,0
BRDA:65,14,1,0
BRDA:66,15,0,0
BRDA:66,15,1,0
BRDA:67,16,0,0
BRDA:67,16,1,0
BRDA:68,17,0,0
BRDA:68,17,1,0
BRDA:69,18,0,0
BRDA:69,18,1,0
BRDA:70,19,0,0
BRDA:70,19,1,0
BRDA:75,20,0,0
BRDA:75,20,1,0
BRDA:75,21,0,0
BRDA:75,21,1,0
BRDA:83,22,0,0
BRDA:83,22,1,0
BRDA:91,23,0,0
BRDA:91,23,1,0
BRDA:114,24,0,0
BRDA:114,24,1,0
BRDA:116,25,0,0
BRDA:116,25,1,0
BRDA:122,26,0,0
BRDA:122,26,1,0
BRDA:140,27,0,0
BRDA:140,27,1,0
BRDA:142,28,0,0
BRDA:142,28,1,0
BRDA:147,29,0,0
BRDA:147,29,1,0
BRDA:152,30,0,0
BRDA:152,30,1,0
BRDA:158,31,0,0
BRDA:158,31,1,0
BRDA:159,32,0,0
BRDA:159,32,1,0
BRDA:164,33,0,0
BRDA:164,33,1,0
BRDA:178,34,0,0
BRDA:178,34,1,0
BRDA:181,35,0,0
BRDA:181,35,1,0
BRDA:183,36,0,0
BRDA:183,36,1,0
BRDA:185,37,0,0
BRDA:185,37,1,0
BRDA:188,38,0,0
BRDA:188,38,1,0
BRDA:194,39,0,0
BRDA:194,39,1,0
BRDA:194,40,0,0
BRDA:194,40,1,0
BRDA:208,41,0,0
BRDA:208,41,1,0
BRDA:211,42,0,0
BRDA:211,42,1,0
BRDA:213,43,0,0
BRDA:213,43,1,0
BRDA:215,44,0,0
BRDA:215,44,1,0
BRDA:220,45,0,0
BRDA:220,45,1,0
BRDA:224,46,0,0
BRDA:224,46,1,0
BRDA:236,47,0,0
BRDA:236,47,1,0
BRDA:236,48,0,0
BRDA:236,48,1,0
BRDA:244,49,0,0
BRDA:244,49,1,0
BRDA:263,50,0,0
BRDA:263,50,1,0
BRDA:282,51,0,0
BRDA:282,51,1,0
BRDA:282,51,2,0
BRDA:291,52,0,0
BRDA:291,52,1,0
BRDA:292,53,0,0
BRDA:292,53,1,0
BRDA:301,54,0,0
BRDA:301,54,1,0
BRDA:308,55,0,0
BRDA:308,55,1,0
BRDA:311,56,0,0
BRDA:311,56,1,0
BRDA:315,57,0,0
BRDA:315,57,1,0
BRDA:330,58,0,0
BRDA:330,58,1,0
BRF:125
BRH:0
end_of_record
TN:
SF:src\pages\SavedPostsPage.tsx
FN:8,SavedPostsPage
FN:17,(anonymous_11)
FN:21,(anonymous_12)
FN:29,(anonymous_13)
FN:55,(anonymous_14)
FN:72,(anonymous_15)
FN:73,(anonymous_16)
FN:77,(anonymous_17)
FN:78,(anonymous_18)
FN:78,(anonymous_19)
FN:83,(anonymous_20)
FN:90,(anonymous_21)
FN:95,(anonymous_22)
FN:167,(anonymous_23)
FN:180,(anonymous_24)
FN:190,(anonymous_25)
FNF:16
FNH:0
FNDA:0,SavedPostsPage
FNDA:0,(anonymous_11)
FNDA:0,(anonymous_12)
FNDA:0,(anonymous_13)
FNDA:0,(anonymous_14)
FNDA:0,(anonymous_15)
FNDA:0,(anonymous_16)
FNDA:0,(anonymous_17)
FNDA:0,(anonymous_18)
FNDA:0,(anonymous_19)
FNDA:0,(anonymous_20)
FNDA:0,(anonymous_21)
FNDA:0,(anonymous_22)
FNDA:0,(anonymous_23)
FNDA:0,(anonymous_24)
FNDA:0,(anonymous_25)
DA:1,0
DA:2,0
DA:4,0
DA:5,0
DA:6,0
DA:9,0
DA:10,0
DA:11,0
DA:12,0
DA:13,0
DA:14,0
DA:15,0
DA:17,0
DA:18,0
DA:21,0
DA:22,0
DA:23,0
DA:24,0
DA:25,0
DA:27,0
DA:29,0
DA:50,0
DA:51,0
DA:54,0
DA:55,0
DA:56,0
DA:58,0
DA:61,0
DA:62,0
DA:63,0
DA:65,0
DA:68,0
DA:72,0
DA:73,0
DA:76,0
DA:77,0
DA:78,0
DA:83,0
DA:84,0
DA:85,0
DA:86,0
DA:90,0
DA:91,0
DA:95,0
DA:96,0
DA:100,0
DA:103,0
DA:106,0
DA:109,0
DA:111,0
DA:115,0
DA:116,0
DA:126,0
DA:127,0
DA:140,0
DA:168,0
DA:180,0
DA:190,0
DA:204,0
LF:59
LH:0
BRDA:27,0,0,0
BRDA:27,0,1,0
BRDA:40,1,0,0
BRDA:40,1,1,0
BRDA:40,1,2,0
BRDA:41,2,0,0
BRDA:41,2,1,0
BRDA:41,2,2,0
BRDA:42,3,0,0
BRDA:42,3,1,0
BRDA:42,3,2,0
BRDA:43,4,0,0
BRDA:43,4,1,0
BRDA:44,5,0,0
BRDA:44,5,1,0
BRDA:45,6,0,0
BRDA:45,6,1,0
BRDA:47,7,0,0
BRDA:47,7,1,0
BRDA:62,8,0,0
BRDA:62,8,1,0
BRDA:62,9,0,0
BRDA:62,9,1,0
BRDA:65,10,0,0
BRDA:65,10,1,0
BRDA:76,11,0,0
BRDA:76,11,1,0
BRDA:84,12,0,0
BRDA:84,12,1,0
BRDA:84,13,0,0
BRDA:84,13,1,0
BRDA:96,14,0,0
BRDA:96,14,1,0
BRDA:96,14,2,0
BRDA:96,14,3,0
BRDA:96,14,4,0
BRDA:96,14,5,0
BRDA:100,15,0,0
BRDA:100,15,1,0
BRDA:100,16,0,0
BRDA:100,16,1,0
BRDA:109,17,0,0
BRDA:109,17,1,0
BRDA:109,18,0,0
BRDA:109,18,1,0
BRDA:115,19,0,0
BRDA:115,19,1,0
BRDA:115,20,0,0
BRDA:115,20,1,0
BRDA:126,21,0,0
BRDA:126,21,1,0
BRDA:145,22,0,0
BRDA:145,22,1,0
BRDA:147,23,0,0
BRDA:147,23,1,0
BRDA:151,24,0,0
BRDA:151,24,1,0
BRDA:171,25,0,0
BRDA:171,25,1,0
BRDA:177,26,0,0
BRDA:177,26,1,0
BRF:61
BRH:0
end_of_record
TN:
SF:src\pages\SearchPage.tsx
FN:36,SearchPage
FN:46,(anonymous_11)
FN:63,(anonymous_12)
FN:70,(anonymous_13)
FN:85,(anonymous_14)
FN:106,(anonymous_15)
FN:110,(anonymous_16)
FN:118,(anonymous_17)
FN:138,(anonymous_18)
FN:146,(anonymous_19)
FN:153,(anonymous_20)
FN:172,(anonymous_21)
FN:180,(anonymous_22)
FN:184,(anonymous_23)
FN:207,(anonymous_24)
FN:213,(anonymous_25)
FN:219,(anonymous_26)
FN:248,(anonymous_27)
FN:264,(anonymous_28)
FN:269,(anonymous_29)
FN:276,(anonymous_30)
FNF:21
FNH:0
FNDA:0,SearchPage
FNDA:0,(anonymous_11)
FNDA:0,(anonymous_12)
FNDA:0,(anonymous_13)
FNDA:0,(anonymous_14)
FNDA:0,(anonymous_15)
FNDA:0,(anonymous_16)
FNDA:0,(anonymous_17)
FNDA:0,(anonymous_18)
FNDA:0,(anonymous_19)
FNDA:0,(anonymous_20)
FNDA:0,(anonymous_21)
FNDA:0,(anonymous_22)
FNDA:0,(anonymous_23)
FNDA:0,(anonymous_24)
FNDA:0,(anonymous_25)
FNDA:0,(anonymous_26)
FNDA:0,(anonymous_27)
FNDA:0,(anonymous_28)
FNDA:0,(anonymous_29)
FNDA:0,(anonymous_30)
DA:1,0
DA:2,0
DA:3,0
DA:4,0
DA:6,0
DA:7,0
DA:37,0
DA:38,0
DA:39,0
DA:40,0
DA:41,0
DA:42,0
DA:43,0
DA:46,0
DA:63,0
DA:64,0
DA:65,0
DA:66,0
DA:67,0
DA:70,0
DA:71,0
DA:72,0
DA:74,0
DA:75,0
DA:76,0
DA:77,0
DA:78,0
DA:80,0
DA:83,0
DA:84,0
DA:85,0
DA:89,0
DA:91,0
DA:94,0
DA:95,0
DA:96,0
DA:97,0
DA:99,0
DA:103,0
DA:106,0
DA:107,0
DA:110,0
DA:111,0
DA:112,0
DA:113,0
DA:116,0
DA:117,0
DA:119,0
DA:123,0
DA:124,0
DA:125,0
DA:127,0
DA:134,0
DA:136,0
DA:137,0
DA:139,0
DA:142,0
DA:146,0
DA:147,0
DA:148,0
DA:149,0
DA:152,0
DA:154,0
DA:158,0
DA:159,0
DA:160,0
DA:162,0
DA:169,0
DA:171,0
DA:173,0
DA:176,0
DA:180,0
DA:181,0
DA:183,0
DA:184,0
DA:185,0
DA:190,0
DA:192,0
DA:207,0
DA:213,0
DA:219,0
DA:249,0
DA:265,0
DA:269,0
DA:276,0
DA:318,0
LF:86
LH:0
BRDA:48,0,0,0
BRDA:48,0,1,0
BRDA:50,1,0,0
BRDA:50,1,1,0
BRDA:51,2,0,0
BRDA:51,2,1,0
BRDA:51,2,2,0
BRDA:52,3,0,0
BRDA:52,3,1,0
BRDA:52,3,2,0
BRDA:53,4,0,0
BRDA:53,4,1,0
BRDA:54,5,0,0
BRDA:54,5,1,0
BRDA:55,6,0,0
BRDA:55,6,1,0
BRDA:57,7,0,0
BRDA:57,7,1,0
BRDA:57,7,2,0
BRDA:58,8,0,0
BRDA:58,8,1,0
BRDA:58,8,2,0
BRDA:59,9,0,0
BRDA:59,9,1,0
BRDA:60,10,0,0
BRDA:60,10,1,0
BRDA:64,11,0,0
BRDA:64,11,1,0
BRDA:75,12,0,0
BRDA:75,12,1,0
BRDA:75,13,0,0
BRDA:75,13,1,0
BRDA:77,14,0,0
BRDA:77,14,1,0
BRDA:83,15,0,0
BRDA:83,15,1,0
BRDA:83,16,0,0
BRDA:83,16,1,0
BRDA:85,17,0,0
BRDA:85,17,1,0
BRDA:87,18,0,0
BRDA:87,18,1,0
BRDA:111,19,0,0
BRDA:111,19,1,0
BRDA:112,20,0,0
BRDA:112,20,1,0
BRDA:119,21,0,0
BRDA:119,21,1,0
BRDA:119,22,0,0
BRDA:119,22,1,0
BRDA:124,23,0,0
BRDA:124,23,1,0
BRDA:139,24,0,0
BRDA:139,24,1,0
BRDA:139,25,0,0
BRDA:139,25,1,0
BRDA:142,26,0,0
BRDA:142,26,1,0
BRDA:148,27,0,0
BRDA:148,27,1,0
BRDA:154,28,0,0
BRDA:154,28,1,0
BRDA:159,29,0,0
BRDA:159,29,1,0
BRDA:173,30,0,0
BRDA:173,30,1,0
BRDA:176,31,0,0
BRDA:176,31,1,0
BRDA:181,32,0,0
BRDA:181,32,1,0
BRDA:185,33,0,0
BRDA:185,33,1,0
BRDA:206,34,0,0
BRDA:206,34,1,0
BRDA:212,35,0,0
BRDA:212,35,1,0
BRDA:218,36,0,0
BRDA:218,36,1,0
BRDA:225,37,0,0
BRDA:225,37,1,0
BRDA:229,38,0,0
BRDA:229,38,1,0
BRDA:233,39,0,0
BRDA:233,39,1,0
BRDA:237,40,0,0
BRDA:237,40,1,0
BRDA:244,41,0,0
BRDA:244,41,1,0
BRDA:244,41,2,0
BRDA:244,41,3,0
BRDA:253,42,0,0
BRDA:253,42,1,0
BRDA:260,43,0,0
BRDA:260,43,1,0
BRDA:260,43,2,0
BRDA:260,43,3,0
BRDA:268,44,0,0
BRDA:268,44,1,0
BRDA:269,45,0,0
BRDA:269,45,1,0
BRDA:275,46,0,0
BRDA:275,46,1,0
BRDA:276,47,0,0
BRDA:276,47,1,0
BRDA:292,48,0,0
BRDA:292,48,1,0
BRDA:300,49,0,0
BRDA:300,49,1,0
BRF:108
BRH:0
end_of_record
TN:
SF:src\pages\SettingsPage.tsx
FN:8,SettingsPage
FN:27,(anonymous_1)
FN:29,(anonymous_2)
FN:30,(anonymous_3)
FN:52,(anonymous_4)
FN:58,(anonymous_5)
FN:65,(anonymous_6)
FN:71,(anonymous_7)
FN:104,(anonymous_8)
FN:151,(anonymous_9)
FN:177,(anonymous_10)
FN:195,(anonymous_11)
FN:241,(anonymous_12)
FN:247,(anonymous_13)
FN:253,(anonymous_14)
FN:256,(anonymous_15)
FN:267,(anonymous_16)
FN:279,(anonymous_17)
FN:292,(anonymous_18)
FNF:19
FNH:0
FNDA:0,SettingsPage
FNDA:0,(anonymous_1)
FNDA:0,(anonymous_2)
FNDA:0,(anonymous_3)
FNDA:0,(anonymous_4)
FNDA:0,(anonymous_5)
FNDA:0,(anonymous_6)
FNDA:0,(anonymous_7)
FNDA:0,(anonymous_8)
FNDA:0,(anonymous_9)
FNDA:0,(anonymous_10)
FNDA:0,(anonymous_11)
FNDA:0,(anonymous_12)
FNDA:0,(anonymous_13)
FNDA:0,(anonymous_14)
FNDA:0,(anonymous_15)
FNDA:0,(anonymous_16)
FNDA:0,(anonymous_17)
FNDA:0,(anonymous_18)
DA:1,0
DA:2,0
DA:3,0
DA:4,0
DA:6,0
DA:8,0
DA:9,0
DA:10,0
DA:11,0
DA:13,0
DA:14,0
DA:15,0
DA:16,0
DA:17,0
DA:18,0
DA:19,0
DA:20,0
DA:21,0
DA:23,0
DA:24,0
DA:26,0
DA:27,0
DA:29,0
DA:30,0
DA:31,0
DA:33,0
DA:34,0
DA:35,0
DA:36,0
DA:39,0
DA:40,0
DA:41,0
DA:42,0
DA:44,0
DA:46,0
DA:49,0
DA:52,0
DA:53,0
DA:54,0
DA:55,0
DA:58,0
DA:59,0
DA:60,0
DA:61,0
DA:62,0
DA:65,0
DA:66,0
DA:67,0
DA:68,0
DA:71,0
DA:72,0
DA:73,0
DA:74,0
DA:75,0
DA:77,0
DA:78,0
DA:79,0
DA:81,0
DA:82,0
DA:83,0
DA:85,0
DA:86,0
DA:87,0
DA:88,0
DA:91,0
DA:92,0
DA:93,0
DA:94,0
DA:95,0
DA:97,0
DA:98,0
DA:100,0
DA:104,0
DA:105,0
DA:106,0
DA:107,0
DA:108,0
DA:109,0
DA:110,0
DA:111,0
DA:113,0
DA:114,0
DA:116,0
DA:120,0
DA:121,0
DA:130,0
DA:151,0
DA:178,0
DA:179,0
DA:180,0
DA:182,0
DA:184,0
DA:196,0
DA:197,0
DA:198,0
DA:199,0
DA:200,0
DA:201,0
DA:203,0
DA:205,0
DA:241,0
DA:247,0
DA:253,0
DA:257,0
DA:258,0
DA:259,0
DA:260,0
DA:261,0
DA:262,0
DA:263,0
DA:264,0
DA:265,0
DA:266,0
DA:267,0
DA:269,0
DA:270,0
DA:279,0
DA:292,0
LF:118
LH:0
BRDA:40,0,0,0
BRDA:40,0,1,0
BRDA:41,1,0,0
BRDA:41,1,1,0
BRDA:42,2,0,0
BRDA:42,2,1,0
BRDA:53,3,0,0
BRDA:53,3,1,0
BRDA:54,4,0,0
BRDA:54,4,1,0
BRDA:73,5,0,0
BRDA:73,5,1,0
BRDA:77,6,0,0
BRDA:77,6,1,0
BRDA:86,7,0,0
BRDA:86,7,1,0
BRDA:97,8,0,0
BRDA:97,8,1,0
BRDA:105,9,0,0
BRDA:105,9,1,0
BRDA:113,10,0,0
BRDA:113,10,1,0
BRDA:120,11,0,0
BRDA:120,11,1,0
BRDA:135,12,0,0
BRDA:135,12,1,0
BRDA:141,13,0,0
BRDA:141,13,1,0
BRDA:149,14,0,0
BRDA:149,14,1,0
BRDA:155,15,0,0
BRDA:155,15,1,0
BRDA:158,16,0,0
BRDA:158,16,1,0
BRDA:175,17,0,0
BRDA:175,17,1,0
BRDA:179,18,0,0
BRDA:179,18,1,0
BRDA:190,19,0,0
BRDA:190,19,1,0
BRDA:194,20,0,0
BRDA:194,20,1,0
BRDA:199,21,0,0
BRDA:199,21,1,0
BRDA:203,22,0,0
BRDA:203,22,1,0
BRDA:209,23,0,0
BRDA:209,23,1,0
BRDA:261,24,0,0
BRDA:261,24,1,0
BRDA:262,25,0,0
BRDA:262,25,1,0
BRDA:262,26,0,0
BRDA:262,26,1,0
BRDA:262,26,2,0
BRDA:262,26,3,0
BRDA:269,27,0,0
BRDA:269,27,1,0
BRDA:272,28,0,0
BRDA:272,28,1,0
BRDA:295,29,0,0
BRDA:295,29,1,0
BRDA:296,30,0,0
BRDA:296,30,1,0
BRF:64
BRH:0
end_of_record
TN:
SF:src\pages\UserProfilePage.tsx
FN:21,(anonymous_10)
FN:38,UserProfilePage
FN:54,(anonymous_12)
FN:64,(anonymous_13)
FN:89,(anonymous_14)
FN:102,(anonymous_15)
FN:111,(anonymous_16)
FN:125,(anonymous_17)
FN:139,(anonymous_18)
FN:140,(anonymous_19)
FN:143,(anonymous_20)
FN:219,(anonymous_21)
FN:248,(anonymous_22)
FN:254,(anonymous_23)
FN:270,(anonymous_24)
FN:283,(anonymous_25)
FNF:16
FNH:0
FNDA:0,(anonymous_10)
FNDA:0,UserProfilePage
FNDA:0,(anonymous_12)
FNDA:0,(anonymous_13)
FNDA:0,(anonymous_14)
FNDA:0,(anonymous_15)
FNDA:0,(anonymous_16)
FNDA:0,(anonymous_17)
FNDA:0,(anonymous_18)
FNDA:0,(anonymous_19)
FNDA:0,(anonymous_20)
FNDA:0,(anonymous_21)
FNDA:0,(anonymous_22)
FNDA:0,(anonymous_23)
FNDA:0,(anonymous_24)
FNDA:0,(anonymous_25)
DA:1,0
DA:2,0
DA:3,0
DA:4,0
DA:5,0
DA:7,0
DA:21,0
DA:39,0
DA:40,0
DA:41,0
DA:42,0
DA:43,0
DA:44,0
DA:45,0
DA:46,0
DA:47,0
DA:48,0
DA:49,0
DA:50,0
DA:51,0
DA:52,0
DA:54,0
DA:55,0
DA:56,0
DA:57,0
DA:58,0
DA:59,0
DA:64,0
DA:65,0
DA:66,0
DA:68,0
DA:69,0
DA:78,0
DA:81,0
DA:82,0
DA:83,0
DA:85,0
DA:89,0
DA:90,0
DA:91,0
DA:95,0
DA:96,0
DA:98,0
DA:102,0
DA:103,0
DA:104,0
DA:105,0
DA:107,0
DA:111,0
DA:112,0
DA:113,0
DA:114,0
DA:115,0
DA:116,0
DA:118,0
DA:119,0
DA:121,0
DA:125,0
DA:126,0
DA:127,0
DA:128,0
DA:129,0
DA:130,0
DA:132,0
DA:133,0
DA:135,0
DA:139,0
DA:140,0
DA:143,0
DA:144,0
DA:145,0
DA:146,0
DA:148,0
DA:149,0
DA:153,0
DA:154,0
DA:163,0
DA:164,0
DA:173,0
DA:220,0
DA:248,0
DA:254,0
DA:271,0
DA:284,0
DA:308,0
LF:85
LH:0
BRDA:23,0,0,0
BRDA:23,0,1,0
BRDA:25,1,0,0
BRDA:25,1,1,0
BRDA:26,2,0,0
BRDA:26,2,1,0
BRDA:26,2,2,0
BRDA:27,3,0,0
BRDA:27,3,1,0
BRDA:27,3,2,0
BRDA:28,4,0,0
BRDA:28,4,1,0
BRDA:29,5,0,0
BRDA:29,5,1,0
BRDA:30,6,0,0
BRDA:30,6,1,0
BRDA:32,7,0,0
BRDA:32,7,1,0
BRDA:32,7,2,0
BRDA:33,8,0,0
BRDA:33,8,1,0
BRDA:33,8,2,0
BRDA:34,9,0,0
BRDA:34,9,1,0
BRDA:35,10,0,0
BRDA:35,10,1,0
BRDA:51,11,0,0
BRDA:51,11,1,0
BRDA:55,12,0,0
BRDA:55,12,1,0
BRDA:68,13,0,0
BRDA:68,13,1,0
BRDA:68,14,0,0
BRDA:68,14,1,0
BRDA:74,15,0,0
BRDA:74,15,1,0
BRDA:82,16,0,0
BRDA:82,16,1,0
BRDA:82,16,2,0
BRDA:105,17,0,0
BRDA:105,17,1,0
BRDA:115,18,0,0
BRDA:115,18,1,0
BRDA:129,19,0,0
BRDA:129,19,1,0
BRDA:140,20,0,0
BRDA:140,20,1,0
BRDA:145,21,0,0
BRDA:145,21,1,0
BRDA:145,22,0,0
BRDA:145,22,1,0
BRDA:145,22,2,0
BRDA:148,23,0,0
BRDA:148,23,1,0
BRDA:148,24,0,0
BRDA:148,24,1,0
BRDA:148,24,2,0
BRDA:153,25,0,0
BRDA:153,25,1,0
BRDA:163,26,0,0
BRDA:163,26,1,0
BRDA:163,27,0,0
BRDA:163,27,1,0
BRDA:167,28,0,0
BRDA:167,28,1,0
BRDA:178,29,0,0
BRDA:178,29,1,0
BRDA:189,30,0,0
BRDA:189,30,1,0
BRDA:193,31,0,0
BRDA:193,31,1,0
BRDA:217,32,0,0
BRDA:217,32,1,0
BRDA:229,33,0,0
BRDA:229,33,1,0
BRDA:233,34,0,0
BRDA:233,34,1,0
BRDA:247,35,0,0
BRDA:247,35,1,0
BRDA:253,36,0,0
BRDA:253,36,1,0
BRDA:261,37,0,0
BRDA:261,37,1,0
BRDA:262,38,0,0
BRDA:262,38,1,0
BRDA:264,39,0,0
BRDA:264,39,1,0
BRDA:275,40,0,0
BRDA:275,40,1,0
BRDA:277,41,0,0
BRDA:277,41,1,0
BRF:91
BRH:0
end_of_record
TN:
SF:src\services\api.ts
FN:12,(anonymous_1)
FN:21,(anonymous_2)
FN:28,(anonymous_3)
FN:29,(anonymous_4)
FN:138,(anonymous_5)
FN:145,(anonymous_6)
FN:152,(anonymous_7)
FN:157,(anonymous_8)
FN:162,(anonymous_9)
FN:167,(anonymous_10)
FN:172,(anonymous_11)
FN:179,(anonymous_12)
FN:184,(anonymous_13)
FN:189,(anonymous_14)
FN:196,(anonymous_15)
FN:203,(anonymous_16)
FN:208,(anonymous_17)
FN:213,(anonymous_18)
FN:218,(anonymous_19)
FN:222,(anonymous_20)
FN:229,(anonymous_21)
FN:239,(anonymous_22)
FN:244,(anonymous_23)
FN:249,(anonymous_24)
FN:256,(anonymous_25)
FN:261,(anonymous_26)
FN:266,(anonymous_27)
FN:276,(anonymous_28)
FN:281,(anonymous_29)
FN:286,(anonymous_30)
FN:294,(anonymous_31)
FN:299,(anonymous_32)
FN:304,(anonymous_33)
FN:311,(anonymous_34)
FN:318,(anonymous_35)
FN:323,(anonymous_36)
FN:328,(anonymous_37)
FN:333,(anonymous_38)
FN:341,(anonymous_39)
FN:346,(anonymous_40)
FN:351,(anonymous_41)
FN:356,(anonymous_42)
FN:363,(anonymous_43)
FN:370,(anonymous_44)
FN:380,(anonymous_45)
FN:387,(anonymous_46)
FN:392,(anonymous_47)
FN:397,(anonymous_48)
FN:402,(anonymous_49)
FNF:49
FNH:0
FNDA:0,(anonymous_1)
FNDA:0,(anonymous_2)
FNDA:0,(anonymous_3)
FNDA:0,(anonymous_4)
FNDA:0,(anonymous_5)
FNDA:0,(anonymous_6)
FNDA:0,(anonymous_7)
FNDA:0,(anonymous_8)
FNDA:0,(anonymous_9)
FNDA:0,(anonymous_10)
FNDA:0,(anonymous_11)
FNDA:0,(anonymous_12)
FNDA:0,(anonymous_13)
FNDA:0,(anonymous_14)
FNDA:0,(anonymous_15)
FNDA:0,(anonymous_16)
FNDA:0,(anonymous_17)
FNDA:0,(anonymous_18)
FNDA:0,(anonymous_19)
FNDA:0,(anonymous_20)
FNDA:0,(anonymous_21)
FNDA:0,(anonymous_22)
FNDA:0,(anonymous_23)
FNDA:0,(anonymous_24)
FNDA:0,(anonymous_25)
FNDA:0,(anonymous_26)
FNDA:0,(anonymous_27)
FNDA:0,(anonymous_28)
FNDA:0,(anonymous_29)
FNDA:0,(anonymous_30)
FNDA:0,(anonymous_31)
FNDA:0,(anonymous_32)
FNDA:0,(anonymous_33)
FNDA:0,(anonymous_34)
FNDA:0,(anonymous_35)
FNDA:0,(anonymous_36)
FNDA:0,(anonymous_37)
FNDA:0,(anonymous_38)
FNDA:0,(anonymous_39)
FNDA:0,(anonymous_40)
FNDA:0,(anonymous_41)
FNDA:0,(anonymous_42)
FNDA:0,(anonymous_43)
FNDA:0,(anonymous_44)
FNDA:0,(anonymous_45)
FNDA:0,(anonymous_46)
FNDA:0,(anonymous_47)
FNDA:0,(anonymous_48)
FNDA:0,(anonymous_49)
DA:1,2
DA:3,2
DA:6,2
DA:11,2
DA:13,0
DA:16,0
DA:17,0
DA:19,0
DA:22,0
DA:27,2
DA:28,0
DA:30,0
DA:32,0
DA:33,0
DA:34,0
DA:35,0
DA:36,0
DA:37,0
DA:38,0
DA:41,0
DA:42,0
DA:45,0
DA:50,2
DA:137,2
DA:139,0
DA:142,0
DA:146,0
DA:149,0
DA:153,0
DA:154,0
DA:158,0
DA:159,0
DA:163,0
DA:164,0
DA:168,0
DA:169,0
DA:173,0
DA:176,0
DA:180,0
DA:181,0
DA:185,0
DA:186,0
DA:190,0
DA:195,2
DA:197,0
DA:200,0
DA:204,0
DA:205,0
DA:209,0
DA:210,0
DA:214,0
DA:215,0
DA:219,0
DA:223,0
DA:226,0
DA:230,0
DA:233,0
DA:238,2
DA:240,0
DA:241,0
DA:245,0
DA:246,0
DA:250,0
DA:253,0
DA:257,0
DA:258,0
DA:262,0
DA:263,0
DA:267,0
DA:272,2
DA:277,0
DA:278,0
DA:282,0
DA:283,0
DA:287,0
DA:288,0
DA:293,2
DA:295,0
DA:296,0
DA:300,0
DA:301,0
DA:305,0
DA:308,0
DA:312,0
DA:315,0
DA:319,0
DA:320,0
DA:324,0
DA:325,0
DA:329,0
DA:330,0
DA:334,0
DA:335,0
DA:340,2
DA:342,0
DA:343,0
DA:347,0
DA:348,0
DA:352,0
DA:353,0
DA:357,0
DA:360,0
DA:364,0
DA:367,0
DA:371,0
DA:374,0
DA:379,2
DA:381,0
DA:384,0
DA:388,0
DA:389,0
DA:393,0
DA:394,0
DA:398,0
DA:399,0
DA:403,0
DA:404,0
LF:117
LH:13
BRDA:13,0,0,0
BRDA:13,0,1,0
BRDA:13,0,2,0
BRDA:16,1,0,0
BRDA:16,1,1,0
BRDA:30,2,0,0
BRDA:30,2,1,0
BRDA:41,3,0,0
BRDA:41,3,1,0
BRDA:138,4,0,0
BRDA:138,5,0,0
BRDA:145,6,0,0
BRDA:145,7,0,0
BRDA:172,8,0,0
BRDA:172,9,0,0
BRDA:196,10,0,0
BRDA:196,11,0,0
BRDA:222,12,0,0
BRDA:222,13,0,0
BRDA:229,14,0,0
BRDA:229,15,0,0
BRDA:249,16,0,0
BRDA:249,17,0,0
BRDA:304,18,0,0
BRDA:304,19,0,0
BRDA:311,20,0,0
BRDA:311,21,0,0
BRDA:356,22,0,0
BRDA:356,23,0,0
BRDA:363,24,0,0
BRDA:363,25,0,0
BRDA:370,26,0,0
BRDA:370,27,0,0
BRDA:380,28,0,0
BRDA:380,29,0,0
BRF:35
BRH:0
end_of_record
TN:
SF:src\services\auth.ts
FN:36,(anonymous_1)
FN:41,(anonymous_2)
FN:52,(anonymous_3)
FN:59,(anonymous_4)
FN:72,(anonymous_5)
FN:83,(anonymous_6)
FN:97,(anonymous_7)
FN:109,(anonymous_8)
FN:121,(anonymous_9)
FN:143,(anonymous_10)
FN:170,(anonymous_11)
FN:186,(anonymous_12)
FN:188,(anonymous_13)
FN:195,(anonymous_14)
FN:202,(anonymous_15)
FN:203,(anonymous_16)
FN:220,(anonymous_17)
FN:233,(anonymous_18)
FNF:18
FNH:1
FNDA:0,(anonymous_1)
FNDA:0,(anonymous_2)
FNDA:0,(anonymous_3)
FNDA:0,(anonymous_4)
FNDA:0,(anonymous_5)
FNDA:0,(anonymous_6)
FNDA:0,(anonymous_7)
FNDA:0,(anonymous_8)
FNDA:0,(anonymous_9)
FNDA:0,(anonymous_10)
FNDA:0,(anonymous_11)
FNDA:1,(anonymous_12)
FNDA:0,(anonymous_13)
FNDA:0,(anonymous_14)
FNDA:0,(anonymous_15)
FNDA:0,(anonymous_16)
FNDA:0,(anonymous_17)
FNDA:0,(anonymous_18)
DA:1,1
DA:3,1
DA:37,0
DA:42,0
DA:43,0
DA:44,0
DA:45,0
DA:47,0
DA:53,0
DA:54,0
DA:55,0
DA:60,0
DA:61,0
DA:62,0
DA:64,0
DA:65,0
DA:67,0
DA:73,0
DA:75,0
DA:76,0
DA:77,0
DA:78,0
DA:79,0
DA:84,0
DA:85,0
DA:86,0
DA:87,0
DA:88,0
DA:89,0
DA:90,0
DA:91,0
DA:92,0
DA:93,0
DA:98,0
DA:99,0
DA:100,0
DA:101,0
DA:103,0
DA:104,0
DA:110,0
DA:111,0
DA:112,0
DA:113,0
DA:115,0
DA:116,0
DA:122,0
DA:123,0
DA:124,0
DA:125,0
DA:138,0
DA:144,0
DA:145,0
DA:146,0
DA:147,0
DA:150,0
DA:157,0
DA:158,0
DA:159,0
DA:161,0
DA:163,0
DA:164,0
DA:165,0
DA:171,0
DA:172,0
DA:173,0
DA:174,0
DA:175,0
DA:177,0
DA:178,0
DA:179,0
DA:180,0
DA:181,0
DA:187,1
DA:189,0
DA:190,0
DA:191,0
DA:193,0
DA:196,0
DA:201,1
DA:202,0
DA:204,0
DA:206,0
DA:207,0
DA:208,0
DA:210,0
DA:211,0
DA:214,0
DA:221,0
DA:223,0
DA:224,0
DA:225,0
DA:226,0
DA:227,0
DA:229,0
DA:234,0
DA:235,0
DA:239,1
DA:242,1
LF:98
LH:6
BRDA:37,0,0,0
BRDA:37,0,1,0
BRDA:42,1,0,0
BRDA:42,1,1,0
BRDA:43,2,0,0
BRDA:43,2,1,0
BRDA:55,3,0,0
BRDA:55,3,1,0
BRDA:62,4,0,0
BRDA:62,4,1,0
BRDA:72,5,0,0
BRDA:73,6,0,0
BRDA:73,6,1,0
BRDA:103,7,0,0
BRDA:103,7,1,0
BRDA:109,8,0,0
BRDA:115,9,0,0
BRDA:115,9,1,0
BRDA:124,10,0,0
BRDA:124,10,1,0
BRDA:146,11,0,0
BRDA:146,11,1,0
BRDA:157,12,0,0
BRDA:157,12,1,0
BRDA:164,13,0,0
BRDA:164,13,1,0
BRDA:171,14,0,0
BRDA:171,14,1,0
BRDA:172,15,0,0
BRDA:172,15,1,0
BRDA:177,16,0,0
BRDA:177,16,1,0
BRDA:180,17,0,0
BRDA:180,17,1,0
BRDA:190,18,0,0
BRDA:190,18,1,0
BRDA:204,19,0,0
BRDA:204,19,1,0
BRDA:207,20,0,0
BRDA:207,20,1,0
BRDA:207,21,0,0
BRDA:207,21,1,0
BRDA:224,22,0,0
BRDA:224,22,1,0
BRDA:226,23,0,0
BRDA:226,23,1,0
BRF:46
BRH:0
end_of_record
TN:
SF:src\utils\authGuard.ts
FN:11,requireAuth
FN:28,getRedirectAfterLogin
FN:41,hasExpiredToken
FNF:3
FNH:3
FNDA:3,requireAuth
FNDA:3,getRedirectAfterLogin
FNDA:3,hasExpiredToken
DA:5,1
DA:11,1
DA:12,3
DA:14,2
DA:15,1
DA:19,2
DA:20,2
DA:22,1
DA:28,1
DA:29,3
DA:30,3
DA:31,2
DA:32,2
DA:34,1
DA:41,1
DA:42,3
DA:43,3
DA:46,3
LF:18
LH:18
BRDA:12,0,0,2
BRDA:12,0,1,1
BRDA:14,1,0,1
BRDA:14,1,1,1
BRDA:30,2,0,2
BRDA:30,2,1,1
BRDA:46,3,0,3
BRDA:46,3,1,2
BRF:8
BRH:8
end_of_record
TN:
SF:src\utils\formatMentions.tsx
FN:7,formatMentions
FN:28,(anonymous_1)
FNF:2
FNH:0
FNDA:0,formatMentions
FNDA:0,(anonymous_1)
DA:1,3
DA:7,3
DA:8,0
DA:9,0
DA:10,0
DA:12,0
DA:14,0
DA:15,0
DA:16,0
DA:17,0
DA:20,0
DA:22,0
DA:23,0
DA:28,0
DA:34,0
DA:37,0
DA:40,0
DA:41,0
DA:42,0
DA:45,0
LF:20
LH:2
BRDA:16,0,0,0
BRDA:16,0,1,0
BRDA:22,1,0,0
BRDA:22,1,1,0
BRDA:41,2,0,0
BRDA:41,2,1,0
BRDA:45,3,0,0
BRDA:45,3,1,0
BRF:8
BRH:0
end_of_record
