TN:
SF:src\App.tsx
FN:16,App
FN:22,(anonymous_2)
FN:24,(anonymous_3)
FN:60,(anonymous_4)
FNF:4
FNH:0
FNDA:0,App
FNDA:0,(anonymous_2)
FNDA:0,(anonymous_3)
FNDA:0,(anonymous_4)
DA:1,0
DA:2,0
DA:3,0
DA:4,0
DA:5,0
DA:6,0
DA:7,0
DA:8,0
DA:9,0
DA:10,0
DA:11,0
DA:12,0
DA:13,0
DA:14,0
DA:17,0
DA:18,0
DA:19,0
DA:20,0
DA:22,0
DA:24,0
DA:25,0
DA:26,0
DA:27,0
DA:31,0
DA:33,0
DA:34,0
DA:35,0
DA:36,0
DA:41,0
DA:42,0
DA:43,0
DA:46,0
DA:47,0
DA:50,0
DA:51,0
DA:53,0
DA:57,0
DA:60,0
DA:61,0
DA:62,0
DA:63,0
DA:64,0
DA:65,0
DA:67,0
DA:71,0
DA:72,0
DA:79,0
DA:149,0
LF:48
LH:0
BRDA:31,0,0,0
BRDA:31,0,1,0
BRDA:31,1,0,0
BRDA:31,1,1,0
BRDA:71,2,0,0
BRDA:71,2,1,0
BRDA:82,3,0,0
BRDA:82,3,1,0
BRDA:96,4,0,0
BRDA:96,4,1,0
BRDA:97,5,0,0
BRDA:97,5,1,0
BRDA:113,6,0,0
BRDA:113,6,1,0
BRDA:117,7,0,0
BRDA:117,7,1,0
BRDA:121,8,0,0
BRDA:121,8,1,0
BRDA:129,9,0,0
BRDA:129,9,1,0
BRDA:133,10,0,0
BRDA:133,10,1,0
BRDA:137,11,0,0
BRDA:137,11,1,0
BRDA:141,12,0,0
BRDA:141,12,1,0
BRF:26
BRH:0
end_of_record
TN:
SF:src\components\AISummaryContent.tsx
FN:10,AISummaryContent
FN:17,(anonymous_2)
FN:18,(anonymous_3)
FN:19,(anonymous_4)
FN:20,(anonymous_5)
FN:21,(anonymous_6)
FN:22,(anonymous_7)
FN:23,(anonymous_8)
FN:24,(anonymous_9)
FN:25,(anonymous_10)
FN:26,(anonymous_11)
FN:27,(anonymous_12)
FN:28,(anonymous_13)
FN:29,(anonymous_14)
FNF:14
FNH:0
FNDA:0,AISummaryContent
FNDA:0,(anonymous_2)
FNDA:0,(anonymous_3)
FNDA:0,(anonymous_4)
FNDA:0,(anonymous_5)
FNDA:0,(anonymous_6)
FNDA:0,(anonymous_7)
FNDA:0,(anonymous_8)
FNDA:0,(anonymous_9)
FNDA:0,(anonymous_10)
FNDA:0,(anonymous_11)
FNDA:0,(anonymous_12)
FNDA:0,(anonymous_13)
FNDA:0,(anonymous_14)
DA:1,0
DA:2,0
DA:3,0
DA:10,0
DA:11,0
DA:17,0
DA:18,0
DA:19,0
DA:20,0
DA:21,0
DA:22,0
DA:23,0
DA:24,0
DA:25,0
DA:26,0
DA:27,0
DA:28,0
DA:29,0
LF:18
LH:0
BRF:0
BRH:0
end_of_record
TN:
SF:src\components\CommentItem.tsx
FN:17,CommentItem
FN:28,(anonymous_11)
FN:57,(anonymous_12)
FN:66,(anonymous_13)
FN:88,(anonymous_14)
FN:110,(anonymous_15)
FN:124,(anonymous_16)
FN:136,(anonymous_17)
FN:145,(anonymous_18)
FN:155,(anonymous_19)
FN:171,(anonymous_20)
FNF:11
FNH:2
FNDA:52,CommentItem
FNDA:0,(anonymous_11)
FNDA:0,(anonymous_12)
FNDA:52,(anonymous_13)
FNDA:0,(anonymous_14)
FNDA:0,(anonymous_15)
FNDA:0,(anonymous_16)
FNDA:0,(anonymous_17)
FNDA:0,(anonymous_18)
FNDA:0,(anonymous_19)
FNDA:0,(anonymous_20)
DA:1,1
DA:2,1
DA:4,1
DA:5,1
DA:6,1
DA:7,1
DA:18,52
DA:19,52
DA:20,52
DA:21,52
DA:22,52
DA:24,52
DA:25,52
DA:26,52
DA:28,52
DA:29,0
DA:30,0
DA:31,0
DA:32,0
DA:35,0
DA:36,0
DA:38,0
DA:39,0
DA:40,0
DA:42,0
DA:49,0
DA:51,0
DA:52,0
DA:53,0
DA:57,52
DA:58,0
DA:59,0
DA:61,0
DA:62,0
DA:63,0
DA:66,52
DA:67,52
DA:68,52
DA:69,52
DA:70,52
DA:71,52
DA:72,52
DA:74,52
DA:75,52
DA:76,48
DA:77,48
DA:80,52
DA:88,0
DA:111,0
DA:124,0
DA:136,0
DA:145,0
DA:156,0
DA:184,1
LF:54
LH:29
BRDA:17,0,0,48
BRDA:17,1,0,44
BRDA:17,2,0,52
BRDA:21,3,0,52
BRDA:21,3,1,0
BRDA:22,4,0,52
BRDA:22,4,1,0
BRDA:24,5,0,52
BRDA:24,5,1,52
BRDA:25,6,0,52
BRDA:25,6,1,4
BRDA:26,7,0,52
BRDA:26,7,1,48
BRDA:29,8,0,0
BRDA:29,8,1,0
BRDA:31,9,0,0
BRDA:31,9,1,0
BRDA:39,10,0,0
BRDA:39,10,1,0
BRDA:53,11,0,0
BRDA:53,11,1,0
BRDA:59,12,0,0
BRDA:59,12,1,0
BRDA:59,13,0,0
BRDA:59,13,1,0
BRDA:74,14,0,0
BRDA:74,14,1,52
BRDA:75,15,0,4
BRDA:75,15,1,48
BRDA:76,16,0,0
BRDA:76,16,1,48
BRDA:81,17,0,0
BRDA:81,17,1,52
BRDA:89,18,0,0
BRDA:89,18,1,52
BRDA:91,19,0,0
BRDA:91,19,1,52
BRDA:94,20,0,52
BRDA:94,20,1,0
BRDA:94,21,0,0
BRDA:94,21,1,0
BRDA:97,22,0,52
BRDA:97,22,1,0
BRDA:99,23,0,0
BRDA:99,23,1,0
BRDA:102,24,0,52
BRDA:102,24,1,0
BRDA:102,24,2,0
BRDA:103,25,0,0
BRDA:103,25,1,0
BRDA:107,26,0,52
BRDA:107,26,1,52
BRDA:132,27,0,0
BRDA:132,27,1,0
BRDA:153,28,0,0
BRDA:153,28,1,0
BRDA:167,29,0,0
BRDA:167,29,1,0
BRDA:173,30,0,0
BRDA:173,30,1,0
BRF:60
BRH:23
end_of_record
TN:
SF:src\components\CommunityCard.tsx
FN:9,CommunityCard
FN:15,(anonymous_1)
FN:19,(anonymous_2)
FNF:3
FNH:0
FNDA:0,CommunityCard
FNDA:0,(anonymous_1)
FNDA:0,(anonymous_2)
DA:1,1
DA:3,1
DA:10,0
DA:13,0
DA:15,0
DA:16,0
DA:19,0
DA:20,0
DA:21,0
DA:24,0
DA:43,1
LF:11
LH:3
BRDA:13,0,0,0
BRDA:13,0,1,0
BRF:2
BRH:0
end_of_record
TN:
SF:src\components\CommunityList.tsx
FN:9,CommunityList
FN:13,(anonymous_2)
FNF:2
FNH:0
FNDA:0,CommunityList
FNDA:0,(anonymous_2)
DA:2,1
DA:3,1
DA:10,0
DA:14,0
DA:29,1
LF:5
LH:3
BRDA:20,0,0,0
BRDA:20,0,1,0
BRF:2
BRH:0
end_of_record
TN:
SF:src\components\CreateCommunityModal.tsx
FN:10,CreateCommunityModal
FN:16,(anonymous_1)
FN:26,(anonymous_2)
FN:48,(anonymous_3)
FN:63,(anonymous_4)
FNF:5
FNH:0
FNDA:0,CreateCommunityModal
FNDA:0,(anonymous_1)
FNDA:0,(anonymous_2)
FNDA:0,(anonymous_3)
FNDA:0,(anonymous_4)
DA:1,1
DA:2,1
DA:11,0
DA:12,0
DA:14,0
DA:16,0
DA:17,0
DA:18,0
DA:19,0
DA:20,0
DA:21,0
DA:22,0
DA:26,0
DA:27,0
DA:28,0
DA:32,0
DA:48,0
DA:63,0
DA:84,1
LF:19
LH:3
BRDA:14,0,0,0
BRDA:14,0,1,0
BRDA:18,1,0,0
BRDA:18,1,1,0
BRDA:27,2,0,0
BRDA:27,2,1,0
BRF:6
BRH:0
end_of_record
TN:
SF:src\components\CreatePostForm.tsx
FN:24,CreatePostForm
FN:33,(anonymous_1)
FN:50,(anonymous_2)
FN:55,(anonymous_3)
FN:70,(anonymous_4)
FN:76,(anonymous_5)
FN:78,(anonymous_6)
FN:82,(anonymous_7)
FN:97,(anonymous_8)
FN:104,(anonymous_9)
FN:111,(anonymous_10)
FN:123,(anonymous_11)
FN:126,(anonymous_12)
FN:141,(anonymous_13)
FN:157,(anonymous_14)
FN:175,(anonymous_15)
FN:186,(anonymous_16)
FN:200,(anonymous_17)
FN:205,(anonymous_18)
FN:214,(anonymous_19)
FN:233,(anonymous_20)
FN:248,(anonymous_21)
FNF:22
FNH:1
FNDA:44,CreatePostForm
FNDA:0,(anonymous_1)
FNDA:0,(anonymous_2)
FNDA:0,(anonymous_3)
FNDA:0,(anonymous_4)
FNDA:0,(anonymous_5)
FNDA:0,(anonymous_6)
FNDA:0,(anonymous_7)
FNDA:0,(anonymous_8)
FNDA:0,(anonymous_9)
FNDA:0,(anonymous_10)
FNDA:0,(anonymous_11)
FNDA:0,(anonymous_12)
FNDA:0,(anonymous_13)
FNDA:0,(anonymous_14)
FNDA:0,(anonymous_15)
FNDA:0,(anonymous_16)
FNDA:0,(anonymous_17)
FNDA:0,(anonymous_18)
FNDA:0,(anonymous_19)
FNDA:0,(anonymous_20)
FNDA:0,(anonymous_21)
DA:1,2
DA:3,2
DA:25,44
DA:26,44
DA:27,44
DA:28,44
DA:29,44
DA:30,44
DA:31,44
DA:33,44
DA:34,0
DA:35,0
DA:37,0
DA:44,0
DA:45,0
DA:46,0
DA:47,0
DA:48,0
DA:49,0
DA:50,0
DA:51,0
DA:52,0
DA:53,0
DA:55,0
DA:56,0
DA:57,0
DA:60,0
DA:63,0
DA:64,0
DA:65,0
DA:66,0
DA:67,0
DA:70,44
DA:71,0
DA:72,0
DA:76,44
DA:77,0
DA:78,0
DA:82,44
DA:83,0
DA:84,0
DA:85,0
DA:88,44
DA:97,0
DA:104,0
DA:111,0
DA:123,0
DA:127,0
DA:141,0
DA:157,0
DA:175,0
DA:186,0
DA:201,0
DA:205,0
DA:214,0
DA:233,0
DA:248,0
DA:272,2
LF:58
LH:15
BRDA:31,0,0,44
BRDA:31,0,1,40
BRDA:31,0,2,0
BRDA:35,1,0,0
BRDA:35,1,1,0
BRDA:44,2,0,0
BRDA:44,2,1,0
BRDA:46,3,0,0
BRDA:46,3,1,0
BRDA:49,4,0,0
BRDA:49,4,1,0
BRDA:51,5,0,0
BRDA:51,5,1,0
BRDA:56,6,0,0
BRDA:56,6,1,0
BRDA:71,7,0,0
BRDA:71,7,1,0
BRDA:77,8,0,0
BRDA:77,8,1,0
BRDA:96,9,0,0
BRDA:96,9,1,0
BRDA:103,10,0,0
BRDA:103,10,1,0
BRDA:110,11,0,0
BRDA:110,11,1,0
BRDA:117,12,0,0
BRDA:117,12,1,0
BRDA:151,13,0,0
BRDA:151,13,1,0
BRDA:167,14,0,0
BRDA:167,14,1,0
BRDA:196,15,0,0
BRDA:196,15,1,0
BRDA:211,16,0,0
BRDA:211,16,1,0
BRDA:222,17,0,0
BRDA:222,17,1,0
BRDA:259,18,0,0
BRDA:259,18,1,0
BRF:39
BRH:2
end_of_record
TN:
SF:src\components\FollowButton.tsx
FN:10,FollowButton
FN:15,(anonymous_10)
FN:19,(anonymous_11)
FN:36,(anonymous_12)
FNF:4
FNH:0
FNDA:0,FollowButton
FNDA:0,(anonymous_10)
FNDA:0,(anonymous_11)
FNDA:0,(anonymous_12)
DA:1,0
DA:2,0
DA:3,0
DA:11,0
DA:12,0
DA:13,0
DA:15,0
DA:16,0
DA:19,0
DA:20,0
DA:21,0
DA:22,0
DA:23,0
DA:26,0
DA:27,0
DA:28,0
DA:30,0
DA:32,0
DA:36,0
DA:37,0
DA:38,0
DA:39,0
DA:40,0
DA:43,0
DA:44,0
DA:45,0
DA:46,0
DA:47,0
DA:48,0
DA:50,0
DA:51,0
DA:52,0
DA:55,0
DA:56,0
DA:58,0
DA:62,0
DA:63,0
DA:70,0
DA:71,0
DA:72,0
DA:75,0
DA:86,0
LF:42
LH:0
BRDA:21,0,0,0
BRDA:21,0,1,0
BRDA:38,1,0,0
BRDA:38,1,1,0
BRDA:45,2,0,0
BRDA:45,2,1,0
BRDA:56,3,0,0
BRDA:56,3,1,0
BRDA:62,4,0,0
BRDA:62,4,1,0
BRDA:71,5,0,0
BRDA:71,5,1,0
BRDA:77,6,0,0
BRDA:77,6,1,0
BRDA:81,7,0,0
BRDA:81,7,1,0
BRDA:81,8,0,0
BRDA:81,8,1,0
BRF:18
BRH:0
end_of_record
TN:
SF:src\components\LoginForm.tsx
FN:10,LoginForm
FN:17,(anonymous_1)
FN:78,(anonymous_2)
FN:91,(anonymous_3)
FN:103,(anonymous_4)
FNF:5
FNH:0
FNDA:0,LoginForm
FNDA:0,(anonymous_1)
FNDA:0,(anonymous_2)
FNDA:0,(anonymous_3)
FNDA:0,(anonymous_4)
DA:1,0
DA:2,0
DA:3,0
DA:10,0
DA:11,0
DA:12,0
DA:13,0
DA:14,0
DA:15,0
DA:17,0
DA:18,0
DA:19,0
DA:22,0
DA:23,0
DA:24,0
DA:27,0
DA:28,0
DA:29,0
DA:32,0
DA:33,0
DA:34,0
DA:37,0
DA:39,0
DA:41,0
DA:44,0
DA:45,0
DA:48,0
DA:51,0
DA:53,0
DA:57,0
DA:78,0
DA:91,0
DA:103,0
LF:33
LH:0
BRDA:22,0,0,0
BRDA:22,0,1,0
BRDA:22,1,0,0
BRDA:22,1,1,0
BRDA:27,2,0,0
BRDA:27,2,1,0
BRDA:27,3,0,0
BRDA:27,3,1,0
BRDA:32,4,0,0
BRDA:32,4,1,0
BRDA:44,5,0,0
BRDA:44,5,1,0
BRDA:51,6,0,0
BRDA:51,6,1,0
BRDA:65,7,0,0
BRDA:65,7,1,0
BRDA:118,8,0,0
BRDA:118,8,1,0
BRF:18
BRH:0
end_of_record
TN:
SF:src\components\PollWidget.tsx
FN:12,PollWidget
FN:18,(anonymous_2)
FN:22,(anonymous_3)
FN:47,(anonymous_4)
FN:105,(anonymous_5)
FN:128,(anonymous_6)
FN:147,(anonymous_7)
FNF:7
FNH:0
FNDA:0,PollWidget
FNDA:0,(anonymous_2)
FNDA:0,(anonymous_3)
FNDA:0,(anonymous_4)
FNDA:0,(anonymous_5)
FNDA:0,(anonymous_6)
FNDA:0,(anonymous_7)
DA:1,0
DA:3,0
DA:4,0
DA:6,0
DA:13,0
DA:14,0
DA:15,0
DA:16,0
DA:18,0
DA:19,0
DA:22,0
DA:23,0
DA:24,0
DA:25,0
DA:28,0
DA:29,0
DA:30,0
DA:31,0
DA:35,0
DA:41,0
DA:43,0
DA:47,0
DA:48,0
DA:49,0
DA:50,0
DA:51,0
DA:54,0
DA:55,0
DA:56,0
DA:63,0
DA:64,0
DA:66,0
DA:70,0
DA:72,0
DA:73,0
DA:75,0
DA:79,0
DA:80,0
DA:83,0
DA:84,0
DA:87,0
DA:88,0
DA:89,0
DA:91,0
DA:107,0
DA:110,0
DA:112,0
DA:128,0
DA:147,0
DA:158,0
LF:50
LH:0
BRDA:6,0,0,0
BRDA:6,0,1,0
BRDA:29,1,0,0
BRDA:29,1,1,0
BRDA:29,2,0,0
BRDA:29,2,1,0
BRDA:49,3,0,0
BRDA:49,3,1,0
BRDA:63,4,0,0
BRDA:63,4,1,0
BRDA:73,5,0,0
BRDA:73,5,1,0
BRDA:79,6,0,0
BRDA:79,6,1,0
BRDA:83,7,0,0
BRDA:83,7,1,0
BRDA:89,8,0,0
BRDA:89,8,1,0
BRDA:96,9,0,0
BRDA:96,9,1,0
BRDA:97,10,0,0
BRDA:97,10,1,0
BRDA:97,10,2,0
BRDA:107,11,0,0
BRDA:107,11,1,0
BRDA:114,12,0,0
BRDA:114,12,1,0
BRDA:115,13,0,0
BRDA:115,13,1,0
BRDA:120,14,0,0
BRDA:120,14,1,0
BRDA:121,15,0,0
BRDA:121,15,1,0
BRDA:129,16,0,0
BRDA:129,16,1,0
BRDA:142,17,0,0
BRDA:142,17,1,0
BRDA:144,18,0,0
BRDA:144,18,1,0
BRDA:144,18,2,0
BRF:40
BRH:0
end_of_record
TN:
SF:src\components\PostCard.tsx
FN:18,PostCard
FN:27,(anonymous_11)
FN:33,(anonymous_12)
FN:37,(anonymous_13)
FN:46,(anonymous_14)
FN:53,(anonymous_15)
FN:60,(anonymous_16)
FN:85,(anonymous_17)
FN:177,(anonymous_18)
FNF:9
FNH:5
FNDA:11,PostCard
FNDA:11,(anonymous_11)
FNDA:11,(anonymous_12)
FNDA:0,(anonymous_13)
FNDA:1,(anonymous_14)
FNDA:1,(anonymous_15)
FNDA:0,(anonymous_16)
FNDA:0,(anonymous_17)
FNDA:0,(anonymous_18)
DA:1,3
DA:2,3
DA:4,3
DA:5,3
DA:6,3
DA:7,3
DA:8,3
DA:19,11
DA:20,11
DA:21,11
DA:22,11
DA:23,11
DA:24,11
DA:27,11
DA:28,11
DA:29,0
DA:33,11
DA:34,11
DA:37,11
DA:38,0
DA:39,0
DA:40,0
DA:42,0
DA:46,11
DA:47,1
DA:49,1
DA:53,11
DA:54,1
DA:56,1
DA:60,11
DA:61,0
DA:62,0
DA:64,0
DA:65,0
DA:66,0
DA:69,0
DA:70,0
DA:71,0
DA:72,0
DA:73,0
DA:75,0
DA:76,0
DA:79,0
DA:81,0
DA:85,11
DA:86,0
DA:87,0
DA:89,0
DA:91,0
DA:92,0
DA:93,0
DA:94,0
DA:95,0
DA:96,0
DA:98,0
DA:99,0
DA:100,0
DA:103,0
DA:105,0
DA:106,0
DA:107,0
DA:109,0
DA:112,0
DA:116,11
DA:178,0
DA:179,0
DA:180,0
DA:181,0
DA:182,0
DA:200,3
LF:70
LH:28
BRDA:18,0,0,0
BRDA:18,1,0,11
BRDA:28,2,0,0
BRDA:28,2,1,11
BRDA:28,3,0,11
BRDA:28,3,1,11
BRDA:47,4,0,1
BRDA:47,4,1,0
BRDA:49,5,0,0
BRDA:49,5,1,1
BRDA:54,6,0,1
BRDA:54,6,1,0
BRDA:56,7,0,0
BRDA:56,7,1,1
BRDA:64,8,0,0
BRDA:64,8,1,0
BRDA:71,9,0,0
BRDA:71,9,1,0
BRDA:89,10,0,0
BRDA:89,10,1,0
BRDA:93,11,0,0
BRDA:93,11,1,0
BRDA:96,12,0,0
BRDA:96,12,1,0
BRDA:100,13,0,0
BRDA:100,13,1,0
BRDA:105,14,0,0
BRDA:105,14,1,0
BRDA:107,15,0,0
BRDA:107,15,1,0
BRDA:109,16,0,0
BRDA:109,16,1,0
BRDA:119,17,0,11
BRDA:119,17,1,0
BRDA:126,18,0,11
BRDA:126,18,1,0
BRDA:135,19,0,11
BRDA:135,19,1,11
BRDA:135,19,2,0
BRDA:137,20,0,0
BRDA:137,20,1,0
BRDA:140,21,0,0
BRDA:140,21,1,0
BRDA:142,22,0,0
BRDA:142,22,1,0
BRDA:142,23,0,0
BRDA:142,23,1,0
BRDA:149,24,0,11
BRDA:149,24,1,1
BRDA:151,25,0,11
BRDA:151,25,1,0
BRDA:152,26,0,11
BRDA:152,26,1,0
BRDA:161,27,0,11
BRDA:161,27,1,0
BRDA:174,28,0,11
BRDA:174,28,1,1
BRDA:180,29,0,0
BRDA:180,29,1,0
BRDA:187,30,0,0
BRDA:187,30,1,11
BRDA:190,31,0,0
BRDA:190,31,1,11
BRDA:192,32,0,0
BRDA:192,32,1,11
BRDA:192,33,0,0
BRDA:192,33,1,11
BRDA:192,34,0,0
BRDA:192,34,1,11
BRF:69
BRH:24
end_of_record
TN:
SF:src\components\PostContent.tsx
FN:12,getYouTubeId
FN:19,getVimeoId
FN:25,PostContent
FN:35,(anonymous_4)
FN:37,(anonymous_5)
FN:46,(anonymous_6)
FN:75,(anonymous_7)
FNF:7
FNH:2
FNDA:0,getYouTubeId
FNDA:0,getVimeoId
FNDA:11,PostContent
FNDA:0,(anonymous_4)
FNDA:0,(anonymous_5)
FNDA:11,(anonymous_6)
FNDA:0,(anonymous_7)
DA:1,3
DA:3,3
DA:4,3
DA:13,0
DA:14,0
DA:15,0
DA:20,0
DA:21,0
DA:22,0
DA:26,11
DA:29,11
DA:30,11
DA:32,11
DA:36,0
DA:38,0
DA:47,11
DA:56,0
DA:57,0
DA:76,0
DA:86,0
DA:89,3
LF:21
LH:9
BRDA:15,0,0,0
BRDA:15,0,1,0
BRDA:15,1,0,0
BRDA:15,1,1,0
BRDA:22,2,0,0
BRDA:22,2,1,0
BRDA:25,3,0,0
BRDA:26,4,0,11
BRDA:26,4,1,11
BRDA:29,5,0,11
BRDA:29,5,1,0
BRDA:30,6,0,0
BRDA:30,6,1,11
BRDA:34,7,0,0
BRDA:34,7,1,11
BRDA:45,8,0,0
BRDA:45,8,1,11
BRDA:56,9,0,0
BRDA:56,9,1,0
BRDA:56,10,0,0
BRDA:56,10,1,0
BRDA:72,11,0,0
BRDA:72,11,1,0
BRF:23
BRH:6
end_of_record
TN:
SF:src\components\PostFeed.tsx
FN:12,PostFeed
FN:16,(anonymous_2)
FN:17,(anonymous_3)
FN:27,(anonymous_4)
FN:39,(anonymous_5)
FN:51,(anonymous_6)
FN:52,(anonymous_7)
FN:58,(anonymous_8)
FNF:8
FNH:0
FNDA:0,PostFeed
FNDA:0,(anonymous_2)
FNDA:0,(anonymous_3)
FNDA:0,(anonymous_4)
FNDA:0,(anonymous_5)
FNDA:0,(anonymous_6)
FNDA:0,(anonymous_7)
FNDA:0,(anonymous_8)
DA:1,2
DA:2,2
DA:4,2
DA:5,2
DA:13,0
DA:14,0
DA:16,0
DA:17,0
DA:18,0
DA:19,0
DA:21,0
DA:22,0
DA:25,0
DA:26,0
DA:27,0
DA:28,0
DA:29,0
DA:30,0
DA:32,0
DA:35,0
DA:38,0
DA:39,0
DA:40,0
DA:42,0
DA:44,0
DA:48,0
DA:51,0
DA:52,0
DA:55,0
DA:59,0
DA:76,2
LF:31
LH:5
BRDA:18,0,0,0
BRDA:18,0,1,0
BRDA:28,1,0,0
BRDA:28,1,1,0
BRDA:35,2,0,0
BRDA:35,2,1,0
BRDA:57,3,0,0
BRDA:57,3,1,0
BRDA:63,4,0,0
BRDA:63,4,1,0
BRF:10
BRH:0
end_of_record
TN:
SF:src\components\PostSortFilter.tsx
FN:11,PostSortFilter
FN:22,(anonymous_1)
FN:26,(anonymous_2)
FNF:3
FNH:0
FNDA:0,PostSortFilter
FNDA:0,(anonymous_1)
FNDA:0,(anonymous_2)
DA:1,2
DA:12,0
DA:20,0
DA:23,0
DA:26,0
DA:38,2
LF:6
LH:2
BRDA:11,0,0,0
BRDA:25,1,0,0
BRDA:25,1,1,0
BRF:3
BRH:0
end_of_record
TN:
SF:src\components\RegisterForm.tsx
FN:10,RegisterForm
FN:18,(anonymous_1)
FN:115,(anonymous_2)
FN:128,(anonymous_3)
FN:141,(anonymous_4)
FN:157,(anonymous_5)
FNF:6
FNH:0
FNDA:0,RegisterForm
FNDA:0,(anonymous_1)
FNDA:0,(anonymous_2)
FNDA:0,(anonymous_3)
FNDA:0,(anonymous_4)
FNDA:0,(anonymous_5)
DA:1,0
DA:2,0
DA:3,0
DA:10,0
DA:11,0
DA:12,0
DA:13,0
DA:14,0
DA:15,0
DA:16,0
DA:18,0
DA:19,0
DA:20,0
DA:23,0
DA:24,0
DA:25,0
DA:28,0
DA:29,0
DA:30,0
DA:33,0
DA:34,0
DA:35,0
DA:38,0
DA:39,0
DA:40,0
DA:44,0
DA:45,0
DA:46,0
DA:49,0
DA:50,0
DA:51,0
DA:54,0
DA:55,0
DA:56,0
DA:59,0
DA:60,0
DA:61,0
DA:64,0
DA:65,0
DA:66,0
DA:69,0
DA:70,0
DA:71,0
DA:74,0
DA:76,0
DA:78,0
DA:81,0
DA:82,0
DA:85,0
DA:88,0
DA:90,0
DA:94,0
DA:115,0
DA:128,0
DA:141,0
DA:157,0
LF:56
LH:0
BRDA:23,0,0,0
BRDA:23,0,1,0
BRDA:23,1,0,0
BRDA:23,1,1,0
BRDA:23,1,2,0
BRDA:23,1,3,0
BRDA:28,2,0,0
BRDA:28,2,1,0
BRDA:28,3,0,0
BRDA:28,3,1,0
BRDA:33,4,0,0
BRDA:33,4,1,0
BRDA:38,5,0,0
BRDA:38,5,1,0
BRDA:44,6,0,0
BRDA:44,6,1,0
BRDA:49,7,0,0
BRDA:49,7,1,0
BRDA:54,8,0,0
BRDA:54,8,1,0
BRDA:59,9,0,0
BRDA:59,9,1,0
BRDA:64,10,0,0
BRDA:64,10,1,0
BRDA:69,11,0,0
BRDA:69,11,1,0
BRDA:81,12,0,0
BRDA:81,12,1,0
BRDA:88,13,0,0
BRDA:88,13,1,0
BRDA:102,14,0,0
BRDA:102,14,1,0
BRDA:169,15,0,0
BRDA:169,15,1,0
BRF:34
BRH:0
end_of_record
TN:
SF:src\components\SearchBar.tsx
FN:12,SearchBar
FN:23,(anonymous_1)
FN:31,(anonymous_2)
FN:36,(anonymous_3)
FN:39,(anonymous_4)
FN:44,(anonymous_5)
FN:58,(anonymous_6)
FNF:7
FNH:1
FNDA:28,SearchBar
FNDA:0,(anonymous_1)
FNDA:0,(anonymous_2)
FNDA:0,(anonymous_3)
FNDA:0,(anonymous_4)
FNDA:0,(anonymous_5)
FNDA:0,(anonymous_6)
DA:1,3
DA:2,3
DA:19,28
DA:20,28
DA:23,28
DA:24,0
DA:26,0
DA:27,0
DA:30,0
DA:31,0
DA:32,0
DA:33,0
DA:36,0
DA:39,28
DA:40,0
DA:41,0
DA:44,28
DA:45,0
DA:46,0
DA:47,0
DA:51,28
DA:58,0
DA:83,3
LF:23
LH:9
BRDA:14,0,0,0
BRDA:15,1,0,4
BRDA:16,2,0,28
BRDA:17,3,0,28
BRDA:24,4,0,0
BRDA:24,4,1,0
BRDA:46,5,0,0
BRDA:46,5,1,0
BRDA:62,6,0,0
BRDA:62,6,1,0
BRDA:63,7,0,0
BRDA:63,7,1,0
BRDA:63,7,2,0
BRDA:74,8,0,0
BRDA:74,8,1,0
BRDA:74,8,2,0
BRDA:76,9,0,0
BRDA:76,9,1,0
BRF:18
BRH:3
end_of_record
TN:
SF:src\components\VoteButtons.tsx
FN:15,VoteButtons
FN:16,(anonymous_2)
FN:25,(anonymous_3)
FNF:3
FNH:3
FNDA:24,VoteButtons
FNDA:3,(anonymous_2)
FNDA:3,(anonymous_3)
DA:1,5
DA:2,5
DA:16,24
DA:17,3
DA:18,3
DA:19,1
DA:20,2
DA:21,2
DA:25,24
DA:26,3
DA:27,3
DA:28,1
DA:29,2
DA:30,2
DA:34,24
DA:61,5
LF:16
LH:16
BRDA:15,0,0,9
BRDA:15,1,0,23
BRDA:15,2,0,24
BRDA:17,3,0,0
BRDA:17,3,1,3
BRDA:18,4,0,1
BRDA:18,4,1,2
BRDA:20,5,0,2
BRDA:20,5,1,0
BRDA:26,6,0,0
BRDA:26,6,1,3
BRDA:27,7,0,1
BRDA:27,7,1,2
BRDA:29,8,0,2
BRDA:29,8,1,0
BRDA:35,9,0,1
BRDA:35,9,1,23
BRDA:35,10,0,0
BRDA:35,10,1,24
BRDA:37,11,0,3
BRDA:37,11,1,21
BRDA:41,12,0,0
BRDA:41,12,1,24
BRDA:45,13,0,3
BRDA:45,13,1,21
BRDA:45,14,0,3
BRDA:45,14,1,18
BRDA:49,15,0,3
BRDA:49,15,1,21
BRDA:53,16,0,0
BRDA:53,16,1,24
BRF:31
BRH:24
end_of_record
TN:
SF:src\context\ThemeContext.tsx
FN:12,(anonymous_0)
FN:24,(anonymous_1)
FN:25,(anonymous_2)
FN:30,(anonymous_3)
FN:35,(anonymous_4)
FN:36,(anonymous_5)
FNF:6
FNH:0
FNDA:0,(anonymous_0)
FNDA:0,(anonymous_1)
FNDA:0,(anonymous_2)
FNDA:0,(anonymous_3)
FNDA:0,(anonymous_4)
FNDA:0,(anonymous_5)
DA:1,0
DA:10,0
DA:12,0
DA:13,0
DA:14,0
DA:15,0
DA:17,0
DA:24,0
DA:25,0
DA:26,0
DA:27,0
DA:30,0
DA:31,0
DA:32,0
DA:35,0
DA:36,0
DA:39,0
LF:17
LH:0
BRDA:14,0,0,0
BRDA:14,0,1,0
BRDA:27,1,0,0
BRDA:27,1,1,0
BRDA:36,2,0,0
BRDA:36,2,1,0
BRF:6
BRH:0
end_of_record
TN:
SF:src\pages\AuthPage.tsx
FN:8,AuthPage
FN:12,(anonymous_2)
FN:22,(anonymous_3)
FN:34,(anonymous_4)
FN:39,(anonymous_5)
FNF:5
FNH:0
FNDA:0,AuthPage
FNDA:0,(anonymous_2)
FNDA:0,(anonymous_3)
FNDA:0,(anonymous_4)
FNDA:0,(anonymous_5)
DA:1,0
DA:2,0
DA:3,0
DA:4,0
DA:8,0
DA:9,0
DA:10,0
DA:12,0
DA:14,0
DA:16,0
DA:17,0
DA:18,0
DA:22,0
DA:24,0
DA:25,0
DA:26,0
DA:29,0
DA:34,0
DA:39,0
LF:19
LH:0
BRDA:14,0,0,0
BRDA:14,0,1,0
BRDA:14,1,0,0
BRDA:14,1,1,0
BRDA:16,2,0,0
BRDA:16,2,1,0
BRDA:24,3,0,0
BRDA:24,3,1,0
BRDA:31,4,0,0
BRDA:31,4,1,0
BRF:10
BRH:0
end_of_record
TN:
SF:src\pages\CommunitiesPage.tsx
FN:9,CommunitiesPage
FN:17,(anonymous_2)
FN:22,(anonymous_3)
FN:29,(anonymous_4)
FN:37,(anonymous_5)
FN:59,(anonymous_6)
FN:76,(anonymous_7)
FN:96,(anonymous_8)
FN:119,(anonymous_9)
FN:149,(anonymous_10)
FN:161,(anonymous_11)
FNF:11
FNH:1
FNDA:29,CommunitiesPage
FNDA:0,(anonymous_2)
FNDA:0,(anonymous_3)
FNDA:0,(anonymous_4)
FNDA:0,(anonymous_5)
FNDA:0,(anonymous_6)
FNDA:0,(anonymous_7)
FNDA:0,(anonymous_8)
FNDA:0,(anonymous_9)
FNDA:0,(anonymous_10)
FNDA:0,(anonymous_11)
DA:1,1
DA:2,1
DA:3,1
DA:4,1
DA:6,1
DA:7,1
DA:10,29
DA:11,28
DA:12,28
DA:13,28
DA:14,28
DA:15,28
DA:17,28
DA:18,0
DA:22,28
DA:23,0
DA:24,0
DA:29,28
DA:30,0
DA:31,0
DA:32,0
DA:33,0
DA:34,0
DA:37,0
DA:46,0
DA:48,0
DA:49,0
DA:52,0
DA:53,0
DA:55,0
DA:59,28
DA:60,0
DA:62,0
DA:64,0
DA:65,0
DA:69,0
DA:70,0
DA:71,0
DA:72,0
DA:73,0
DA:76,0
DA:85,0
DA:86,0
DA:88,0
DA:89,0
DA:90,0
DA:92,0
DA:96,28
DA:97,0
DA:99,0
DA:101,0
DA:104,0
DA:105,0
DA:107,0
DA:108,0
DA:112,28
DA:119,0
DA:149,0
DA:161,0
DA:168,1
LF:60
LH:19
BRDA:23,0,0,0
BRDA:23,0,1,0
BRDA:34,1,0,0
BRDA:34,1,1,0
BRDA:41,2,0,0
BRDA:41,2,1,0
BRDA:42,3,0,0
BRDA:42,3,1,0
BRDA:42,3,2,0
BRDA:42,3,3,0
BRDA:43,4,0,0
BRDA:43,4,1,0
BRDA:48,5,0,0
BRDA:48,5,1,0
BRDA:62,6,0,0
BRDA:62,6,1,0
BRDA:73,7,0,0
BRDA:73,7,1,0
BRDA:80,8,0,0
BRDA:80,8,1,0
BRDA:81,9,0,0
BRDA:81,9,1,0
BRDA:81,9,2,0
BRDA:81,9,3,0
BRDA:82,10,0,0
BRDA:82,10,1,0
BRDA:108,11,0,0
BRDA:108,11,1,0
BRDA:133,12,0,0
BRDA:133,12,1,0
BRDA:137,13,0,0
BRDA:137,13,1,0
BRDA:146,14,0,0
BRDA:146,14,1,0
BRDA:146,15,0,0
BRDA:146,15,1,0
BRF:36
BRH:0
end_of_record
TN:
SF:src\pages\CommunityPage.tsx
FN:10,CommunityPage
FN:24,(anonymous_11)
FN:34,(anonymous_12)
FN:41,(anonymous_13)
FN:45,(anonymous_14)
FN:59,(anonymous_15)
FN:85,(anonymous_16)
FN:134,(anonymous_17)
FN:152,(anonymous_18)
FN:161,(anonymous_19)
FN:169,(anonymous_20)
FN:175,(anonymous_21)
FN:193,(anonymous_22)
FN:201,(anonymous_23)
FN:216,(anonymous_24)
FN:221,(anonymous_25)
FN:271,(anonymous_26)
FN:282,(anonymous_27)
FN:316,(anonymous_28)
FNF:19
FNH:2
FNDA:33,CommunityPage
FNDA:32,(anonymous_11)
FNDA:0,(anonymous_12)
FNDA:0,(anonymous_13)
FNDA:0,(anonymous_14)
FNDA:0,(anonymous_15)
FNDA:0,(anonymous_16)
FNDA:0,(anonymous_17)
FNDA:0,(anonymous_18)
FNDA:0,(anonymous_19)
FNDA:0,(anonymous_20)
FNDA:0,(anonymous_21)
FNDA:0,(anonymous_22)
FNDA:0,(anonymous_23)
FNDA:0,(anonymous_24)
FNDA:0,(anonymous_25)
FNDA:0,(anonymous_26)
FNDA:0,(anonymous_27)
FNDA:0,(anonymous_28)
DA:1,1
DA:2,1
DA:3,1
DA:4,1
DA:5,1
DA:7,1
DA:8,1
DA:11,33
DA:13,32
DA:14,32
DA:15,32
DA:16,32
DA:17,32
DA:18,32
DA:19,32
DA:20,32
DA:21,32
DA:24,32
DA:25,32
DA:26,0
DA:27,0
DA:28,0
DA:29,0
DA:31,0
DA:34,32
DA:35,0
DA:36,0
DA:37,0
DA:41,32
DA:42,0
DA:43,0
DA:44,0
DA:45,0
DA:53,0
DA:55,0
DA:59,32
DA:60,0
DA:62,0
DA:63,0
DA:65,0
DA:67,0
DA:69,0
DA:78,0
DA:79,0
DA:82,0
DA:83,0
DA:85,0
DA:102,0
DA:104,0
DA:105,0
DA:107,0
DA:111,32
DA:112,32
DA:121,0
DA:122,0
DA:134,0
DA:135,0
DA:137,0
DA:138,0
DA:139,0
DA:142,0
DA:143,0
DA:145,0
DA:147,0
DA:148,0
DA:152,0
DA:155,0
DA:158,0
DA:161,0
DA:162,0
DA:163,0
DA:164,0
DA:167,0
DA:168,0
DA:170,0
DA:174,0
DA:175,0
DA:177,0
DA:179,0
DA:182,0
DA:189,0
DA:191,0
DA:192,0
DA:194,0
DA:197,0
DA:201,0
DA:202,0
DA:204,0
DA:205,0
DA:208,0
DA:209,0
DA:211,0
DA:212,0
DA:216,0
DA:217,0
DA:221,0
DA:222,0
DA:226,0
DA:229,0
DA:232,0
DA:235,0
DA:237,0
DA:241,0
DA:271,0
DA:282,0
DA:316,0
DA:327,1
LF:107
LH:25
BRDA:25,0,0,32
BRDA:25,0,1,0
BRDA:27,1,0,0
BRDA:27,1,1,0
BRDA:35,2,0,0
BRDA:35,2,1,0
BRDA:44,3,0,0
BRDA:44,3,1,0
BRDA:49,4,0,0
BRDA:49,4,1,0
BRDA:50,5,0,0
BRDA:50,5,1,0
BRDA:50,5,2,0
BRDA:50,5,3,0
BRDA:51,6,0,0
BRDA:51,6,1,0
BRDA:60,7,0,0
BRDA:60,7,1,0
BRDA:73,8,0,0
BRDA:73,8,1,0
BRDA:74,9,0,0
BRDA:74,9,1,0
BRDA:74,9,2,0
BRDA:74,9,3,0
BRDA:75,10,0,0
BRDA:75,10,1,0
BRDA:83,11,0,0
BRDA:83,11,1,0
BRDA:87,12,0,0
BRDA:87,12,1,0
BRDA:89,13,0,0
BRDA:89,13,1,0
BRDA:90,14,0,0
BRDA:90,14,1,0
BRDA:90,14,2,0
BRDA:91,15,0,0
BRDA:91,15,1,0
BRDA:91,15,2,0
BRDA:92,16,0,0
BRDA:92,16,1,0
BRDA:93,17,0,0
BRDA:93,17,1,0
BRDA:94,18,0,0
BRDA:94,18,1,0
BRDA:96,19,0,0
BRDA:96,19,1,0
BRDA:96,19,2,0
BRDA:97,20,0,0
BRDA:97,20,1,0
BRDA:97,20,2,0
BRDA:98,21,0,0
BRDA:98,21,1,0
BRDA:99,22,0,0
BRDA:99,22,1,0
BRDA:111,23,0,32
BRDA:111,23,1,0
BRDA:121,24,0,0
BRDA:121,24,1,0
BRDA:121,25,0,0
BRDA:121,25,1,0
BRDA:125,26,0,0
BRDA:125,26,1,0
BRDA:135,27,0,0
BRDA:135,27,1,0
BRDA:139,28,0,0
BRDA:139,28,1,0
BRDA:143,29,0,0
BRDA:143,29,1,0
BRDA:145,30,0,0
BRDA:145,30,1,0
BRDA:147,31,0,0
BRDA:147,31,1,0
BRDA:162,32,0,0
BRDA:162,32,1,0
BRDA:163,33,0,0
BRDA:163,33,1,0
BRDA:170,34,0,0
BRDA:170,34,1,0
BRDA:170,35,0,0
BRDA:170,35,1,0
BRDA:177,36,0,0
BRDA:177,36,1,0
BRDA:194,37,0,0
BRDA:194,37,1,0
BRDA:194,38,0,0
BRDA:194,38,1,0
BRDA:197,39,0,0
BRDA:197,39,1,0
BRDA:202,40,0,0
BRDA:202,40,1,0
BRDA:212,41,0,0
BRDA:212,41,1,0
BRDA:222,42,0,0
BRDA:222,42,1,0
BRDA:222,42,2,0
BRDA:222,42,3,0
BRDA:222,42,4,0
BRDA:222,42,5,0
BRDA:226,43,0,0
BRDA:226,43,1,0
BRDA:226,44,0,0
BRDA:226,44,1,0
BRDA:235,45,0,0
BRDA:235,45,1,0
BRDA:235,46,0,0
BRDA:235,46,1,0
BRDA:257,47,0,0
BRDA:257,47,1,0
BRDA:260,48,0,0
BRDA:260,48,1,0
BRDA:273,49,0,0
BRDA:273,49,1,0
BRDA:277,50,0,0
BRDA:277,50,1,0
BRF:114
BRH:2
end_of_record
TN:
SF:src\pages\HomePage.tsx
FN:13,(anonymous_1)
FN:30,HomePage
FN:40,(anonymous_3)
FN:41,(anonymous_4)
FN:98,(anonymous_5)
FN:103,(anonymous_6)
FN:108,(anonymous_7)
FN:129,(anonymous_8)
FN:158,(anonymous_9)
FN:166,(anonymous_10)
FN:188,(anonymous_11)
FN:203,(anonymous_12)
FN:211,(anonymous_13)
FN:219,(anonymous_14)
FN:269,(anonymous_15)
FNF:15
FNH:1
FNDA:0,(anonymous_1)
FNDA:21,HomePage
FNDA:0,(anonymous_3)
FNDA:0,(anonymous_4)
FNDA:0,(anonymous_5)
FNDA:0,(anonymous_6)
FNDA:0,(anonymous_7)
FNDA:0,(anonymous_8)
FNDA:0,(anonymous_9)
FNDA:0,(anonymous_10)
FNDA:0,(anonymous_11)
FNDA:0,(anonymous_12)
FNDA:0,(anonymous_13)
FNDA:0,(anonymous_14)
FNDA:0,(anonymous_15)
DA:1,1
DA:2,1
DA:3,1
DA:4,1
DA:5,1
DA:6,1
DA:8,1
DA:13,1
DA:31,21
DA:32,20
DA:33,20
DA:34,20
DA:35,20
DA:36,20
DA:37,20
DA:38,20
DA:40,20
DA:41,0
DA:42,0
DA:45,0
DA:46,0
DA:47,0
DA:50,0
DA:51,0
DA:52,0
DA:53,0
DA:55,0
DA:56,0
DA:57,0
DA:58,0
DA:60,0
DA:63,0
DA:64,0
DA:65,0
DA:68,0
DA:69,0
DA:72,0
DA:74,0
DA:75,0
DA:82,0
DA:83,0
DA:84,0
DA:85,0
DA:87,0
DA:89,0
DA:91,0
DA:95,0
DA:98,20
DA:99,0
DA:100,0
DA:103,20
DA:104,0
DA:108,20
DA:109,0
DA:113,0
DA:116,0
DA:119,0
DA:122,0
DA:124,0
DA:129,20
DA:130,0
DA:131,0
DA:133,0
DA:134,0
DA:136,0
DA:140,0
DA:141,0
DA:142,0
DA:143,0
DA:144,0
DA:145,0
DA:146,0
DA:147,0
DA:148,0
DA:150,0
DA:151,0
DA:152,0
DA:154,0
DA:158,20
DA:159,0
DA:160,0
DA:161,0
DA:164,0
DA:165,0
DA:167,0
DA:171,0
DA:172,0
DA:174,0
DA:177,0
DA:184,0
DA:186,0
DA:187,0
DA:189,0
DA:192,0
DA:196,20
DA:203,0
DA:211,0
DA:219,0
DA:269,0
DA:306,1
LF:100
LH:24
BRDA:15,0,0,0
BRDA:15,0,1,0
BRDA:17,1,0,0
BRDA:17,1,1,0
BRDA:18,2,0,0
BRDA:18,2,1,0
BRDA:18,2,2,0
BRDA:19,3,0,0
BRDA:19,3,1,0
BRDA:19,3,2,0
BRDA:20,4,0,0
BRDA:20,4,1,0
BRDA:21,5,0,0
BRDA:21,5,1,0
BRDA:22,6,0,0
BRDA:22,6,1,0
BRDA:24,7,0,0
BRDA:24,7,1,0
BRDA:24,7,2,0
BRDA:25,8,0,0
BRDA:25,8,1,0
BRDA:25,8,2,0
BRDA:26,9,0,0
BRDA:26,9,1,0
BRDA:27,10,0,0
BRDA:27,10,1,0
BRDA:45,11,0,0
BRDA:45,11,1,0
BRDA:55,12,0,0
BRDA:55,12,1,0
BRDA:57,13,0,0
BRDA:57,13,1,0
BRDA:64,14,0,0
BRDA:64,14,1,0
BRDA:68,15,0,0
BRDA:68,15,1,0
BRDA:68,16,0,0
BRDA:68,16,1,0
BRDA:82,17,0,0
BRDA:82,17,1,0
BRDA:84,18,0,0
BRDA:84,18,1,0
BRDA:84,19,0,0
BRDA:84,19,1,0
BRDA:87,20,0,0
BRDA:87,20,1,0
BRDA:109,21,0,0
BRDA:109,21,1,0
BRDA:109,21,2,0
BRDA:109,21,3,0
BRDA:109,21,4,0
BRDA:109,21,5,0
BRDA:113,22,0,0
BRDA:113,22,1,0
BRDA:113,23,0,0
BRDA:113,23,1,0
BRDA:122,24,0,0
BRDA:122,24,1,0
BRDA:122,25,0,0
BRDA:122,25,1,0
BRDA:133,26,0,0
BRDA:133,26,1,0
BRDA:146,27,0,0
BRDA:146,27,1,0
BRDA:159,28,0,0
BRDA:159,28,1,0
BRDA:160,29,0,0
BRDA:160,29,1,0
BRDA:167,30,0,0
BRDA:167,30,1,0
BRDA:167,31,0,0
BRDA:167,31,1,0
BRDA:172,32,0,0
BRDA:172,32,1,0
BRDA:189,33,0,0
BRDA:189,33,1,0
BRDA:189,34,0,0
BRDA:189,34,1,0
BRDA:192,35,0,0
BRDA:192,35,1,0
BRDA:202,36,0,0
BRDA:202,36,1,0
BRDA:210,37,0,0
BRDA:210,37,1,0
BRDA:218,38,0,0
BRDA:218,38,1,0
BRDA:234,39,0,0
BRDA:234,39,1,0
BRDA:246,40,0,0
BRDA:246,40,1,0
BRDA:250,41,0,0
BRDA:250,41,1,0
BRDA:252,42,0,0
BRDA:252,42,1,0
BRDA:254,43,0,0
BRDA:254,43,1,0
BRDA:261,44,0,0
BRDA:261,44,1,0
BRDA:261,45,0,0
BRDA:261,45,1,0
BRDA:265,46,0,0
BRDA:265,46,1,0
BRDA:275,47,0,0
BRDA:275,47,1,0
BRDA:277,48,0,0
BRDA:277,48,1,0
BRF:106
BRH:0
end_of_record
TN:
SF:src\pages\PostPage.tsx
FN:17,PostPage
FN:30,(anonymous_11)
FN:31,(anonymous_12)
FN:61,(anonymous_13)
FN:104,(anonymous_14)
FN:108,(anonymous_15)
FN:115,(anonymous_16)
FN:138,(anonymous_17)
FN:149,(anonymous_18)
FN:169,(anonymous_19)
FN:181,(anonymous_20)
FN:198,(anonymous_21)
FN:211,(anonymous_22)
FN:246,(anonymous_23)
FN:263,(anonymous_24)
FN:270,(anonymous_25)
FN:271,(anonymous_26)
FN:336,(anonymous_27)
FN:355,(anonymous_28)
FN:373,(anonymous_29)
FNF:20
FNH:0
FNDA:0,PostPage
FNDA:0,(anonymous_11)
FNDA:0,(anonymous_12)
FNDA:0,(anonymous_13)
FNDA:0,(anonymous_14)
FNDA:0,(anonymous_15)
FNDA:0,(anonymous_16)
FNDA:0,(anonymous_17)
FNDA:0,(anonymous_18)
FNDA:0,(anonymous_19)
FNDA:0,(anonymous_20)
FNDA:0,(anonymous_21)
FNDA:0,(anonymous_22)
FNDA:0,(anonymous_23)
FNDA:0,(anonymous_24)
FNDA:0,(anonymous_25)
FNDA:0,(anonymous_26)
FNDA:0,(anonymous_27)
FNDA:0,(anonymous_28)
FNDA:0,(anonymous_29)
DA:1,0
DA:2,0
DA:3,0
DA:4,0
DA:5,0
DA:6,0
DA:7,0
DA:9,0
DA:10,0
DA:11,0
DA:18,0
DA:19,0
DA:20,0
DA:21,0
DA:22,0
DA:23,0
DA:24,0
DA:25,0
DA:26,0
DA:27,0
DA:30,0
DA:31,0
DA:32,0
DA:34,0
DA:35,0
DA:37,0
DA:39,0
DA:42,0
DA:43,0
DA:61,0
DA:73,0
DA:74,0
DA:75,0
DA:78,0
DA:79,0
DA:82,0
DA:83,0
DA:84,0
DA:86,0
DA:89,0
DA:90,0
DA:93,0
DA:94,0
DA:96,0
DA:100,0
DA:104,0
DA:105,0
DA:106,0
DA:108,0
DA:109,0
DA:110,0
DA:111,0
DA:113,0
DA:115,0
DA:116,0
DA:117,0
DA:120,0
DA:121,0
DA:123,0
DA:126,0
DA:129,0
DA:130,0
DA:135,0
DA:138,0
DA:139,0
DA:140,0
DA:141,0
DA:142,0
DA:145,0
DA:146,0
DA:148,0
DA:149,0
DA:151,0
DA:152,0
DA:154,0
DA:161,0
DA:163,0
DA:164,0
DA:165,0
DA:169,0
DA:170,0
DA:172,0
DA:173,0
DA:180,0
DA:181,0
DA:191,0
DA:193,0
DA:194,0
DA:198,0
DA:199,0
DA:200,0
DA:202,0
DA:203,0
DA:210,0
DA:211,0
DA:221,0
DA:222,0
DA:223,0
DA:225,0
DA:226,0
DA:230,0
DA:231,0
DA:242,0
DA:243,0
DA:246,0
DA:260,0
DA:263,0
DA:270,0
DA:271,0
DA:337,0
DA:338,0
DA:339,0
DA:355,0
DA:374,0
DA:383,0
LF:115
LH:0
BRDA:32,0,0,0
BRDA:32,0,1,0
BRDA:45,1,0,0
BRDA:45,1,1,0
BRDA:47,2,0,0
BRDA:47,2,1,0
BRDA:48,3,0,0
BRDA:48,3,1,0
BRDA:48,3,2,0
BRDA:49,4,0,0
BRDA:49,4,1,0
BRDA:49,4,2,0
BRDA:50,5,0,0
BRDA:50,5,1,0
BRDA:51,6,0,0
BRDA:51,6,1,0
BRDA:51,6,2,0
BRDA:52,7,0,0
BRDA:52,7,1,0
BRDA:52,7,2,0
BRDA:53,8,0,0
BRDA:53,8,1,0
BRDA:54,9,0,0
BRDA:54,9,1,0
BRDA:54,9,2,0
BRDA:55,10,0,0
BRDA:55,10,1,0
BRDA:55,10,2,0
BRDA:56,11,0,0
BRDA:56,11,1,0
BRDA:57,12,0,0
BRDA:57,12,1,0
BRDA:64,13,0,0
BRDA:64,13,1,0
BRDA:65,14,0,0
BRDA:65,14,1,0
BRDA:66,15,0,0
BRDA:66,15,1,0
BRDA:67,16,0,0
BRDA:67,16,1,0
BRDA:68,17,0,0
BRDA:68,17,1,0
BRDA:69,18,0,0
BRDA:69,18,1,0
BRDA:74,19,0,0
BRDA:74,19,1,0
BRDA:74,20,0,0
BRDA:74,20,1,0
BRDA:82,21,0,0
BRDA:82,21,1,0
BRDA:90,22,0,0
BRDA:90,22,1,0
BRDA:113,23,0,0
BRDA:113,23,1,0
BRDA:115,24,0,0
BRDA:115,24,1,0
BRDA:121,25,0,0
BRDA:121,25,1,0
BRDA:139,26,0,0
BRDA:139,26,1,0
BRDA:141,27,0,0
BRDA:141,27,1,0
BRDA:146,28,0,0
BRDA:146,28,1,0
BRDA:151,29,0,0
BRDA:151,29,1,0
BRDA:164,30,0,0
BRDA:164,30,1,0
BRDA:165,31,0,0
BRDA:165,31,1,0
BRDA:170,32,0,0
BRDA:170,32,1,0
BRDA:184,33,0,0
BRDA:184,33,1,0
BRDA:187,34,0,0
BRDA:187,34,1,0
BRDA:189,35,0,0
BRDA:189,35,1,0
BRDA:191,36,0,0
BRDA:191,36,1,0
BRDA:194,37,0,0
BRDA:194,37,1,0
BRDA:200,38,0,0
BRDA:200,38,1,0
BRDA:200,39,0,0
BRDA:200,39,1,0
BRDA:214,40,0,0
BRDA:214,40,1,0
BRDA:217,41,0,0
BRDA:217,41,1,0
BRDA:219,42,0,0
BRDA:219,42,1,0
BRDA:221,43,0,0
BRDA:221,43,1,0
BRDA:226,44,0,0
BRDA:226,44,1,0
BRDA:230,45,0,0
BRDA:230,45,1,0
BRDA:242,46,0,0
BRDA:242,46,1,0
BRDA:242,47,0,0
BRDA:242,47,1,0
BRDA:250,48,0,0
BRDA:250,48,1,0
BRDA:269,49,0,0
BRDA:269,49,1,0
BRDA:270,50,0,0
BRDA:270,50,1,0
BRDA:271,51,0,0
BRDA:271,51,1,0
BRDA:289,52,0,0
BRDA:289,52,1,0
BRDA:289,52,2,0
BRDA:298,53,0,0
BRDA:298,53,1,0
BRDA:299,54,0,0
BRDA:299,54,1,0
BRDA:308,55,0,0
BRDA:308,55,1,0
BRDA:315,56,0,0
BRDA:315,56,1,0
BRDA:318,57,0,0
BRDA:318,57,1,0
BRDA:322,58,0,0
BRDA:322,58,1,0
BRDA:337,59,0,0
BRDA:337,59,1,0
BRDA:351,60,0,0
BRDA:351,60,1,0
BRDA:374,61,0,0
BRDA:374,61,1,0
BRF:131
BRH:0
end_of_record
TN:
SF:src\pages\SavedPostsPage.tsx
FN:8,SavedPostsPage
FN:17,(anonymous_2)
FN:21,(anonymous_3)
FN:29,(anonymous_4)
FN:55,(anonymous_5)
FN:72,(anonymous_6)
FN:73,(anonymous_7)
FN:77,(anonymous_8)
FN:78,(anonymous_9)
FN:78,(anonymous_10)
FN:83,(anonymous_11)
FN:90,(anonymous_12)
FN:95,(anonymous_13)
FN:167,(anonymous_14)
FN:180,(anonymous_15)
FN:190,(anonymous_16)
FNF:16
FNH:0
FNDA:0,SavedPostsPage
FNDA:0,(anonymous_2)
FNDA:0,(anonymous_3)
FNDA:0,(anonymous_4)
FNDA:0,(anonymous_5)
FNDA:0,(anonymous_6)
FNDA:0,(anonymous_7)
FNDA:0,(anonymous_8)
FNDA:0,(anonymous_9)
FNDA:0,(anonymous_10)
FNDA:0,(anonymous_11)
FNDA:0,(anonymous_12)
FNDA:0,(anonymous_13)
FNDA:0,(anonymous_14)
FNDA:0,(anonymous_15)
FNDA:0,(anonymous_16)
DA:1,0
DA:2,0
DA:4,0
DA:5,0
DA:6,0
DA:9,0
DA:10,0
DA:11,0
DA:12,0
DA:13,0
DA:14,0
DA:15,0
DA:17,0
DA:18,0
DA:21,0
DA:22,0
DA:23,0
DA:24,0
DA:25,0
DA:27,0
DA:29,0
DA:50,0
DA:51,0
DA:54,0
DA:55,0
DA:56,0
DA:58,0
DA:61,0
DA:62,0
DA:63,0
DA:65,0
DA:68,0
DA:72,0
DA:73,0
DA:76,0
DA:77,0
DA:78,0
DA:83,0
DA:84,0
DA:85,0
DA:86,0
DA:90,0
DA:91,0
DA:95,0
DA:96,0
DA:100,0
DA:103,0
DA:106,0
DA:109,0
DA:111,0
DA:115,0
DA:116,0
DA:126,0
DA:127,0
DA:140,0
DA:168,0
DA:180,0
DA:190,0
DA:204,0
LF:59
LH:0
BRDA:27,0,0,0
BRDA:27,0,1,0
BRDA:40,1,0,0
BRDA:40,1,1,0
BRDA:40,1,2,0
BRDA:41,2,0,0
BRDA:41,2,1,0
BRDA:41,2,2,0
BRDA:42,3,0,0
BRDA:42,3,1,0
BRDA:42,3,2,0
BRDA:43,4,0,0
BRDA:43,4,1,0
BRDA:44,5,0,0
BRDA:44,5,1,0
BRDA:45,6,0,0
BRDA:45,6,1,0
BRDA:47,7,0,0
BRDA:47,7,1,0
BRDA:62,8,0,0
BRDA:62,8,1,0
BRDA:62,9,0,0
BRDA:62,9,1,0
BRDA:65,10,0,0
BRDA:65,10,1,0
BRDA:76,11,0,0
BRDA:76,11,1,0
BRDA:84,12,0,0
BRDA:84,12,1,0
BRDA:84,13,0,0
BRDA:84,13,1,0
BRDA:96,14,0,0
BRDA:96,14,1,0
BRDA:96,14,2,0
BRDA:96,14,3,0
BRDA:96,14,4,0
BRDA:96,14,5,0
BRDA:100,15,0,0
BRDA:100,15,1,0
BRDA:100,16,0,0
BRDA:100,16,1,0
BRDA:109,17,0,0
BRDA:109,17,1,0
BRDA:109,18,0,0
BRDA:109,18,1,0
BRDA:115,19,0,0
BRDA:115,19,1,0
BRDA:115,20,0,0
BRDA:115,20,1,0
BRDA:126,21,0,0
BRDA:126,21,1,0
BRDA:145,22,0,0
BRDA:145,22,1,0
BRDA:147,23,0,0
BRDA:147,23,1,0
BRDA:151,24,0,0
BRDA:151,24,1,0
BRDA:171,25,0,0
BRDA:171,25,1,0
BRDA:177,26,0,0
BRDA:177,26,1,0
BRF:61
BRH:0
end_of_record
TN:
SF:src\pages\SearchPage.tsx
FN:36,SearchPage
FN:46,(anonymous_2)
FN:63,(anonymous_3)
FN:70,(anonymous_4)
FN:85,(anonymous_5)
FN:106,(anonymous_6)
FN:110,(anonymous_7)
FN:118,(anonymous_8)
FN:138,(anonymous_9)
FN:146,(anonymous_10)
FN:153,(anonymous_11)
FN:172,(anonymous_12)
FN:180,(anonymous_13)
FN:184,(anonymous_14)
FN:207,(anonymous_15)
FN:213,(anonymous_16)
FN:219,(anonymous_17)
FN:248,(anonymous_18)
FN:264,(anonymous_19)
FN:269,(anonymous_20)
FN:276,(anonymous_21)
FNF:21
FNH:0
FNDA:0,SearchPage
FNDA:0,(anonymous_2)
FNDA:0,(anonymous_3)
FNDA:0,(anonymous_4)
FNDA:0,(anonymous_5)
FNDA:0,(anonymous_6)
FNDA:0,(anonymous_7)
FNDA:0,(anonymous_8)
FNDA:0,(anonymous_9)
FNDA:0,(anonymous_10)
FNDA:0,(anonymous_11)
FNDA:0,(anonymous_12)
FNDA:0,(anonymous_13)
FNDA:0,(anonymous_14)
FNDA:0,(anonymous_15)
FNDA:0,(anonymous_16)
FNDA:0,(anonymous_17)
FNDA:0,(anonymous_18)
FNDA:0,(anonymous_19)
FNDA:0,(anonymous_20)
FNDA:0,(anonymous_21)
DA:1,0
DA:2,0
DA:3,0
DA:4,0
DA:6,0
DA:7,0
DA:37,0
DA:38,0
DA:39,0
DA:40,0
DA:41,0
DA:42,0
DA:43,0
DA:46,0
DA:63,0
DA:64,0
DA:65,0
DA:66,0
DA:67,0
DA:70,0
DA:71,0
DA:72,0
DA:74,0
DA:75,0
DA:76,0
DA:77,0
DA:78,0
DA:80,0
DA:83,0
DA:84,0
DA:85,0
DA:89,0
DA:91,0
DA:94,0
DA:95,0
DA:96,0
DA:97,0
DA:99,0
DA:103,0
DA:106,0
DA:107,0
DA:110,0
DA:111,0
DA:112,0
DA:113,0
DA:116,0
DA:117,0
DA:119,0
DA:123,0
DA:124,0
DA:125,0
DA:127,0
DA:134,0
DA:136,0
DA:137,0
DA:139,0
DA:142,0
DA:146,0
DA:147,0
DA:148,0
DA:149,0
DA:152,0
DA:154,0
DA:158,0
DA:159,0
DA:160,0
DA:162,0
DA:169,0
DA:171,0
DA:173,0
DA:176,0
DA:180,0
DA:181,0
DA:183,0
DA:184,0
DA:185,0
DA:190,0
DA:192,0
DA:207,0
DA:213,0
DA:219,0
DA:249,0
DA:265,0
DA:269,0
DA:276,0
DA:318,0
LF:86
LH:0
BRDA:48,0,0,0
BRDA:48,0,1,0
BRDA:50,1,0,0
BRDA:50,1,1,0
BRDA:51,2,0,0
BRDA:51,2,1,0
BRDA:51,2,2,0
BRDA:52,3,0,0
BRDA:52,3,1,0
BRDA:52,3,2,0
BRDA:53,4,0,0
BRDA:53,4,1,0
BRDA:54,5,0,0
BRDA:54,5,1,0
BRDA:55,6,0,0
BRDA:55,6,1,0
BRDA:57,7,0,0
BRDA:57,7,1,0
BRDA:57,7,2,0
BRDA:58,8,0,0
BRDA:58,8,1,0
BRDA:58,8,2,0
BRDA:59,9,0,0
BRDA:59,9,1,0
BRDA:60,10,0,0
BRDA:60,10,1,0
BRDA:64,11,0,0
BRDA:64,11,1,0
BRDA:75,12,0,0
BRDA:75,12,1,0
BRDA:75,13,0,0
BRDA:75,13,1,0
BRDA:77,14,0,0
BRDA:77,14,1,0
BRDA:83,15,0,0
BRDA:83,15,1,0
BRDA:83,16,0,0
BRDA:83,16,1,0
BRDA:85,17,0,0
BRDA:85,17,1,0
BRDA:87,18,0,0
BRDA:87,18,1,0
BRDA:111,19,0,0
BRDA:111,19,1,0
BRDA:112,20,0,0
BRDA:112,20,1,0
BRDA:119,21,0,0
BRDA:119,21,1,0
BRDA:119,22,0,0
BRDA:119,22,1,0
BRDA:124,23,0,0
BRDA:124,23,1,0
BRDA:139,24,0,0
BRDA:139,24,1,0
BRDA:139,25,0,0
BRDA:139,25,1,0
BRDA:142,26,0,0
BRDA:142,26,1,0
BRDA:148,27,0,0
BRDA:148,27,1,0
BRDA:154,28,0,0
BRDA:154,28,1,0
BRDA:159,29,0,0
BRDA:159,29,1,0
BRDA:173,30,0,0
BRDA:173,30,1,0
BRDA:176,31,0,0
BRDA:176,31,1,0
BRDA:181,32,0,0
BRDA:181,32,1,0
BRDA:185,33,0,0
BRDA:185,33,1,0
BRDA:206,34,0,0
BRDA:206,34,1,0
BRDA:212,35,0,0
BRDA:212,35,1,0
BRDA:218,36,0,0
BRDA:218,36,1,0
BRDA:225,37,0,0
BRDA:225,37,1,0
BRDA:229,38,0,0
BRDA:229,38,1,0
BRDA:233,39,0,0
BRDA:233,39,1,0
BRDA:237,40,0,0
BRDA:237,40,1,0
BRDA:244,41,0,0
BRDA:244,41,1,0
BRDA:244,41,2,0
BRDA:244,41,3,0
BRDA:253,42,0,0
BRDA:253,42,1,0
BRDA:260,43,0,0
BRDA:260,43,1,0
BRDA:260,43,2,0
BRDA:260,43,3,0
BRDA:268,44,0,0
BRDA:268,44,1,0
BRDA:269,45,0,0
BRDA:269,45,1,0
BRDA:275,46,0,0
BRDA:275,46,1,0
BRDA:276,47,0,0
BRDA:276,47,1,0
BRDA:292,48,0,0
BRDA:292,48,1,0
BRDA:300,49,0,0
BRDA:300,49,1,0
BRF:108
BRH:0
end_of_record
TN:
SF:src\pages\SettingsPage.tsx
FN:8,SettingsPage
FN:25,(anonymous_1)
FN:27,(anonymous_2)
FN:28,(anonymous_3)
FN:49,(anonymous_4)
FN:55,(anonymous_5)
FN:62,(anonymous_6)
FN:68,(anonymous_7)
FN:90,(anonymous_8)
FN:137,(anonymous_9)
FN:184,(anonymous_10)
FN:187,(anonymous_11)
FN:210,(anonymous_12)
FN:216,(anonymous_13)
FN:222,(anonymous_14)
FN:225,(anonymous_15)
FN:236,(anonymous_16)
FN:248,(anonymous_17)
FN:261,(anonymous_18)
FNF:19
FNH:0
FNDA:0,SettingsPage
FNDA:0,(anonymous_1)
FNDA:0,(anonymous_2)
FNDA:0,(anonymous_3)
FNDA:0,(anonymous_4)
FNDA:0,(anonymous_5)
FNDA:0,(anonymous_6)
FNDA:0,(anonymous_7)
FNDA:0,(anonymous_8)
FNDA:0,(anonymous_9)
FNDA:0,(anonymous_10)
FNDA:0,(anonymous_11)
FNDA:0,(anonymous_12)
FNDA:0,(anonymous_13)
FNDA:0,(anonymous_14)
FNDA:0,(anonymous_15)
FNDA:0,(anonymous_16)
FNDA:0,(anonymous_17)
FNDA:0,(anonymous_18)
DA:1,0
DA:2,0
DA:3,0
DA:4,0
DA:6,0
DA:8,0
DA:9,0
DA:10,0
DA:11,0
DA:13,0
DA:14,0
DA:15,0
DA:16,0
DA:17,0
DA:18,0
DA:19,0
DA:21,0
DA:22,0
DA:24,0
DA:25,0
DA:27,0
DA:28,0
DA:29,0
DA:31,0
DA:32,0
DA:33,0
DA:34,0
DA:37,0
DA:38,0
DA:39,0
DA:41,0
DA:43,0
DA:46,0
DA:49,0
DA:50,0
DA:51,0
DA:52,0
DA:55,0
DA:56,0
DA:57,0
DA:58,0
DA:59,0
DA:62,0
DA:63,0
DA:64,0
DA:65,0
DA:68,0
DA:69,0
DA:70,0
DA:71,0
DA:72,0
DA:74,0
DA:75,0
DA:76,0
DA:77,0
DA:78,0
DA:79,0
DA:80,0
DA:81,0
DA:83,0
DA:84,0
DA:86,0
DA:90,0
DA:91,0
DA:92,0
DA:93,0
DA:94,0
DA:95,0
DA:96,0
DA:97,0
DA:99,0
DA:100,0
DA:102,0
DA:106,0
DA:107,0
DA:116,0
DA:137,0
DA:184,0
DA:188,0
DA:189,0
DA:190,0
DA:191,0
DA:193,0
DA:194,0
DA:210,0
DA:216,0
DA:222,0
DA:226,0
DA:227,0
DA:228,0
DA:229,0
DA:230,0
DA:231,0
DA:232,0
DA:233,0
DA:234,0
DA:235,0
DA:236,0
DA:238,0
DA:239,0
DA:248,0
DA:261,0
LF:102
LH:0
BRDA:38,0,0,0
BRDA:38,0,1,0
BRDA:39,1,0,0
BRDA:39,1,1,0
BRDA:50,2,0,0
BRDA:50,2,1,0
BRDA:51,3,0,0
BRDA:51,3,1,0
BRDA:70,4,0,0
BRDA:70,4,1,0
BRDA:83,5,0,0
BRDA:83,5,1,0
BRDA:91,6,0,0
BRDA:91,6,1,0
BRDA:99,7,0,0
BRDA:99,7,1,0
BRDA:106,8,0,0
BRDA:106,8,1,0
BRDA:121,9,0,0
BRDA:121,9,1,0
BRDA:127,10,0,0
BRDA:127,10,1,0
BRDA:135,11,0,0
BRDA:135,11,1,0
BRDA:141,12,0,0
BRDA:141,12,1,0
BRDA:144,13,0,0
BRDA:144,13,1,0
BRDA:193,14,0,0
BRDA:193,14,1,0
BRDA:196,15,0,0
BRDA:196,15,1,0
BRDA:230,16,0,0
BRDA:230,16,1,0
BRDA:231,17,0,0
BRDA:231,17,1,0
BRDA:231,18,0,0
BRDA:231,18,1,0
BRDA:231,18,2,0
BRDA:231,18,3,0
BRDA:238,19,0,0
BRDA:238,19,1,0
BRDA:241,20,0,0
BRDA:241,20,1,0
BRDA:264,21,0,0
BRDA:264,21,1,0
BRDA:265,22,0,0
BRDA:265,22,1,0
BRF:48
BRH:0
end_of_record
TN:
SF:src\pages\UserProfilePage.tsx
FN:16,UserProfilePage
FN:27,(anonymous_2)
FN:35,(anonymous_3)
FN:62,(anonymous_4)
FN:75,(anonymous_5)
FN:84,(anonymous_6)
FN:85,(anonymous_7)
FN:152,(anonymous_8)
FNF:8
FNH:0
FNDA:0,UserProfilePage
FNDA:0,(anonymous_2)
FNDA:0,(anonymous_3)
FNDA:0,(anonymous_4)
FNDA:0,(anonymous_5)
FNDA:0,(anonymous_6)
FNDA:0,(anonymous_7)
FNDA:0,(anonymous_8)
DA:1,0
DA:2,0
DA:3,0
DA:4,0
DA:5,0
DA:17,0
DA:18,0
DA:19,0
DA:20,0
DA:21,0
DA:22,0
DA:23,0
DA:24,0
DA:25,0
DA:27,0
DA:28,0
DA:29,0
DA:30,0
DA:31,0
DA:35,0
DA:36,0
DA:37,0
DA:38,0
DA:41,0
DA:42,0
DA:51,0
DA:54,0
DA:55,0
DA:56,0
DA:58,0
DA:62,0
DA:63,0
DA:64,0
DA:68,0
DA:69,0
DA:71,0
DA:75,0
DA:76,0
DA:77,0
DA:78,0
DA:80,0
DA:84,0
DA:85,0
DA:88,0
DA:89,0
DA:98,0
DA:99,0
DA:108,0
DA:153,0
DA:193,0
LF:50
LH:0
BRDA:28,0,0,0
BRDA:28,0,1,0
BRDA:41,1,0,0
BRDA:41,1,1,0
BRDA:41,2,0,0
BRDA:41,2,1,0
BRDA:47,3,0,0
BRDA:47,3,1,0
BRDA:55,4,0,0
BRDA:55,4,1,0
BRDA:55,4,2,0
BRDA:78,5,0,0
BRDA:78,5,1,0
BRDA:85,6,0,0
BRDA:85,6,1,0
BRDA:88,7,0,0
BRDA:88,7,1,0
BRDA:98,8,0,0
BRDA:98,8,1,0
BRDA:98,9,0,0
BRDA:98,9,1,0
BRDA:102,10,0,0
BRDA:102,10,1,0
BRDA:113,11,0,0
BRDA:113,11,1,0
BRDA:124,12,0,0
BRDA:124,12,1,0
BRDA:126,13,0,0
BRDA:126,13,1,0
BRDA:150,14,0,0
BRDA:150,14,1,0
BRDA:162,15,0,0
BRDA:162,15,1,0
BRDA:166,16,0,0
BRDA:166,16,1,0
BRF:35
BRH:0
end_of_record
TN:
SF:src\services\api.ts
FN:12,(anonymous_1)
FN:21,(anonymous_2)
FN:28,(anonymous_3)
FN:29,(anonymous_4)
FN:138,(anonymous_5)
FN:145,(anonymous_6)
FN:152,(anonymous_7)
FN:157,(anonymous_8)
FN:162,(anonymous_9)
FN:167,(anonymous_10)
FN:172,(anonymous_11)
FN:179,(anonymous_12)
FN:184,(anonymous_13)
FN:189,(anonymous_14)
FN:196,(anonymous_15)
FN:203,(anonymous_16)
FN:208,(anonymous_17)
FN:213,(anonymous_18)
FN:218,(anonymous_19)
FN:222,(anonymous_20)
FN:229,(anonymous_21)
FN:239,(anonymous_22)
FN:244,(anonymous_23)
FN:249,(anonymous_24)
FN:256,(anonymous_25)
FN:261,(anonymous_26)
FN:266,(anonymous_27)
FN:273,(anonymous_28)
FN:278,(anonymous_29)
FN:285,(anonymous_30)
FN:290,(anonymous_31)
FN:298,(anonymous_32)
FN:303,(anonymous_33)
FN:310,(anonymous_34)
FN:317,(anonymous_35)
FN:322,(anonymous_36)
FN:327,(anonymous_37)
FN:332,(anonymous_38)
FN:340,(anonymous_39)
FN:345,(anonymous_40)
FN:350,(anonymous_41)
FN:355,(anonymous_42)
FN:362,(anonymous_43)
FN:369,(anonymous_44)
FN:379,(anonymous_45)
FN:386,(anonymous_46)
FN:391,(anonymous_47)
FN:396,(anonymous_48)
FN:401,(anonymous_49)
FNF:49
FNH:0
FNDA:0,(anonymous_1)
FNDA:0,(anonymous_2)
FNDA:0,(anonymous_3)
FNDA:0,(anonymous_4)
FNDA:0,(anonymous_5)
FNDA:0,(anonymous_6)
FNDA:0,(anonymous_7)
FNDA:0,(anonymous_8)
FNDA:0,(anonymous_9)
FNDA:0,(anonymous_10)
FNDA:0,(anonymous_11)
FNDA:0,(anonymous_12)
FNDA:0,(anonymous_13)
FNDA:0,(anonymous_14)
FNDA:0,(anonymous_15)
FNDA:0,(anonymous_16)
FNDA:0,(anonymous_17)
FNDA:0,(anonymous_18)
FNDA:0,(anonymous_19)
FNDA:0,(anonymous_20)
FNDA:0,(anonymous_21)
FNDA:0,(anonymous_22)
FNDA:0,(anonymous_23)
FNDA:0,(anonymous_24)
FNDA:0,(anonymous_25)
FNDA:0,(anonymous_26)
FNDA:0,(anonymous_27)
FNDA:0,(anonymous_28)
FNDA:0,(anonymous_29)
FNDA:0,(anonymous_30)
FNDA:0,(anonymous_31)
FNDA:0,(anonymous_32)
FNDA:0,(anonymous_33)
FNDA:0,(anonymous_34)
FNDA:0,(anonymous_35)
FNDA:0,(anonymous_36)
FNDA:0,(anonymous_37)
FNDA:0,(anonymous_38)
FNDA:0,(anonymous_39)
FNDA:0,(anonymous_40)
FNDA:0,(anonymous_41)
FNDA:0,(anonymous_42)
FNDA:0,(anonymous_43)
FNDA:0,(anonymous_44)
FNDA:0,(anonymous_45)
FNDA:0,(anonymous_46)
FNDA:0,(anonymous_47)
FNDA:0,(anonymous_48)
FNDA:0,(anonymous_49)
DA:1,2
DA:3,2
DA:6,2
DA:11,2
DA:13,0
DA:16,0
DA:17,0
DA:19,0
DA:22,0
DA:27,2
DA:28,0
DA:30,0
DA:32,0
DA:33,0
DA:34,0
DA:35,0
DA:36,0
DA:37,0
DA:38,0
DA:41,0
DA:42,0
DA:45,0
DA:50,2
DA:137,2
DA:139,0
DA:142,0
DA:146,0
DA:149,0
DA:153,0
DA:154,0
DA:158,0
DA:159,0
DA:163,0
DA:164,0
DA:168,0
DA:169,0
DA:173,0
DA:176,0
DA:180,0
DA:181,0
DA:185,0
DA:186,0
DA:190,0
DA:195,2
DA:197,0
DA:200,0
DA:204,0
DA:205,0
DA:209,0
DA:210,0
DA:214,0
DA:215,0
DA:219,0
DA:223,0
DA:226,0
DA:230,0
DA:233,0
DA:238,2
DA:240,0
DA:241,0
DA:245,0
DA:246,0
DA:250,0
DA:253,0
DA:257,0
DA:258,0
DA:262,0
DA:263,0
DA:267,0
DA:272,2
DA:274,0
DA:275,0
DA:279,0
DA:282,0
DA:286,0
DA:287,0
DA:291,0
DA:292,0
DA:297,2
DA:299,0
DA:300,0
DA:304,0
DA:307,0
DA:311,0
DA:314,0
DA:318,0
DA:319,0
DA:323,0
DA:324,0
DA:328,0
DA:329,0
DA:333,0
DA:334,0
DA:339,2
DA:341,0
DA:342,0
DA:346,0
DA:347,0
DA:351,0
DA:352,0
DA:356,0
DA:359,0
DA:363,0
DA:366,0
DA:370,0
DA:373,0
DA:378,2
DA:380,0
DA:383,0
DA:387,0
DA:388,0
DA:392,0
DA:393,0
DA:397,0
DA:398,0
DA:402,0
DA:403,0
LF:117
LH:13
BRDA:13,0,0,0
BRDA:13,0,1,0
BRDA:13,0,2,0
BRDA:16,1,0,0
BRDA:16,1,1,0
BRDA:30,2,0,0
BRDA:30,2,1,0
BRDA:41,3,0,0
BRDA:41,3,1,0
BRDA:138,4,0,0
BRDA:138,5,0,0
BRDA:145,6,0,0
BRDA:145,7,0,0
BRDA:172,8,0,0
BRDA:172,9,0,0
BRDA:196,10,0,0
BRDA:196,11,0,0
BRDA:222,12,0,0
BRDA:222,13,0,0
BRDA:229,14,0,0
BRDA:229,15,0,0
BRDA:249,16,0,0
BRDA:249,17,0,0
BRDA:303,18,0,0
BRDA:303,19,0,0
BRDA:310,20,0,0
BRDA:310,21,0,0
BRDA:355,22,0,0
BRDA:355,23,0,0
BRDA:362,24,0,0
BRDA:362,25,0,0
BRDA:369,26,0,0
BRDA:369,27,0,0
BRDA:379,28,0,0
BRDA:379,29,0,0
BRF:35
BRH:0
end_of_record
TN:
SF:src\services\auth.ts
FN:36,(anonymous_1)
FN:41,(anonymous_2)
FN:52,(anonymous_3)
FN:59,(anonymous_4)
FN:72,(anonymous_5)
FN:82,(anonymous_6)
FN:94,(anonymous_7)
FN:106,(anonymous_8)
FN:118,(anonymous_9)
FN:140,(anonymous_10)
FN:166,(anonymous_11)
FN:168,(anonymous_12)
FN:175,(anonymous_13)
FN:182,(anonymous_14)
FN:183,(anonymous_15)
FN:200,(anonymous_16)
FN:213,(anonymous_17)
FNF:17
FNH:1
FNDA:0,(anonymous_1)
FNDA:0,(anonymous_2)
FNDA:0,(anonymous_3)
FNDA:0,(anonymous_4)
FNDA:0,(anonymous_5)
FNDA:0,(anonymous_6)
FNDA:0,(anonymous_7)
FNDA:0,(anonymous_8)
FNDA:0,(anonymous_9)
FNDA:0,(anonymous_10)
FNDA:1,(anonymous_11)
FNDA:0,(anonymous_12)
FNDA:0,(anonymous_13)
FNDA:0,(anonymous_14)
FNDA:0,(anonymous_15)
FNDA:0,(anonymous_16)
FNDA:0,(anonymous_17)
DA:1,1
DA:3,1
DA:37,0
DA:42,0
DA:43,0
DA:44,0
DA:45,0
DA:47,0
DA:53,0
DA:54,0
DA:55,0
DA:60,0
DA:61,0
DA:62,0
DA:64,0
DA:65,0
DA:67,0
DA:73,0
DA:75,0
DA:76,0
DA:77,0
DA:78,0
DA:83,0
DA:84,0
DA:85,0
DA:86,0
DA:87,0
DA:88,0
DA:89,0
DA:90,0
DA:95,0
DA:96,0
DA:97,0
DA:98,0
DA:100,0
DA:101,0
DA:107,0
DA:108,0
DA:109,0
DA:110,0
DA:112,0
DA:113,0
DA:119,0
DA:120,0
DA:121,0
DA:122,0
DA:135,0
DA:141,0
DA:142,0
DA:143,0
DA:144,0
DA:147,0
DA:154,0
DA:155,0
DA:157,0
DA:159,0
DA:160,0
DA:161,0
DA:167,1
DA:169,0
DA:170,0
DA:171,0
DA:173,0
DA:176,0
DA:181,1
DA:182,0
DA:184,0
DA:186,0
DA:187,0
DA:188,0
DA:190,0
DA:191,0
DA:194,0
DA:201,0
DA:203,0
DA:204,0
DA:205,0
DA:206,0
DA:207,0
DA:209,0
DA:214,0
DA:215,0
DA:219,1
DA:222,1
LF:84
LH:6
BRDA:37,0,0,0
BRDA:37,0,1,0
BRDA:42,1,0,0
BRDA:42,1,1,0
BRDA:43,2,0,0
BRDA:43,2,1,0
BRDA:55,3,0,0
BRDA:55,3,1,0
BRDA:62,4,0,0
BRDA:62,4,1,0
BRDA:72,5,0,0
BRDA:73,6,0,0
BRDA:73,6,1,0
BRDA:100,7,0,0
BRDA:100,7,1,0
BRDA:106,8,0,0
BRDA:112,9,0,0
BRDA:112,9,1,0
BRDA:121,10,0,0
BRDA:121,10,1,0
BRDA:143,11,0,0
BRDA:143,11,1,0
BRDA:154,12,0,0
BRDA:154,12,1,0
BRDA:160,13,0,0
BRDA:160,13,1,0
BRDA:170,14,0,0
BRDA:170,14,1,0
BRDA:184,15,0,0
BRDA:184,15,1,0
BRDA:187,16,0,0
BRDA:187,16,1,0
BRDA:187,17,0,0
BRDA:187,17,1,0
BRDA:204,18,0,0
BRDA:204,18,1,0
BRDA:206,19,0,0
BRDA:206,19,1,0
BRF:38
BRH:0
end_of_record
TN:
SF:src\utils\authGuard.ts
FN:11,requireAuth
FN:28,getRedirectAfterLogin
FN:41,hasExpiredToken
FNF:3
FNH:3
FNDA:3,requireAuth
FNDA:3,getRedirectAfterLogin
FNDA:3,hasExpiredToken
DA:5,1
DA:11,1
DA:12,3
DA:14,2
DA:15,1
DA:19,2
DA:20,2
DA:22,1
DA:28,1
DA:29,3
DA:30,3
DA:31,2
DA:32,2
DA:34,1
DA:41,1
DA:42,3
DA:43,3
DA:46,3
LF:18
LH:18
BRDA:12,0,0,2
BRDA:12,0,1,1
BRDA:14,1,0,1
BRDA:14,1,1,1
BRDA:30,2,0,2
BRDA:30,2,1,1
BRDA:46,3,0,3
BRDA:46,3,1,2
BRF:8
BRH:8
end_of_record
TN:
SF:src\utils\formatMentions.tsx
FN:7,formatMentions
FN:28,(anonymous_1)
FNF:2
FNH:1
FNDA:11,formatMentions
FNDA:0,(anonymous_1)
DA:1,3
DA:7,3
DA:8,11
DA:9,11
DA:10,11
DA:12,11
DA:14,11
DA:15,0
DA:16,0
DA:17,0
DA:20,0
DA:22,0
DA:23,0
DA:28,0
DA:34,0
DA:37,0
DA:40,11
DA:41,11
DA:42,11
DA:45,11
LF:20
LH:11
BRDA:16,0,0,0
BRDA:16,0,1,0
BRDA:22,1,0,0
BRDA:22,1,1,0
BRDA:41,2,0,11
BRDA:41,2,1,0
BRDA:45,3,0,11
BRDA:45,3,1,0
BRF:8
BRH:2
end_of_record
